<?xml version="1.0" encoding="UTF-8"?>
<coverage generated="1766339433453" clover="3.2.0">
  <project timestamp="1766339433453" name="All files">
    <metrics statements="3917" coveredstatements="2516" conditionals="988" coveredconditionals="858" methods="127" coveredmethods="113" elements="5032" coveredelements="3487" complexity="0" loc="3917" ncloc="3917" packages="9" files="26" classes="26"/>
    <package name="xenopurge-gemini">
      <metrics statements="3" coveredstatements="0" conditionals="1" coveredconditionals="1" methods="1" coveredmethods="1"/>
      <file name="dump_map.ts" path="/home/rkj/xenopurge-gemini/dump_map.ts">
        <metrics statements="3" coveredstatements="0" conditionals="1" coveredconditionals="1" methods="1" coveredmethods="1"/>
        <line num="3" count="0" type="stmt"/>
        <line num="4" count="0" type="stmt"/>
        <line num="5" count="0" type="stmt"/>
      </file>
    </package>
    <package name="xenopurge-gemini.src.content">
      <metrics statements="120" coveredstatements="69" conditionals="1" coveredconditionals="1" methods="1" coveredmethods="1"/>
      <file name="spaceHulkTiles.ts" path="/home/rkj/xenopurge-gemini/src/content/spaceHulkTiles.ts">
        <metrics statements="51" coveredstatements="0" conditionals="1" coveredconditionals="1" methods="1" coveredmethods="1"/>
        <line num="3" count="0" type="stmt"/>
        <line num="5" count="0" type="stmt"/>
        <line num="6" count="0" type="stmt"/>
        <line num="7" count="0" type="stmt"/>
        <line num="8" count="0" type="stmt"/>
        <line num="9" count="0" type="stmt"/>
        <line num="10" count="0" type="stmt"/>
        <line num="11" count="0" type="stmt"/>
        <line num="12" count="0" type="stmt"/>
        <line num="14" count="0" type="stmt"/>
        <line num="15" count="0" type="stmt"/>
        <line num="16" count="0" type="stmt"/>
        <line num="17" count="0" type="stmt"/>
        <line num="18" count="0" type="stmt"/>
        <line num="19" count="0" type="stmt"/>
        <line num="20" count="0" type="stmt"/>
        <line num="21" count="0" type="stmt"/>
        <line num="22" count="0" type="stmt"/>
        <line num="24" count="0" type="stmt"/>
        <line num="25" count="0" type="stmt"/>
        <line num="26" count="0" type="stmt"/>
        <line num="27" count="0" type="stmt"/>
        <line num="28" count="0" type="stmt"/>
        <line num="29" count="0" type="stmt"/>
        <line num="30" count="0" type="stmt"/>
        <line num="31" count="0" type="stmt"/>
        <line num="32" count="0" type="stmt"/>
        <line num="34" count="0" type="stmt"/>
        <line num="35" count="0" type="stmt"/>
        <line num="36" count="0" type="stmt"/>
        <line num="37" count="0" type="stmt"/>
        <line num="38" count="0" type="stmt"/>
        <line num="39" count="0" type="stmt"/>
        <line num="40" count="0" type="stmt"/>
        <line num="41" count="0" type="stmt"/>
        <line num="42" count="0" type="stmt"/>
        <line num="43" count="0" type="stmt"/>
        <line num="44" count="0" type="stmt"/>
        <line num="46" count="0" type="stmt"/>
        <line num="47" count="0" type="stmt"/>
        <line num="48" count="0" type="stmt"/>
        <line num="49" count="0" type="stmt"/>
        <line num="50" count="0" type="stmt"/>
        <line num="51" count="0" type="stmt"/>
        <line num="52" count="0" type="stmt"/>
        <line num="53" count="0" type="stmt"/>
        <line num="54" count="0" type="stmt"/>
        <line num="55" count="0" type="stmt"/>
        <line num="56" count="0" type="stmt"/>
        <line num="57" count="0" type="stmt"/>
        <line num="58" count="0" type="stmt"/>
      </file>
      <file name="tiles.ts" path="/home/rkj/xenopurge-gemini/src/content/tiles.ts">
        <metrics statements="69" coveredstatements="69" conditionals="0" coveredconditionals="0" methods="0" coveredmethods="0"/>
        <line num="3" count="1" type="stmt"/>
        <line num="4" count="1" type="stmt"/>
        <line num="5" count="1" type="stmt"/>
        <line num="6" count="1" type="stmt"/>
        <line num="7" count="1" type="stmt"/>
        <line num="8" count="1" type="stmt"/>
        <line num="9" count="1" type="stmt"/>
        <line num="10" count="1" type="stmt"/>
        <line num="11" count="1" type="stmt"/>
        <line num="12" count="1" type="stmt"/>
        <line num="13" count="1" type="stmt"/>
        <line num="14" count="1" type="stmt"/>
        <line num="15" count="1" type="stmt"/>
        <line num="16" count="1" type="stmt"/>
        <line num="17" count="1" type="stmt"/>
        <line num="18" count="1" type="stmt"/>
        <line num="19" count="1" type="stmt"/>
        <line num="20" count="1" type="stmt"/>
        <line num="21" count="1" type="stmt"/>
        <line num="22" count="1" type="stmt"/>
        <line num="23" count="1" type="stmt"/>
        <line num="24" count="1" type="stmt"/>
        <line num="25" count="1" type="stmt"/>
        <line num="26" count="1" type="stmt"/>
        <line num="27" count="1" type="stmt"/>
        <line num="28" count="1" type="stmt"/>
        <line num="29" count="1" type="stmt"/>
        <line num="30" count="1" type="stmt"/>
        <line num="31" count="1" type="stmt"/>
        <line num="32" count="1" type="stmt"/>
        <line num="33" count="1" type="stmt"/>
        <line num="34" count="1" type="stmt"/>
        <line num="35" count="1" type="stmt"/>
        <line num="36" count="1" type="stmt"/>
        <line num="37" count="1" type="stmt"/>
        <line num="38" count="1" type="stmt"/>
        <line num="39" count="1" type="stmt"/>
        <line num="40" count="1" type="stmt"/>
        <line num="41" count="1" type="stmt"/>
        <line num="42" count="1" type="stmt"/>
        <line num="43" count="1" type="stmt"/>
        <line num="44" count="1" type="stmt"/>
        <line num="45" count="1" type="stmt"/>
        <line num="46" count="1" type="stmt"/>
        <line num="47" count="1" type="stmt"/>
        <line num="48" count="1" type="stmt"/>
        <line num="49" count="1" type="stmt"/>
        <line num="50" count="1" type="stmt"/>
        <line num="51" count="1" type="stmt"/>
        <line num="52" count="1" type="stmt"/>
        <line num="53" count="1" type="stmt"/>
        <line num="54" count="1" type="stmt"/>
        <line num="55" count="1" type="stmt"/>
        <line num="56" count="1" type="stmt"/>
        <line num="57" count="1" type="stmt"/>
        <line num="58" count="1" type="stmt"/>
        <line num="59" count="1" type="stmt"/>
        <line num="61" count="1" type="stmt"/>
        <line num="62" count="1" type="stmt"/>
        <line num="64" count="1" type="stmt"/>
        <line num="66" count="1" type="stmt"/>
        <line num="67" count="1" type="stmt"/>
        <line num="68" count="1" type="stmt"/>
        <line num="70" count="1" type="stmt"/>
        <line num="71" count="1" type="stmt"/>
        <line num="72" count="1" type="stmt"/>
        <line num="73" count="1" type="stmt"/>
        <line num="74" count="1" type="stmt"/>
        <line num="75" count="1" type="stmt"/>
      </file>
    </package>
    <package name="xenopurge-gemini.src.engine">
      <metrics statements="1692" coveredstatements="1341" conditionals="592" coveredconditionals="504" methods="65" coveredmethods="58"/>
      <file name="CoreEngine.ts" path="/home/rkj/xenopurge-gemini/src/engine/CoreEngine.ts">
        <metrics statements="595" coveredstatements="451" conditionals="205" coveredconditionals="160" methods="16" coveredmethods="15"/>
        <line num="1" count="1" type="stmt"/>
        <line num="2" count="1" type="stmt"/>
        <line num="3" count="1" type="stmt"/>
        <line num="4" count="1" type="stmt"/>
        <line num="5" count="1" type="stmt"/>
        <line num="6" count="1" type="stmt"/>
        <line num="8" count="1" type="stmt"/>
        <line num="10" count="1" type="stmt"/>
        <line num="11" count="1" type="cond" truecount="1" falsecount="0"/>
        <line num="12" count="17" type="stmt"/>
        <line num="13" count="17" type="stmt"/>
        <line num="14" count="17" type="stmt"/>
        <line num="15" count="17" type="stmt"/>
        <line num="16" count="17" type="stmt"/>
        <line num="17" count="17" type="stmt"/>
        <line num="19" count="17" type="stmt"/>
        <line num="20" count="17" type="stmt"/>
        <line num="21" count="17" type="stmt"/>
        <line num="23" count="1" type="cond" truecount="1" falsecount="0"/>
        <line num="24" count="17" type="stmt"/>
        <line num="25" count="17" type="stmt"/>
        <line num="26" count="17" type="cond" truecount="2" falsecount="0"/>
        <line num="27" count="17" type="stmt"/>
        <line num="28" count="17" type="stmt"/>
        <line num="29" count="17" type="stmt"/>
        <line num="30" count="17" type="stmt"/>
        <line num="31" count="17" type="stmt"/>
        <line num="33" count="17" type="cond" truecount="2" falsecount="0"/>
        <line num="34" count="4" type="stmt"/>
        <line num="35" count="4" type="stmt"/>
        <line num="36" count="17" type="stmt"/>
        <line num="39" count="17" type="cond" truecount="0" falsecount="1"/>
        <line num="40" count="0" type="stmt"/>
        <line num="41" count="0" type="stmt"/>
        <line num="43" count="0" type="stmt"/>
        <line num="44" count="0" type="stmt"/>
        <line num="45" count="0" type="stmt"/>
        <line num="46" count="0" type="stmt"/>
        <line num="47" count="0" type="stmt"/>
        <line num="48" count="0" type="stmt"/>
        <line num="51" count="0" type="stmt"/>
        <line num="52" count="0" type="stmt"/>
        <line num="53" count="0" type="stmt"/>
        <line num="54" count="0" type="stmt"/>
        <line num="56" count="0" type="stmt"/>
        <line num="57" count="0" type="stmt"/>
        <line num="58" count="0" type="stmt"/>
        <line num="59" count="0" type="stmt"/>
        <line num="60" count="0" type="stmt"/>
        <line num="61" count="0" type="stmt"/>
        <line num="62" count="0" type="stmt"/>
        <line num="63" count="0" type="stmt"/>
        <line num="64" count="0" type="stmt"/>
        <line num="65" count="17" type="cond" truecount="0" falsecount="1"/>
        <line num="66" count="0" type="stmt"/>
        <line num="67" count="0" type="stmt"/>
        <line num="69" count="17" type="stmt"/>
        <line num="70" count="17" type="stmt"/>
        <line num="71" count="17" type="stmt"/>
        <line num="72" count="17" type="stmt"/>
        <line num="73" count="17" type="stmt"/>
        <line num="74" count="17" type="stmt"/>
        <line num="75" count="17" type="stmt"/>
        <line num="76" count="17" type="stmt"/>
        <line num="77" count="17" type="stmt"/>
        <line num="78" count="17" type="stmt"/>
        <line num="79" count="17" type="stmt"/>
        <line num="80" count="17" type="stmt"/>
        <line num="83" count="17" type="cond" truecount="0" falsecount="1"/>
        <line num="84" count="0" type="stmt"/>
        <line num="85" count="0" type="stmt"/>
        <line num="86" count="0" type="stmt"/>
        <line num="87" count="0" type="stmt"/>
        <line num="88" count="0" type="stmt"/>
        <line num="89" count="0" type="stmt"/>
        <line num="90" count="0" type="stmt"/>
        <line num="92" count="0" type="stmt"/>
        <line num="93" count="0" type="stmt"/>
        <line num="94" count="0" type="stmt"/>
        <line num="96" count="0" type="stmt"/>
        <line num="97" count="0" type="stmt"/>
        <line num="98" count="0" type="stmt"/>
        <line num="99" count="0" type="stmt"/>
        <line num="100" count="0" type="stmt"/>
        <line num="101" count="0" type="stmt"/>
        <line num="102" count="0" type="stmt"/>
        <line num="103" count="0" type="stmt"/>
        <line num="104" count="0" type="stmt"/>
        <line num="106" count="0" type="stmt"/>
        <line num="107" count="0" type="stmt"/>
        <line num="108" count="0" type="stmt"/>
        <line num="109" count="0" type="stmt"/>
        <line num="110" count="0" type="stmt"/>
        <line num="111" count="0" type="stmt"/>
        <line num="112" count="0" type="stmt"/>
        <line num="113" count="0" type="stmt"/>
        <line num="116" count="17" type="cond" truecount="0" falsecount="1"/>
        <line num="117" count="17" type="stmt"/>
        <line num="120" count="17" type="stmt"/>
        <line num="121" count="17" type="cond" truecount="1" falsecount="0"/>
        <line num="122" count="12" type="stmt"/>
        <line num="123" count="12" type="cond" truecount="0" falsecount="1"/>
        <line num="125" count="12" type="stmt"/>
        <line num="127" count="12" type="cond" truecount="0" falsecount="1"/>
        <line num="128" count="12" type="cond" truecount="0" falsecount="1"/>
        <line num="130" count="12" type="stmt"/>
        <line num="131" count="12" type="stmt"/>
        <line num="132" count="12" type="stmt"/>
        <line num="133" count="12" type="stmt"/>
        <line num="134" count="12" type="stmt"/>
        <line num="135" count="12" type="stmt"/>
        <line num="136" count="12" type="stmt"/>
        <line num="137" count="12" type="stmt"/>
        <line num="138" count="12" type="stmt"/>
        <line num="139" count="12" type="stmt"/>
        <line num="140" count="12" type="stmt"/>
        <line num="141" count="12" type="stmt"/>
        <line num="142" count="12" type="stmt"/>
        <line num="143" count="17" type="stmt"/>
        <line num="144" count="17" type="stmt"/>
        <line num="146" count="1" type="cond" truecount="1" falsecount="0"/>
        <line num="147" count="17" type="stmt"/>
        <line num="148" count="17" type="stmt"/>
        <line num="150" count="1" type="cond" truecount="1" falsecount="0"/>
        <line num="151" count="31" type="stmt"/>
        <line num="152" count="31" type="stmt"/>
        <line num="154" count="1" type="cond" truecount="1" falsecount="0"/>
        <line num="155" count="11" type="stmt"/>
        <line num="156" count="11" type="stmt"/>
        <line num="158" count="1" type="cond" truecount="1" falsecount="0"/>
        <line num="159" count="23" type="stmt"/>
        <line num="160" count="23" type="stmt"/>
        <line num="162" count="1" type="cond" truecount="1" falsecount="0"/>
        <line num="163" count="11" type="cond" truecount="0" falsecount="1"/>
        <line num="165" count="11" type="cond" truecount="2" falsecount="0"/>
        <line num="166" count="11" type="cond" truecount="1" falsecount="0"/>
        <line num="169" count="2" type="cond" truecount="1" falsecount="0"/>
        <line num="170" count="2" type="stmt"/>
        <line num="171" count="2" type="cond" truecount="0" falsecount="1"/>
        <line num="172" count="0" type="stmt"/>
        <line num="173" count="2" type="stmt"/>
        <line num="174" count="2" type="stmt"/>
        <line num="175" count="2" type="stmt"/>
        <line num="176" count="2" type="stmt"/>
        <line num="177" count="2" type="stmt"/>
        <line num="178" count="11" type="cond" truecount="1" falsecount="0"/>
        <line num="180" count="9" type="cond" truecount="1" falsecount="0"/>
        <line num="181" count="9" type="cond" truecount="1" falsecount="0"/>
        <line num="182" count="9" type="stmt"/>
        <line num="183" count="9" type="cond" truecount="0" falsecount="1"/>
        <line num="184" count="0" type="stmt"/>
        <line num="185" count="9" type="stmt"/>
        <line num="186" count="9" type="stmt"/>
        <line num="187" count="9" type="stmt"/>
        <line num="188" count="9" type="stmt"/>
        <line num="189" count="9" type="stmt"/>
        <line num="190" count="9" type="stmt"/>
        <line num="191" count="9" type="stmt"/>
        <line num="192" count="11" type="cond" truecount="0" falsecount="1"/>
        <line num="193" count="0" type="stmt"/>
        <line num="194" count="0" type="stmt"/>
        <line num="195" count="0" type="stmt"/>
        <line num="196" count="0" type="stmt"/>
        <line num="197" count="0" type="stmt"/>
        <line num="198" count="0" type="stmt"/>
        <line num="199" count="0" type="stmt"/>
        <line num="200" count="0" type="stmt"/>
        <line num="201" count="0" type="stmt"/>
        <line num="202" count="0" type="stmt"/>
        <line num="203" count="0" type="stmt"/>
        <line num="204" count="0" type="stmt"/>
        <line num="205" count="11" type="stmt"/>
        <line num="207" count="1" type="cond" truecount="1" falsecount="0"/>
        <line num="208" count="24" type="cond" truecount="1" falsecount="0"/>
        <line num="209" count="21" type="stmt"/>
        <line num="211" count="21" type="stmt"/>
        <line num="213" count="21" type="cond" truecount="1" falsecount="0"/>
        <line num="214" count="8" type="stmt"/>
        <line num="215" count="8" type="stmt"/>
        <line num="216" count="21" type="stmt"/>
        <line num="217" count="21" type="stmt"/>
        <line num="218" count="21" type="stmt"/>
        <line num="219" count="21" type="stmt"/>
        <line num="220" count="21" type="cond" truecount="1" falsecount="0"/>
        <line num="221" count="20" type="stmt"/>
        <line num="222" count="20" type="stmt"/>
        <line num="223" count="20" type="cond" truecount="0" falsecount="1"/>
        <line num="224" count="20" type="cond" truecount="0" falsecount="1"/>
        <line num="225" count="20" type="stmt"/>
        <line num="226" count="20" type="stmt"/>
        <line num="227" count="21" type="cond" truecount="1" falsecount="0"/>
        <line num="229" count="1" type="stmt"/>
        <line num="230" count="1" type="cond" truecount="0" falsecount="1"/>
        <line num="231" count="1" type="cond" truecount="0" falsecount="1"/>
        <line num="232" count="1" type="stmt"/>
        <line num="233" count="1" type="stmt"/>
        <line num="234" count="1" type="stmt"/>
        <line num="235" count="1" type="stmt"/>
        <line num="236" count="1" type="cond" truecount="0" falsecount="1"/>
        <line num="237" count="0" type="stmt"/>
        <line num="238" count="0" type="stmt"/>
        <line num="239" count="0" type="stmt"/>
        <line num="240" count="0" type="stmt"/>
        <line num="241" count="0" type="stmt"/>
        <line num="242" count="21" type="stmt"/>
        <line num="243" count="24" type="cond" truecount="2" falsecount="0"/>
        <line num="244" count="2" type="stmt"/>
        <line num="245" count="2" type="stmt"/>
        <line num="247" count="2" type="stmt"/>
        <line num="248" count="2" type="stmt"/>
        <line num="250" count="2" type="stmt"/>
        <line num="251" count="3" type="cond" truecount="1" falsecount="0"/>
        <line num="252" count="1" type="stmt"/>
        <line num="253" count="1" type="stmt"/>
        <line num="254" count="24" type="stmt"/>
        <line num="257" count="1" type="cond" truecount="1" falsecount="0"/>
        <line num="258" count="186" type="stmt"/>
        <line num="259" count="186" type="stmt"/>
        <line num="260" count="186" type="stmt"/>
        <line num="261" count="186" type="stmt"/>
        <line num="264" count="1" type="cond" truecount="1" falsecount="0"/>
        <line num="265" count="6" type="stmt"/>
        <line num="266" count="6" type="cond" truecount="1" falsecount="0"/>
        <line num="267" count="12" type="stmt"/>
        <line num="268" count="12" type="stmt"/>
        <line num="269" count="12" type="stmt"/>
        <line num="270" count="12" type="stmt"/>
        <line num="271" count="12" type="cond" truecount="0" falsecount="1"/>
        <line num="272" count="0" type="stmt"/>
        <line num="273" count="0" type="stmt"/>
        <line num="274" count="0" type="stmt"/>
        <line num="275" count="6" type="stmt"/>
        <line num="277" count="6" type="stmt"/>
        <line num="278" count="6" type="cond" truecount="1" falsecount="0"/>
        <line num="279" count="24" type="cond" truecount="3" falsecount="0"/>
        <line num="280" count="22" type="stmt"/>
        <line num="281" count="22" type="stmt"/>
        <line num="282" count="6" type="stmt"/>
        <line num="283" count="6" type="stmt"/>
        <line num="284" count="6" type="stmt"/>
        <line num="287" count="1" type="cond" truecount="1" falsecount="0"/>
        <line num="288" count="3" type="stmt"/>
        <line num="289" count="3" type="stmt"/>
        <line num="291" count="3" type="cond" truecount="1" falsecount="0"/>
        <line num="292" count="3" type="stmt"/>
        <line num="293" count="3" type="stmt"/>
        <line num="294" count="3" type="stmt"/>
        <line num="295" count="3" type="cond" truecount="0" falsecount="1"/>
        <line num="297" count="0" type="stmt"/>
        <line num="298" count="0" type="stmt"/>
        <line num="299" count="0" type="stmt"/>
        <line num="300" count="0" type="stmt"/>
        <line num="301" count="0" type="stmt"/>
        <line num="302" count="3" type="cond" truecount="0" falsecount="1"/>
        <line num="303" count="0" type="stmt"/>
        <line num="304" count="3" type="stmt"/>
        <line num="307" count="1" type="cond" truecount="1" falsecount="0"/>
        <line num="308" count="3" type="stmt"/>
        <line num="309" count="3" type="stmt"/>
        <line num="310" count="3" type="cond" truecount="1" falsecount="0"/>
        <line num="311" count="3" type="stmt"/>
        <line num="312" count="3" type="stmt"/>
        <line num="313" count="3" type="stmt"/>
        <line num="314" count="3" type="stmt"/>
        <line num="315" count="3" type="cond" truecount="0" falsecount="1"/>
        <line num="316" count="0" type="stmt"/>
        <line num="317" count="3" type="stmt"/>
        <line num="320" count="1" type="cond" truecount="1" falsecount="0"/>
        <line num="321" count="7" type="stmt"/>
        <line num="322" count="7" type="stmt"/>
        <line num="325" count="7" type="stmt"/>
        <line num="326" count="7" type="cond" truecount="2" falsecount="0"/>
        <line num="327" count="7" type="cond" truecount="1" falsecount="0"/>
        <line num="329" count="7" type="stmt"/>
        <line num="332" count="7" type="cond" truecount="1" falsecount="0"/>
        <line num="333" count="17" type="cond" truecount="1" falsecount="0"/>
        <line num="334" count="55" type="stmt"/>
        <line num="336" count="55" type="cond" truecount="1" falsecount="0"/>
        <line num="337" count="34" type="stmt"/>
        <line num="340" count="34" type="cond" truecount="1" falsecount="0"/>
        <line num="342" count="34" type="cond" truecount="1" falsecount="0"/>
        <line num="343" count="33" type="stmt"/>
        <line num="344" count="33" type="cond" truecount="1" falsecount="0"/>
        <line num="345" count="10" type="stmt"/>
        <line num="346" count="10" type="stmt"/>
        <line num="347" count="10" type="stmt"/>
        <line num="348" count="33" type="stmt"/>
        <line num="349" count="34" type="stmt"/>
        <line num="350" count="55" type="stmt"/>
        <line num="351" count="55" type="stmt"/>
        <line num="354" count="7" type="cond" truecount="0" falsecount="1"/>
        <line num="356" count="0" type="stmt"/>
        <line num="357" count="0" type="stmt"/>
        <line num="358" count="0" type="stmt"/>
        <line num="359" count="0" type="stmt"/>
        <line num="360" count="0" type="stmt"/>
        <line num="361" count="0" type="stmt"/>
        <line num="362" count="0" type="stmt"/>
        <line num="363" count="0" type="stmt"/>
        <line num="364" count="0" type="stmt"/>
        <line num="365" count="0" type="stmt"/>
        <line num="366" count="0" type="stmt"/>
        <line num="367" count="0" type="stmt"/>
        <line num="368" count="0" type="stmt"/>
        <line num="370" count="7" type="stmt"/>
        <line num="371" count="7" type="stmt"/>
        <line num="374" count="1" type="cond" truecount="1" falsecount="0"/>
        <line num="375" count="11" type="cond" truecount="1" falsecount="0"/>
        <line num="376" count="11" type="stmt"/>
        <line num="377" count="11" type="stmt"/>
        <line num="380" count="1" type="stmt"/>
        <line num="381" count="0" type="stmt"/>
        <line num="382" count="0" type="stmt"/>
        <line num="384" count="1" type="cond" truecount="1" falsecount="0"/>
        <line num="385" count="162" type="cond" truecount="2" falsecount="0"/>
        <line num="387" count="125" type="stmt"/>
        <line num="390" count="125" type="stmt"/>
        <line num="391" count="125" type="stmt"/>
        <line num="394" count="125" type="cond" truecount="1" falsecount="0"/>
        <line num="396" count="4" type="cond" truecount="0" falsecount="1"/>
        <line num="399" count="4" type="cond" truecount="2" falsecount="0"/>
        <line num="400" count="1" type="stmt"/>
        <line num="401" count="1" type="stmt"/>
        <line num="402" count="1" type="stmt"/>
        <line num="403" count="1" type="stmt"/>
        <line num="404" count="1" type="stmt"/>
        <line num="405" count="1" type="stmt"/>
        <line num="406" count="1" type="stmt"/>
        <line num="407" count="1" type="cond" truecount="1" falsecount="0"/>
        <line num="409" count="3" type="stmt"/>
        <line num="410" count="3" type="stmt"/>
        <line num="412" count="3" type="stmt"/>
        <line num="413" count="3" type="cond" truecount="2" falsecount="1"/>
        <line num="415" count="2" type="stmt"/>
        <line num="416" count="2" type="stmt"/>
        <line num="417" count="2" type="stmt"/>
        <line num="418" count="4" type="cond" truecount="0" falsecount="1"/>
        <line num="419" count="0" type="stmt"/>
        <line num="420" count="0" type="stmt"/>
        <line num="421" count="0" type="stmt"/>
        <line num="422" count="0" type="stmt"/>
        <line num="423" count="125" type="stmt"/>
        <line num="426" count="125" type="stmt"/>
        <line num="427" count="125" type="cond" truecount="1" falsecount="0"/>
        <line num="428" count="127" type="stmt"/>
        <line num="429" count="127" type="cond" truecount="0" falsecount="1"/>
        <line num="430" count="127" type="cond" truecount="1" falsecount="0"/>
        <line num="431" count="127" type="stmt"/>
        <line num="432" count="125" type="stmt"/>
        <line num="433" count="125" type="stmt"/>
        <line num="436" count="125" type="stmt"/>
        <line num="437" count="125" type="cond" truecount="1" falsecount="0"/>
        <line num="438" count="125" type="stmt"/>
        <line num="441" count="125" type="stmt"/>
        <line num="444" count="125" type="cond" truecount="1" falsecount="0"/>
        <line num="445" count="127" type="cond" truecount="0" falsecount="1"/>
        <line num="448" count="127" type="cond" truecount="1" falsecount="0"/>
        <line num="449" count="12" type="stmt"/>
        <line num="450" count="12" type="stmt"/>
        <line num="451" count="127" type="stmt"/>
        <line num="453" count="127" type="cond" truecount="1" falsecount="0"/>
        <line num="454" count="12" type="stmt"/>
        <line num="455" count="12" type="stmt"/>
        <line num="456" count="12" type="stmt"/>
        <line num="457" count="127" type="cond" truecount="1" falsecount="0"/>
        <line num="460" count="127" type="stmt"/>
        <line num="461" count="127" type="cond" truecount="5" falsecount="0"/>
        <line num="462" count="127" type="cond" truecount="1" falsecount="0"/>
        <line num="464" count="127" type="cond" truecount="2" falsecount="0"/>
        <line num="466" count="1" type="cond" truecount="1" falsecount="0"/>
        <line num="467" count="100" type="stmt"/>
        <line num="468" count="100" type="cond" truecount="2" falsecount="0"/>
        <line num="469" count="1" type="stmt"/>
        <line num="471" count="1" type="stmt"/>
        <line num="472" count="1" type="cond" truecount="1" falsecount="0"/>
        <line num="473" count="99" type="stmt"/>
        <line num="474" count="99" type="stmt"/>
        <line num="475" count="1" type="cond" truecount="1" falsecount="0"/>
        <line num="477" count="1" type="cond" truecount="0" falsecount="3"/>
        <line num="478" count="1" type="stmt"/>
        <line num="479" count="1" type="stmt"/>
        <line num="480" count="1" type="stmt"/>
        <line num="481" count="1" type="stmt"/>
        <line num="482" count="127" type="cond" truecount="2" falsecount="0"/>
        <line num="484" count="9" type="cond" truecount="4" falsecount="0"/>
        <line num="485" count="9" type="cond" truecount="1" falsecount="0"/>
        <line num="486" count="2" type="stmt"/>
        <line num="487" count="2" type="cond" truecount="0" falsecount="3"/>
        <line num="488" count="2" type="stmt"/>
        <line num="489" count="2" type="stmt"/>
        <line num="490" count="2" type="stmt"/>
        <line num="491" count="2" type="stmt"/>
        <line num="492" count="126" type="cond" truecount="1" falsecount="0"/>
        <line num="494" count="117" type="cond" truecount="0" falsecount="3"/>
        <line num="495" count="0" type="stmt"/>
        <line num="496" count="0" type="stmt"/>
        <line num="497" count="117" type="stmt"/>
        <line num="501" count="127" type="cond" truecount="1" falsecount="1"/>
        <line num="502" count="0" type="stmt"/>
        <line num="503" count="0" type="stmt"/>
        <line num="504" count="0" type="stmt"/>
        <line num="505" count="0" type="stmt"/>
        <line num="506" count="127" type="cond" truecount="3" falsecount="0"/>
        <line num="509" count="10" type="stmt"/>
        <line num="512" count="10" type="cond" truecount="2" falsecount="0"/>
        <line num="513" count="1" type="stmt"/>
        <line num="514" count="1" type="stmt"/>
        <line num="515" count="1" type="stmt"/>
        <line num="516" count="1" type="stmt"/>
        <line num="517" count="1" type="stmt"/>
        <line num="518" count="1" type="stmt"/>
        <line num="521" count="10" type="cond" truecount="2" falsecount="0"/>
        <line num="523" count="9" type="stmt"/>
        <line num="524" count="9" type="cond" truecount="0" falsecount="1"/>
        <line num="529" count="0" type="stmt"/>
        <line num="531" count="0" type="stmt"/>
        <line num="532" count="0" type="stmt"/>
        <line num="533" count="0" type="stmt"/>
        <line num="536" count="0" type="stmt"/>
        <line num="537" count="0" type="stmt"/>
        <line num="538" count="0" type="stmt"/>
        <line num="543" count="0" type="stmt"/>
        <line num="544" count="0" type="stmt"/>
        <line num="545" count="0" type="stmt"/>
        <line num="546" count="0" type="stmt"/>
        <line num="548" count="0" type="stmt"/>
        <line num="549" count="0" type="stmt"/>
        <line num="550" count="0" type="stmt"/>
        <line num="551" count="0" type="stmt"/>
        <line num="552" count="0" type="stmt"/>
        <line num="553" count="0" type="stmt"/>
        <line num="554" count="0" type="stmt"/>
        <line num="556" count="0" type="stmt"/>
        <line num="558" count="0" type="stmt"/>
        <line num="559" count="0" type="stmt"/>
        <line num="560" count="0" type="stmt"/>
        <line num="561" count="0" type="stmt"/>
        <line num="562" count="0" type="stmt"/>
        <line num="563" count="0" type="stmt"/>
        <line num="566" count="0" type="stmt"/>
        <line num="567" count="0" type="stmt"/>
        <line num="568" count="0" type="stmt"/>
        <line num="569" count="0" type="stmt"/>
        <line num="570" count="0" type="stmt"/>
        <line num="571" count="0" type="stmt"/>
        <line num="572" count="9" type="stmt"/>
        <line num="575" count="10" type="cond" truecount="3" falsecount="0"/>
        <line num="577" count="7" type="cond" truecount="1" falsecount="0"/>
        <line num="579" count="4" type="stmt"/>
        <line num="580" count="4" type="stmt"/>
        <line num="581" count="4" type="stmt"/>
        <line num="582" count="4" type="cond" truecount="0" falsecount="1"/>
        <line num="584" count="0" type="stmt"/>
        <line num="585" count="0" type="stmt"/>
        <line num="586" count="4" type="stmt"/>
        <line num="588" count="7" type="stmt"/>
        <line num="589" count="7" type="stmt"/>
        <line num="590" count="7" type="stmt"/>
        <line num="591" count="7" type="stmt"/>
        <line num="592" count="7" type="stmt"/>
        <line num="593" count="7" type="stmt"/>
        <line num="594" count="7" type="stmt"/>
        <line num="595" count="8" type="cond" truecount="3" falsecount="0"/>
        <line num="598" count="2" type="stmt"/>
        <line num="599" count="2" type="stmt"/>
        <line num="600" count="2" type="stmt"/>
        <line num="601" count="2" type="cond" truecount="0" falsecount="1"/>
        <line num="602" count="2" type="stmt"/>
        <line num="603" count="2" type="stmt"/>
        <line num="604" count="2" type="stmt"/>
        <line num="605" count="2" type="stmt"/>
        <line num="606" count="10" type="stmt"/>
        <line num="609" count="127" type="stmt"/>
        <line num="610" count="127" type="cond" truecount="1" falsecount="0"/>
        <line num="611" count="70" type="cond" truecount="1" falsecount="0"/>
        <line num="612" count="39" type="stmt"/>
        <line num="614" count="39" type="cond" truecount="2" falsecount="0"/>
        <line num="615" count="2" type="stmt"/>
        <line num="616" count="2" type="stmt"/>
        <line num="617" count="39" type="cond" truecount="0" falsecount="1"/>
        <line num="618" count="0" type="stmt"/>
        <line num="620" count="0" type="stmt"/>
        <line num="621" count="0" type="stmt"/>
        <line num="622" count="0" type="stmt"/>
        <line num="623" count="0" type="stmt"/>
        <line num="624" count="39" type="stmt"/>
        <line num="625" count="127" type="stmt"/>
        <line num="626" count="127" type="stmt"/>
        <line num="629" count="127" type="cond" truecount="2" falsecount="0"/>
        <line num="630" count="124" type="stmt"/>
        <line num="632" count="124" type="cond" truecount="1" falsecount="0"/>
        <line num="634" count="124" type="cond" truecount="3" falsecount="0"/>
        <line num="635" count="2" type="stmt"/>
        <line num="636" count="2" type="stmt"/>
        <line num="637" count="2" type="stmt"/>
        <line num="638" count="2" type="stmt"/>
        <line num="639" count="2" type="stmt"/>
        <line num="640" count="124" type="stmt"/>
        <line num="643" count="125" type="cond" truecount="1" falsecount="0"/>
        <line num="644" count="12" type="stmt"/>
        <line num="645" count="12" type="cond" truecount="1" falsecount="0"/>
        <line num="646" count="9" type="stmt"/>
        <line num="647" count="125" type="stmt"/>
        <line num="650" count="127" type="cond" truecount="1" falsecount="0"/>
        <line num="651" count="3" type="cond" truecount="1" falsecount="0"/>
        <line num="652" count="3" type="cond" truecount="1" falsecount="0"/>
        <line num="653" count="2" type="stmt"/>
        <line num="654" count="3" type="cond" truecount="1" falsecount="0"/>
        <line num="655" count="1" type="stmt"/>
        <line num="656" count="1" type="stmt"/>
        <line num="657" count="1" type="stmt"/>
        <line num="658" count="1" type="cond" truecount="0" falsecount="1"/>
        <line num="659" count="0" type="stmt"/>
        <line num="660" count="0" type="stmt"/>
        <line num="661" count="1" type="stmt"/>
        <line num="662" count="3" type="cond" truecount="2" falsecount="0"/>
        <line num="665" count="125" type="stmt"/>
        <line num="666" count="125" type="stmt"/>
        <line num="667" count="127" type="cond" truecount="2" falsecount="0"/>
        <line num="668" count="127" type="cond" truecount="1" falsecount="0"/>
        <line num="673" count="127" type="cond" truecount="3" falsecount="0"/>
        <line num="675" count="5" type="stmt"/>
        <line num="678" count="5" type="cond" truecount="0" falsecount="1"/>
        <line num="679" count="5" type="stmt"/>
        <line num="680" count="5" type="stmt"/>
        <line num="681" count="5" type="stmt"/>
        <line num="682" count="5" type="stmt"/>
        <line num="684" count="5" type="stmt"/>
        <line num="685" count="5" type="stmt"/>
        <line num="686" count="5" type="cond" truecount="2" falsecount="0"/>
        <line num="689" count="127" type="cond" truecount="4" falsecount="0"/>
        <line num="691" count="99" type="stmt"/>
        <line num="692" count="99" type="stmt"/>
        <line num="693" count="99" type="stmt"/>
        <line num="695" count="99" type="stmt"/>
        <line num="699" count="99" type="stmt"/>
        <line num="700" count="99" type="stmt"/>
        <line num="703" count="99" type="cond" truecount="2" falsecount="0"/>
        <line num="704" count="99" type="cond" truecount="1" falsecount="0"/>
        <line num="709" count="2" type="stmt"/>
        <line num="710" count="99" type="cond" truecount="2" falsecount="0"/>
        <line num="711" count="17" type="stmt"/>
        <line num="712" count="17" type="stmt"/>
        <line num="714" count="17" type="cond" truecount="1" falsecount="0"/>
        <line num="715" count="7" type="stmt"/>
        <line num="716" count="7" type="stmt"/>
        <line num="717" count="7" type="stmt"/>
        <line num="718" count="17" type="cond" truecount="1" falsecount="0"/>
        <line num="719" count="10" type="stmt"/>
        <line num="720" count="10" type="cond" truecount="0" falsecount="1"/>
        <line num="721" count="10" type="cond" truecount="0" falsecount="1"/>
        <line num="722" count="10" type="stmt"/>
        <line num="723" count="10" type="stmt"/>
        <line num="724" count="97" type="cond" truecount="1" falsecount="0"/>
        <line num="725" count="80" type="stmt"/>
        <line num="726" count="80" type="stmt"/>
        <line num="727" count="80" type="stmt"/>
        <line num="728" count="80" type="stmt"/>
        <line num="729" count="127" type="cond" truecount="3" falsecount="0"/>
        <line num="730" count="21" type="stmt"/>
        <line num="731" count="21" type="stmt"/>
        <line num="732" count="125" type="stmt"/>
        <line num="735" count="125" type="cond" truecount="1" falsecount="0"/>
        <line num="736" count="11" type="cond" truecount="2" falsecount="0"/>
        <line num="738" count="10" type="cond" truecount="1" falsecount="0"/>
        <line num="739" count="11" type="stmt"/>
        <line num="740" count="11" type="stmt"/>
        <line num="741" count="10" type="stmt"/>
        <line num="743" count="11" type="cond" truecount="1" falsecount="0"/>
        <line num="744" count="4" type="stmt"/>
        <line num="747" count="4" type="cond" truecount="0" falsecount="1"/>
        <line num="748" count="4" type="stmt"/>
        <line num="749" count="4" type="stmt"/>
        <line num="750" count="4" type="stmt"/>
        <line num="751" count="4" type="stmt"/>
        <line num="752" count="4" type="stmt"/>
        <line num="753" count="125" type="stmt"/>
        <line num="756" count="125" type="cond" truecount="1" falsecount="0"/>
        <line num="757" count="125" type="cond" truecount="1" falsecount="0"/>
        <line num="758" count="127" type="cond" truecount="2" falsecount="0"/>
        <line num="759" count="1" type="stmt"/>
        <line num="760" count="1" type="stmt"/>
        <line num="761" count="125" type="stmt"/>
        <line num="764" count="125" type="cond" truecount="2" falsecount="0"/>
        <line num="765" count="125" type="cond" truecount="1" falsecount="0"/>
        <line num="767" count="162" type="cond" truecount="1" falsecount="0"/>
        <line num="768" count="3" type="cond" truecount="1" falsecount="0"/>
        <line num="769" count="3" type="cond" truecount="2" falsecount="0"/>
        <line num="770" count="2" type="stmt"/>
        <line num="771" count="2" type="cond" truecount="1" falsecount="0"/>
        <line num="772" count="1" type="stmt"/>
        <line num="773" count="1" type="stmt"/>
        <line num="774" count="3" type="stmt"/>
        <line num="775" count="162" type="stmt"/>
        <line num="776" count="1" type="stmt"/>
      </file>
      <file name="Director.ts" path="/home/rkj/xenopurge-gemini/src/engine/Director.ts">
        <metrics statements="49" coveredstatements="49" conditionals="9" coveredconditionals="9" methods="6" coveredmethods="6"/>
        <line num="4" count="1" type="stmt"/>
        <line num="5" count="1" type="cond" truecount="1" falsecount="0"/>
        <line num="6" count="21" type="stmt"/>
        <line num="7" count="21" type="stmt"/>
        <line num="8" count="21" type="stmt"/>
        <line num="10" count="21" type="stmt"/>
        <line num="11" count="21" type="stmt"/>
        <line num="12" count="21" type="stmt"/>
        <line num="13" count="21" type="stmt"/>
        <line num="15" count="1" type="cond" truecount="1" falsecount="0"/>
        <line num="16" count="21" type="stmt"/>
        <line num="17" count="21" type="stmt"/>
        <line num="18" count="21" type="stmt"/>
        <line num="19" count="21" type="stmt"/>
        <line num="21" count="1" type="cond" truecount="1" falsecount="0"/>
        <line num="22" count="152" type="stmt"/>
        <line num="24" count="152" type="cond" truecount="1" falsecount="0"/>
        <line num="25" count="25" type="stmt"/>
        <line num="26" count="25" type="stmt"/>
        <line num="27" count="25" type="stmt"/>
        <line num="28" count="25" type="stmt"/>
        <line num="29" count="152" type="stmt"/>
        <line num="31" count="1" type="cond" truecount="1" falsecount="0"/>
        <line num="32" count="128" type="stmt"/>
        <line num="36" count="128" type="stmt"/>
        <line num="37" count="128" type="stmt"/>
        <line num="38" count="128" type="stmt"/>
        <line num="40" count="1" type="cond" truecount="1" falsecount="0"/>
        <line num="41" count="25" type="stmt"/>
        <line num="43" count="25" type="stmt"/>
        <line num="45" count="1" type="cond" truecount="1" falsecount="0"/>
        <line num="46" count="25" type="cond" truecount="2" falsecount="0"/>
        <line num="49" count="24" type="stmt"/>
        <line num="50" count="24" type="stmt"/>
        <line num="52" count="24" type="stmt"/>
        <line num="53" count="24" type="stmt"/>
        <line num="55" count="24" type="stmt"/>
        <line num="56" count="24" type="stmt"/>
        <line num="57" count="24" type="stmt"/>
        <line num="58" count="24" type="stmt"/>
        <line num="59" count="24" type="stmt"/>
        <line num="60" count="24" type="stmt"/>
        <line num="61" count="24" type="stmt"/>
        <line num="62" count="24" type="stmt"/>
        <line num="63" count="24" type="stmt"/>
        <line num="64" count="24" type="stmt"/>
        <line num="66" count="24" type="stmt"/>
        <line num="67" count="25" type="stmt"/>
        <line num="68" count="1" type="stmt"/>
      </file>
      <file name="GameClient.ts" path="/home/rkj/xenopurge-gemini/src/engine/GameClient.ts">
        <metrics statements="82" coveredstatements="71" conditionals="11" coveredconditionals="10" methods="9" coveredmethods="6"/>
        <line num="1" count="1" type="stmt"/>
        <line num="7" count="1" type="stmt"/>
        <line num="8" count="1" type="cond" truecount="1" falsecount="0"/>
        <line num="9" count="3" type="stmt"/>
        <line num="10" count="3" type="stmt"/>
        <line num="13" count="3" type="stmt"/>
        <line num="14" count="3" type="stmt"/>
        <line num="15" count="3" type="stmt"/>
        <line num="16" count="3" type="stmt"/>
        <line num="17" count="3" type="stmt"/>
        <line num="19" count="1" type="cond" truecount="1" falsecount="0"/>
        <line num="20" count="3" type="stmt"/>
        <line num="22" count="3" type="stmt"/>
        <line num="24" count="3" type="stmt"/>
        <line num="25" count="0" type="stmt"/>
        <line num="26" count="0" type="stmt"/>
        <line num="27" count="0" type="stmt"/>
        <line num="28" count="0" type="stmt"/>
        <line num="29" count="0" type="stmt"/>
        <line num="30" count="0" type="stmt"/>
        <line num="31" count="0" type="stmt"/>
        <line num="32" count="3" type="stmt"/>
        <line num="34" count="1" type="cond" truecount="1" falsecount="0"/>
        <line num="35" count="3" type="stmt"/>
        <line num="36" count="3" type="stmt"/>
        <line num="37" count="3" type="stmt"/>
        <line num="38" count="3" type="stmt"/>
        <line num="39" count="3" type="stmt"/>
        <line num="40" count="3" type="stmt"/>
        <line num="41" count="3" type="stmt"/>
        <line num="42" count="3" type="stmt"/>
        <line num="43" count="3" type="stmt"/>
        <line num="44" count="3" type="stmt"/>
        <line num="45" count="3" type="stmt"/>
        <line num="47" count="3" type="stmt"/>
        <line num="48" count="3" type="cond" truecount="2" falsecount="0"/>
        <line num="50" count="3" type="stmt"/>
        <line num="51" count="3" type="stmt"/>
        <line num="52" count="3" type="stmt"/>
        <line num="54" count="3" type="stmt"/>
        <line num="55" count="3" type="stmt"/>
        <line num="56" count="3" type="stmt"/>
        <line num="57" count="3" type="stmt"/>
        <line num="58" count="3" type="stmt"/>
        <line num="59" count="3" type="stmt"/>
        <line num="61" count="1" type="cond" truecount="1" falsecount="0"/>
        <line num="63" count="1" type="stmt"/>
        <line num="64" count="1" type="stmt"/>
        <line num="66" count="1" type="stmt"/>
        <line num="67" count="1" type="stmt"/>
        <line num="68" count="1" type="stmt"/>
        <line num="69" count="1" type="stmt"/>
        <line num="70" count="1" type="stmt"/>
        <line num="71" count="1" type="stmt"/>
        <line num="73" count="1" type="cond" truecount="1" falsecount="0"/>
        <line num="74" count="2" type="cond" truecount="0" falsecount="1"/>
        <line num="75" count="2" type="stmt"/>
        <line num="76" count="2" type="stmt"/>
        <line num="77" count="2" type="stmt"/>
        <line num="78" count="2" type="stmt"/>
        <line num="79" count="2" type="stmt"/>
        <line num="80" count="2" type="stmt"/>
        <line num="81" count="2" type="stmt"/>
        <line num="83" count="1" type="cond" truecount="1" falsecount="0"/>
        <line num="97" count="1" type="stmt"/>
        <line num="108" count="1" type="cond" truecount="1" falsecount="0"/>
        <line num="109" count="2" type="cond" truecount="1" falsecount="0"/>
        <line num="114" count="2" type="stmt"/>
        <line num="115" count="2" type="stmt"/>
        <line num="116" count="2" type="stmt"/>
        <line num="117" count="2" type="stmt"/>
        <line num="118" count="2" type="stmt"/>
        <line num="119" count="2" type="stmt"/>
        <line num="120" count="1" type="stmt"/>
        <line num="121" count="1" type="stmt"/>
        <line num="123" count="1" type="stmt"/>
        <line num="124" count="0" type="stmt"/>
        <line num="125" count="0" type="stmt"/>
        <line num="127" count="1" type="stmt"/>
        <line num="128" count="0" type="stmt"/>
        <line num="129" count="0" type="stmt"/>
        <line num="130" count="1" type="stmt"/>
      </file>
      <file name="GameGrid.ts" path="/home/rkj/xenopurge-gemini/src/engine/GameGrid.ts">
        <metrics statements="73" coveredstatements="70" conditionals="51" coveredconditionals="48" methods="5" coveredmethods="5"/>
        <line num="1" count="1" type="stmt"/>
        <line num="3" count="1" type="stmt"/>
        <line num="4" count="1" type="cond" truecount="1" falsecount="0"/>
        <line num="5" count="62" type="stmt"/>
        <line num="6" count="62" type="stmt"/>
        <line num="8" count="1" type="cond" truecount="1" falsecount="0"/>
        <line num="9" count="62" type="stmt"/>
        <line num="10" count="62" type="stmt"/>
        <line num="13" count="62" type="cond" truecount="1" falsecount="0"/>
        <line num="14" count="236" type="cond" truecount="1" falsecount="0"/>
        <line num="15" count="1449" type="stmt"/>
        <line num="16" count="1449" type="stmt"/>
        <line num="17" count="1449" type="stmt"/>
        <line num="18" count="236" type="stmt"/>
        <line num="19" count="62" type="stmt"/>
        <line num="21" count="62" type="cond" truecount="1" falsecount="0"/>
        <line num="22" count="1449" type="stmt"/>
        <line num="23" count="1449" type="stmt"/>
        <line num="24" count="1449" type="stmt"/>
        <line num="25" count="62" type="stmt"/>
        <line num="26" count="62" type="stmt"/>
        <line num="28" count="1" type="cond" truecount="1" falsecount="0"/>
        <line num="29" count="19203" type="stmt"/>
        <line num="30" count="19203" type="cond" truecount="1" falsecount="0"/>
        <line num="31" count="19119" type="cond" truecount="1" falsecount="0"/>
        <line num="32" count="19084" type="cond" truecount="1" falsecount="0"/>
        <line num="33" count="18989" type="cond" truecount="1" falsecount="0"/>
        <line num="34" count="18931" type="stmt"/>
        <line num="36" count="19203" type="stmt"/>
        <line num="38" count="1" type="cond" truecount="1" falsecount="0"/>
        <line num="39" count="9558" type="cond" truecount="2" falsecount="0"/>
        <line num="40" count="300" type="stmt"/>
        <line num="41" count="300" type="cond" truecount="1" falsecount="0"/>
        <line num="44" count="9258" type="stmt"/>
        <line num="45" count="9258" type="stmt"/>
        <line num="46" count="9558" type="cond" truecount="0" falsecount="1"/>
        <line num="47" count="0" type="stmt"/>
        <line num="48" count="0" type="cond" truecount="2" falsecount="0"/>
        <line num="50" count="9258" type="stmt"/>
        <line num="53" count="9258" type="cond" truecount="1" falsecount="0"/>
        <line num="54" count="9258" type="cond" truecount="0" falsecount="1"/>
        <line num="58" count="9258" type="cond" truecount="1" falsecount="0"/>
        <line num="59" count="51" type="cond" truecount="2" falsecount="0"/>
        <line num="60" count="51" type="cond" truecount="2" falsecount="0"/>
        <line num="61" count="51" type="cond" truecount="2" falsecount="0"/>
        <line num="62" count="39" type="stmt"/>
        <line num="63" count="39" type="stmt"/>
        <line num="64" count="51" type="cond" truecount="1" falsecount="0"/>
        <line num="65" count="9219" type="stmt"/>
        <line num="66" count="9258" type="stmt"/>
        <line num="69" count="9258" type="stmt"/>
        <line num="70" count="9555" type="cond" truecount="1" falsecount="0"/>
        <line num="71" count="39" type="cond" truecount="1" falsecount="0"/>
        <line num="74" count="12" type="stmt"/>
        <line num="75" count="12" type="cond" truecount="2" falsecount="0"/>
        <line num="77" count="29" type="cond" truecount="1" falsecount="0"/>
        <line num="78" count="39" type="cond" truecount="3" falsecount="0"/>
        <line num="81" count="9219" type="stmt"/>
        <line num="82" count="9536" type="cond" truecount="1" falsecount="0"/>
        <line num="83" count="2768" type="cond" truecount="1" falsecount="0"/>
        <line num="84" count="2768" type="cond" truecount="3" falsecount="0"/>
        <line num="85" count="9509" type="cond" truecount="1" falsecount="0"/>
        <line num="86" count="1858" type="cond" truecount="1" falsecount="0"/>
        <line num="87" count="1858" type="cond" truecount="3" falsecount="0"/>
        <line num="88" count="9486" type="cond" truecount="1" falsecount="0"/>
        <line num="89" count="2791" type="cond" truecount="1" falsecount="0"/>
        <line num="90" count="2791" type="cond" truecount="2" falsecount="0"/>
        <line num="91" count="1802" type="stmt"/>
        <line num="92" count="1802" type="cond" truecount="1" falsecount="0"/>
        <line num="93" count="1802" type="cond" truecount="0" falsecount="1"/>
        <line num="95" count="0" type="stmt"/>
        <line num="96" count="9558" type="stmt"/>
        <line num="97" count="1" type="stmt"/>
      </file>
      <file name="LineOfSight.ts" path="/home/rkj/xenopurge-gemini/src/engine/LineOfSight.ts">
        <metrics statements="75" coveredstatements="74" conditionals="41" coveredconditionals="40" methods="3" coveredmethods="3"/>
        <line num="3" count="1" type="stmt"/>
        <line num="4" count="1" type="cond" truecount="1" falsecount="0"/>
        <line num="6" count="1" type="cond" truecount="1" falsecount="0"/>
        <line num="7" count="130" type="stmt"/>
        <line num="8" count="130" type="stmt"/>
        <line num="10" count="130" type="stmt"/>
        <line num="11" count="130" type="stmt"/>
        <line num="13" count="130" type="stmt"/>
        <line num="14" count="130" type="stmt"/>
        <line num="15" count="130" type="stmt"/>
        <line num="16" count="130" type="stmt"/>
        <line num="18" count="130" type="cond" truecount="1" falsecount="0"/>
        <line num="19" count="425" type="cond" truecount="1" falsecount="0"/>
        <line num="20" count="1930" type="stmt"/>
        <line num="21" count="1930" type="stmt"/>
        <line num="22" count="1930" type="cond" truecount="1" falsecount="0"/>
        <line num="23" count="1677" type="cond" truecount="1" falsecount="0"/>
        <line num="24" count="1661" type="stmt"/>
        <line num="25" count="1661" type="stmt"/>
        <line num="26" count="1677" type="stmt"/>
        <line num="27" count="1930" type="stmt"/>
        <line num="28" count="425" type="stmt"/>
        <line num="30" count="130" type="stmt"/>
        <line num="31" count="130" type="stmt"/>
        <line num="33" count="1" type="cond" truecount="1" falsecount="0"/>
        <line num="34" count="1723" type="stmt"/>
        <line num="35" count="1723" type="stmt"/>
        <line num="36" count="1723" type="stmt"/>
        <line num="37" count="1723" type="stmt"/>
        <line num="39" count="1723" type="cond" truecount="5" falsecount="0"/>
        <line num="41" count="1625" type="stmt"/>
        <line num="42" count="1625" type="stmt"/>
        <line num="44" count="1625" type="stmt"/>
        <line num="45" count="1625" type="stmt"/>
        <line num="47" count="1625" type="stmt"/>
        <line num="48" count="1625" type="stmt"/>
        <line num="49" count="1723" type="cond" truecount="2" falsecount="0"/>
        <line num="50" count="1723" type="cond" truecount="2" falsecount="0"/>
        <line num="52" count="1723" type="cond" truecount="3" falsecount="0"/>
        <line num="53" count="831" type="stmt"/>
        <line num="54" count="1710" type="cond" truecount="2" falsecount="0"/>
        <line num="55" count="600" type="stmt"/>
        <line num="56" count="794" type="cond" truecount="1" falsecount="0"/>
        <line num="57" count="194" type="stmt"/>
        <line num="58" count="194" type="cond" truecount="1" falsecount="0"/>
        <line num="60" count="1714" type="cond" truecount="1" falsecount="0"/>
        <line num="61" count="832" type="stmt"/>
        <line num="62" count="1714" type="cond" truecount="3" falsecount="0"/>
        <line num="63" count="564" type="stmt"/>
        <line num="64" count="793" type="cond" truecount="1" falsecount="0"/>
        <line num="65" count="229" type="stmt"/>
        <line num="66" count="229" type="cond" truecount="1" falsecount="0"/>
        <line num="68" count="1625" type="stmt"/>
        <line num="69" count="1625" type="stmt"/>
        <line num="71" count="1625" type="stmt"/>
        <line num="73" count="1714" type="cond" truecount="1" falsecount="0"/>
        <line num="74" count="8964" type="cond" truecount="5" falsecount="0"/>
        <line num="77" count="7397" type="stmt"/>
        <line num="78" count="7397" type="stmt"/>
        <line num="80" count="8956" type="cond" truecount="1" falsecount="0"/>
        <line num="81" count="3710" type="stmt"/>
        <line num="82" count="3710" type="stmt"/>
        <line num="83" count="8964" type="cond" truecount="1" falsecount="0"/>
        <line num="84" count="3687" type="stmt"/>
        <line num="85" count="3687" type="stmt"/>
        <line num="86" count="3687" type="cond" truecount="1" falsecount="0"/>
        <line num="89" count="8964" type="cond" truecount="1" falsecount="0"/>
        <line num="90" count="58" type="stmt"/>
        <line num="91" count="58" type="cond" truecount="1" falsecount="0"/>
        <line num="93" count="7339" type="stmt"/>
        <line num="94" count="7339" type="stmt"/>
        <line num="95" count="7339" type="cond" truecount="0" falsecount="1"/>
        <line num="97" count="0" type="stmt"/>
        <line num="98" count="1723" type="stmt"/>
        <line num="99" count="1" type="stmt"/>
      </file>
      <file name="MapGenerator.ts" path="/home/rkj/xenopurge-gemini/src/engine/MapGenerator.ts">
        <metrics statements="720" coveredstatements="574" conditionals="256" coveredconditionals="219" methods="22" coveredmethods="20"/>
        <line num="1" count="1" type="stmt"/>
        <line num="2" count="1" type="stmt"/>
        <line num="4" count="1" type="stmt"/>
        <line num="5" count="1" type="cond" truecount="1" falsecount="0"/>
        <line num="6" count="225" type="stmt"/>
        <line num="7" count="225" type="stmt"/>
        <line num="9" count="1" type="cond" truecount="1" falsecount="0"/>
        <line num="10" count="225" type="stmt"/>
        <line num="11" count="225" type="stmt"/>
        <line num="12" count="225" type="stmt"/>
        <line num="13" count="225" type="stmt"/>
        <line num="15" count="1" type="stmt"/>
        <line num="18" count="0" type="stmt"/>
        <line num="19" count="0" type="stmt"/>
        <line num="21" count="1" type="cond" truecount="1" falsecount="0"/>
        <line num="23" count="53" type="stmt"/>
        <line num="24" count="53" type="stmt"/>
        <line num="25" count="53" type="stmt"/>
        <line num="28" count="53" type="cond" truecount="1" falsecount="0"/>
        <line num="29" count="848" type="cond" truecount="1" falsecount="0"/>
        <line num="30" count="13568" type="stmt"/>
        <line num="31" count="13568" type="stmt"/>
        <line num="32" count="13568" type="stmt"/>
        <line num="33" count="13568" type="stmt"/>
        <line num="34" count="13568" type="stmt"/>
        <line num="35" count="13568" type="stmt"/>
        <line num="36" count="848" type="stmt"/>
        <line num="38" count="53" type="cond" truecount="1" falsecount="0"/>
        <line num="39" count="41434" type="cond" truecount="0" falsecount="1"/>
        <line num="40" count="41434" type="stmt"/>
        <line num="41" count="41434" type="stmt"/>
        <line num="43" count="53" type="cond" truecount="1" falsecount="0"/>
        <line num="44" count="13568" type="stmt"/>
        <line num="45" count="13568" type="stmt"/>
        <line num="46" count="13568" type="stmt"/>
        <line num="48" count="53" type="cond" truecount="1" falsecount="0"/>
        <line num="49" count="13515" type="stmt"/>
        <line num="50" count="13515" type="cond" truecount="0" falsecount="1"/>
        <line num="51" count="13515" type="stmt"/>
        <line num="53" count="13515" type="stmt"/>
        <line num="54" count="13515" type="stmt"/>
        <line num="55" count="13515" type="cond" truecount="1" falsecount="0"/>
        <line num="56" count="13515" type="cond" truecount="1" falsecount="0"/>
        <line num="57" count="13515" type="cond" truecount="1" falsecount="0"/>
        <line num="58" count="13515" type="cond" truecount="1" falsecount="0"/>
        <line num="60" count="13515" type="stmt"/>
        <line num="61" count="13515" type="stmt"/>
        <line num="62" count="13515" type="stmt"/>
        <line num="66" count="53" type="stmt"/>
        <line num="67" count="53" type="cond" truecount="1" falsecount="0"/>
        <line num="69" count="53" type="cond" truecount="1" falsecount="0"/>
        <line num="70" count="13568" type="cond" truecount="2" falsecount="0"/>
        <line num="71" count="13568" type="cond" truecount="2" falsecount="0"/>
        <line num="72" count="13568" type="cond" truecount="2" falsecount="0"/>
        <line num="73" count="13568" type="cond" truecount="2" falsecount="0"/>
        <line num="74" count="13568" type="stmt"/>
        <line num="77" count="53" type="stmt"/>
        <line num="78" count="53" type="stmt"/>
        <line num="79" count="53" type="stmt"/>
        <line num="80" count="53" type="stmt"/>
        <line num="81" count="53" type="stmt"/>
        <line num="83" count="53" type="cond" truecount="1" falsecount="0"/>
        <line num="84" count="25440" type="stmt"/>
        <line num="85" count="25440" type="stmt"/>
        <line num="87" count="25440" type="stmt"/>
        <line num="89" count="25440" type="cond" truecount="1" falsecount="0"/>
        <line num="90" count="13515" type="stmt"/>
        <line num="91" count="13515" type="stmt"/>
        <line num="92" count="13515" type="stmt"/>
        <line num="93" count="13515" type="stmt"/>
        <line num="94" count="13515" type="stmt"/>
        <line num="95" count="25440" type="stmt"/>
        <line num="98" count="53" type="cond" truecount="1" falsecount="0"/>
        <line num="99" count="169" type="stmt"/>
        <line num="100" count="169" type="stmt"/>
        <line num="103" count="169" type="stmt"/>
        <line num="104" count="169" type="stmt"/>
        <line num="105" count="169" type="cond" truecount="1" falsecount="0"/>
        <line num="106" count="338" type="cond" truecount="1" falsecount="0"/>
        <line num="107" count="676" type="stmt"/>
        <line num="108" count="676" type="cond" truecount="0" falsecount="1"/>
        <line num="109" count="0" type="stmt"/>
        <line num="110" count="676" type="stmt"/>
        <line num="111" count="338" type="stmt"/>
        <line num="114" count="169" type="cond" truecount="0" falsecount="2"/>
        <line num="115" count="0" type="stmt"/>
        <line num="116" count="0" type="stmt"/>
        <line num="117" count="0" type="stmt"/>
        <line num="118" count="0" type="stmt"/>
        <line num="119" count="0" type="stmt"/>
        <line num="121" count="0" type="stmt"/>
        <line num="122" count="0" type="stmt"/>
        <line num="124" count="0" type="stmt"/>
        <line num="125" count="0" type="stmt"/>
        <line num="127" count="0" type="stmt"/>
        <line num="128" count="0" type="stmt"/>
        <line num="129" count="0" type="stmt"/>
        <line num="130" count="169" type="stmt"/>
        <line num="133" count="53" type="stmt"/>
        <line num="134" count="53" type="cond" truecount="0" falsecount="1"/>
        <line num="135" count="0" type="stmt"/>
        <line num="136" count="0" type="stmt"/>
        <line num="137" count="0" type="stmt"/>
        <line num="138" count="0" type="stmt"/>
        <line num="140" count="53" type="stmt"/>
        <line num="141" count="53" type="stmt"/>
        <line num="142" count="53" type="stmt"/>
        <line num="143" count="53" type="cond" truecount="1" falsecount="1"/>
        <line num="144" count="0" type="stmt"/>
        <line num="145" count="0" type="stmt"/>
        <line num="146" count="0" type="stmt"/>
        <line num="147" count="0" type="stmt"/>
        <line num="150" count="53" type="stmt"/>
        <line num="151" count="53" type="stmt"/>
        <line num="152" count="53" type="stmt"/>
        <line num="153" count="53" type="cond" truecount="6" falsecount="0"/>
        <line num="154" count="1" type="stmt"/>
        <line num="155" count="1" type="stmt"/>
        <line num="156" count="1" type="stmt"/>
        <line num="157" count="1" type="stmt"/>
        <line num="159" count="53" type="stmt"/>
        <line num="161" count="53" type="stmt"/>
        <line num="162" count="53" type="stmt"/>
        <line num="163" count="53" type="stmt"/>
        <line num="164" count="53" type="stmt"/>
        <line num="165" count="53" type="stmt"/>
        <line num="166" count="53" type="stmt"/>
        <line num="169" count="53" type="stmt"/>
        <line num="170" count="53" type="stmt"/>
        <line num="171" count="53" type="stmt"/>
        <line num="172" count="53" type="stmt"/>
        <line num="173" count="53" type="stmt"/>
        <line num="176" count="53" type="stmt"/>
        <line num="177" count="53" type="stmt"/>
        <line num="178" count="53" type="stmt"/>
        <line num="179" count="53" type="stmt"/>
        <line num="180" count="53" type="stmt"/>
        <line num="181" count="53" type="stmt"/>
        <line num="182" count="53" type="stmt"/>
        <line num="183" count="53" type="stmt"/>
        <line num="185" count="53" type="stmt"/>
        <line num="186" count="53" type="stmt"/>
        <line num="187" count="53" type="stmt"/>
        <line num="189" count="1" type="cond" truecount="1" falsecount="0"/>
        <line num="190" count="399" type="stmt"/>
        <line num="193" count="399" type="stmt"/>
        <line num="194" count="399" type="stmt"/>
        <line num="197" count="399" type="stmt"/>
        <line num="198" count="399" type="cond" truecount="1" falsecount="0"/>
        <line num="199" count="505" type="stmt"/>
        <line num="200" count="505" type="stmt"/>
        <line num="201" count="505" type="stmt"/>
        <line num="202" count="399" type="stmt"/>
        <line num="204" count="399" type="cond" truecount="1" falsecount="0"/>
        <line num="205" count="373033" type="cond" truecount="0" falsecount="1"/>
        <line num="206" count="373033" type="stmt"/>
        <line num="207" count="373033" type="stmt"/>
        <line num="210" count="399" type="stmt"/>
        <line num="211" count="399" type="cond" truecount="1" falsecount="0"/>
        <line num="212" count="90727" type="stmt"/>
        <line num="213" count="90727" type="stmt"/>
        <line num="214" count="90727" type="cond" truecount="0" falsecount="1"/>
        <line num="217" count="90727" type="stmt"/>
        <line num="218" count="90727" type="stmt"/>
        <line num="219" count="90727" type="stmt"/>
        <line num="220" count="90727" type="stmt"/>
        <line num="221" count="90727" type="stmt"/>
        <line num="222" count="90727" type="stmt"/>
        <line num="224" count="90727" type="cond" truecount="1" falsecount="0"/>
        <line num="225" count="362908" type="stmt"/>
        <line num="228" count="362908" type="cond" truecount="1" falsecount="0"/>
        <line num="229" count="162426" type="stmt"/>
        <line num="230" count="362908" type="cond" truecount="1" falsecount="0"/>
        <line num="234" count="200482" type="stmt"/>
        <line num="235" count="200482" type="stmt"/>
        <line num="237" count="200482" type="cond" truecount="1" falsecount="0"/>
        <line num="238" count="173240" type="cond" truecount="1" falsecount="0"/>
        <line num="239" count="19763548" type="stmt"/>
        <line num="240" count="19763548" type="stmt"/>
        <line num="241" count="19763548" type="cond" truecount="4" falsecount="0"/>
        <line num="242" count="19763548" type="cond" truecount="4" falsecount="0"/>
        <line num="245" count="29658" type="stmt"/>
        <line num="246" count="29658" type="stmt"/>
        <line num="247" count="29658" type="stmt"/>
        <line num="248" count="19763548" type="stmt"/>
        <line num="249" count="19763548" type="stmt"/>
        <line num="250" count="173240" type="stmt"/>
        <line num="251" count="200482" type="stmt"/>
        <line num="253" count="362908" type="cond" truecount="1" falsecount="0"/>
        <line num="254" count="192084" type="stmt"/>
        <line num="255" count="192084" type="stmt"/>
        <line num="256" count="192084" type="stmt"/>
        <line num="258" count="192084" type="cond" truecount="1" falsecount="0"/>
        <line num="259" count="90222" type="stmt"/>
        <line num="260" count="90222" type="stmt"/>
        <line num="261" count="90222" type="stmt"/>
        <line num="262" count="90222" type="stmt"/>
        <line num="263" count="90222" type="stmt"/>
        <line num="264" count="90222" type="stmt"/>
        <line num="265" count="192084" type="stmt"/>
        <line num="266" count="362908" type="stmt"/>
        <line num="267" count="90727" type="stmt"/>
        <line num="270" count="399" type="cond" truecount="1" falsecount="0"/>
        <line num="271" count="136566" type="stmt"/>
        <line num="272" count="136566" type="cond" truecount="1" falsecount="0"/>
        <line num="273" count="90727" type="stmt"/>
        <line num="274" count="136566" type="cond" truecount="1" falsecount="0"/>
        <line num="275" count="45839" type="stmt"/>
        <line num="276" count="45839" type="stmt"/>
        <line num="277" count="45839" type="stmt"/>
        <line num="278" count="136566" type="stmt"/>
        <line num="287" count="399" type="cond" truecount="1" falsecount="0"/>
        <line num="288" count="136566" type="cond" truecount="1" falsecount="0"/>
        <line num="289" count="90727" type="cond" truecount="1" falsecount="0"/>
        <line num="290" count="41305" type="stmt"/>
        <line num="291" count="41305" type="cond" truecount="0" falsecount="1"/>
        <line num="292" count="41305" type="stmt"/>
        <line num="293" count="90727" type="cond" truecount="1" falsecount="0"/>
        <line num="294" count="39908" type="stmt"/>
        <line num="295" count="39908" type="cond" truecount="0" falsecount="1"/>
        <line num="296" count="39908" type="stmt"/>
        <line num="297" count="90727" type="cond" truecount="1" falsecount="0"/>
        <line num="298" count="41305" type="stmt"/>
        <line num="299" count="41305" type="cond" truecount="0" falsecount="1"/>
        <line num="300" count="41305" type="stmt"/>
        <line num="301" count="90727" type="cond" truecount="1" falsecount="0"/>
        <line num="302" count="39908" type="stmt"/>
        <line num="303" count="39908" type="cond" truecount="0" falsecount="1"/>
        <line num="304" count="39908" type="stmt"/>
        <line num="305" count="90727" type="stmt"/>
        <line num="306" count="136566" type="stmt"/>
        <line num="309" count="399" type="cond" truecount="1" falsecount="0"/>
        <line num="310" count="346" type="cond" truecount="1" falsecount="0"/>
        <line num="311" count="14829" type="cond" truecount="0" falsecount="1"/>
        <line num="312" count="14829" type="stmt"/>
        <line num="313" count="14829" type="stmt"/>
        <line num="314" count="14829" type="stmt"/>
        <line num="315" count="14829" type="stmt"/>
        <line num="316" count="346" type="stmt"/>
        <line num="317" count="346" type="stmt"/>
        <line num="318" count="399" type="stmt"/>
        <line num="320" count="1" type="cond" truecount="1" falsecount="0"/>
        <line num="321" count="172" type="stmt"/>
        <line num="323" count="172" type="stmt"/>
        <line num="326" count="172" type="cond" truecount="2" falsecount="0"/>
        <line num="327" count="1" type="stmt"/>
        <line num="328" count="1" type="stmt"/>
        <line num="331" count="172" type="cond" truecount="4" falsecount="0"/>
        <line num="334" count="172" type="stmt"/>
        <line num="335" count="172" type="cond" truecount="1" falsecount="0"/>
        <line num="336" count="76882" type="stmt"/>
        <line num="337" count="76882" type="cond" truecount="1" falsecount="0"/>
        <line num="338" count="1" type="stmt"/>
        <line num="339" count="1" type="stmt"/>
        <line num="340" count="76882" type="stmt"/>
        <line num="342" count="76882" type="cond" truecount="1" falsecount="0"/>
        <line num="343" count="5" type="stmt"/>
        <line num="344" count="5" type="stmt"/>
        <line num="345" count="76882" type="stmt"/>
        <line num="346" count="172" type="cond" truecount="1" falsecount="0"/>
        <line num="347" count="2" type="stmt"/>
        <line num="348" count="2" type="stmt"/>
        <line num="351" count="172" type="cond" truecount="1" falsecount="0"/>
        <line num="352" count="486989" type="cond" truecount="2" falsecount="0"/>
        <line num="353" count="476755" type="stmt"/>
        <line num="354" count="486989" type="stmt"/>
        <line num="360" count="172" type="cond" truecount="1" falsecount="0"/>
        <line num="361" count="108" type="cond" truecount="1" falsecount="0"/>
        <line num="362" count="9796" type="cond" truecount="0" falsecount="1"/>
        <line num="363" count="0" type="stmt"/>
        <line num="364" count="0" type="stmt"/>
        <line num="365" count="9796" type="cond" truecount="0" falsecount="1"/>
        <line num="366" count="0" type="stmt"/>
        <line num="367" count="0" type="stmt"/>
        <line num="368" count="0" type="stmt"/>
        <line num="369" count="9796" type="cond" truecount="0" falsecount="1"/>
        <line num="370" count="0" type="stmt"/>
        <line num="371" count="0" type="stmt"/>
        <line num="374" count="9796" type="stmt"/>
        <line num="375" count="9796" type="cond" truecount="1" falsecount="0"/>
        <line num="376" count="19592" type="cond" truecount="1" falsecount="0"/>
        <line num="377" count="2" type="stmt"/>
        <line num="378" count="19592" type="cond" truecount="1" falsecount="0"/>
        <line num="379" count="19590" type="stmt"/>
        <line num="380" count="19590" type="cond" truecount="1" falsecount="0"/>
        <line num="381" count="1" type="stmt"/>
        <line num="382" count="19590" type="cond" truecount="1" falsecount="0"/>
        <line num="383" count="19589" type="stmt"/>
        <line num="384" count="19589" type="stmt"/>
        <line num="385" count="19590" type="stmt"/>
        <line num="386" count="19592" type="stmt"/>
        <line num="388" count="9796" type="cond" truecount="1" falsecount="0"/>
        <line num="389" count="9794" type="stmt"/>
        <line num="390" count="9794" type="stmt"/>
        <line num="391" count="9794" type="stmt"/>
        <line num="392" count="9794" type="cond" truecount="4" falsecount="0"/>
        <line num="393" count="1" type="stmt"/>
        <line num="394" count="1" type="stmt"/>
        <line num="395" count="9796" type="cond" truecount="2" falsecount="0"/>
        <line num="396" count="1" type="stmt"/>
        <line num="397" count="1" type="stmt"/>
        <line num="398" count="9796" type="stmt"/>
        <line num="399" count="108" type="stmt"/>
        <line num="404" count="172" type="cond" truecount="1" falsecount="0"/>
        <line num="405" count="76882" type="cond" truecount="1" falsecount="0"/>
        <line num="406" count="68473" type="cond" truecount="1" falsecount="0"/>
        <line num="407" count="273892" type="cond" truecount="1" falsecount="0"/>
        <line num="409" count="124382" type="stmt"/>
        <line num="410" count="124382" type="cond" truecount="0" falsecount="1"/>
        <line num="411" count="0" type="stmt"/>
        <line num="412" count="124382" type="cond" truecount="0" falsecount="1"/>
        <line num="422" count="0" type="stmt"/>
        <line num="423" count="124382" type="stmt"/>
        <line num="425" count="124382" type="cond" truecount="0" falsecount="1"/>
        <line num="426" count="0" type="stmt"/>
        <line num="427" count="0" type="stmt"/>
        <line num="428" count="124382" type="stmt"/>
        <line num="429" count="124382" type="stmt"/>
        <line num="430" count="273892" type="stmt"/>
        <line num="432" count="68473" type="stmt"/>
        <line num="433" count="68473" type="stmt"/>
        <line num="434" count="68473" type="stmt"/>
        <line num="435" count="68473" type="stmt"/>
        <line num="436" count="68473" type="stmt"/>
        <line num="437" count="76882" type="stmt"/>
        <line num="440" count="172" type="cond" truecount="0" falsecount="1"/>
        <line num="441" count="0" type="stmt"/>
        <line num="442" count="172" type="stmt"/>
        <line num="443" count="172" type="stmt"/>
        <line num="444" count="172" type="cond" truecount="1" falsecount="0"/>
        <line num="445" count="272" type="cond" truecount="0" falsecount="1"/>
        <line num="446" count="0" type="stmt"/>
        <line num="447" count="272" type="cond" truecount="0" falsecount="1"/>
        <line num="448" count="0" type="stmt"/>
        <line num="449" count="0" type="stmt"/>
        <line num="450" count="272" type="stmt"/>
        <line num="452" count="272" type="cond" truecount="1" falsecount="0"/>
        <line num="453" count="2" type="stmt"/>
        <line num="454" count="272" type="cond" truecount="1" falsecount="0"/>
        <line num="455" count="270" type="stmt"/>
        <line num="456" count="270" type="cond" truecount="2" falsecount="0"/>
        <line num="457" count="3" type="stmt"/>
        <line num="458" count="3" type="stmt"/>
        <line num="459" count="270" type="stmt"/>
        <line num="460" count="272" type="stmt"/>
        <line num="461" count="172" type="stmt"/>
        <line num="464" count="172" type="cond" truecount="0" falsecount="1"/>
        <line num="465" count="0" type="stmt"/>
        <line num="466" count="172" type="stmt"/>
        <line num="467" count="172" type="cond" truecount="1" falsecount="0"/>
        <line num="468" count="2" type="stmt"/>
        <line num="469" count="172" type="cond" truecount="1" falsecount="0"/>
        <line num="470" count="170" type="stmt"/>
        <line num="471" count="170" type="cond" truecount="2" falsecount="0"/>
        <line num="472" count="2" type="stmt"/>
        <line num="473" count="2" type="stmt"/>
        <line num="474" count="170" type="stmt"/>
        <line num="475" count="172" type="stmt"/>
        <line num="478" count="172" type="cond" truecount="0" falsecount="1"/>
        <line num="479" count="0" type="stmt"/>
        <line num="480" count="172" type="stmt"/>
        <line num="481" count="172" type="stmt"/>
        <line num="482" count="172" type="stmt"/>
        <line num="483" count="172" type="cond" truecount="0" falsecount="1"/>
        <line num="484" count="0" type="stmt"/>
        <line num="485" count="172" type="cond" truecount="0" falsecount="1"/>
        <line num="486" count="0" type="stmt"/>
        <line num="487" count="0" type="stmt"/>
        <line num="488" count="172" type="stmt"/>
        <line num="490" count="172" type="stmt"/>
        <line num="491" count="172" type="cond" truecount="1" falsecount="0"/>
        <line num="492" count="2" type="stmt"/>
        <line num="493" count="172" type="cond" truecount="1" falsecount="0"/>
        <line num="494" count="170" type="stmt"/>
        <line num="495" count="170" type="cond" truecount="1" falsecount="0"/>
        <line num="496" count="1" type="stmt"/>
        <line num="497" count="170" type="stmt"/>
        <line num="498" count="172" type="cond" truecount="0" falsecount="1"/>
        <line num="499" count="0" type="stmt"/>
[...]
        <line num="277" count="0" type="stmt"/>
        <line num="278" count="0" type="stmt"/>
        <line num="280" count="0" type="stmt"/>
        <line num="281" count="0" type="stmt"/>
        <line num="282" count="0" type="stmt"/>
        <line num="283" count="0" type="stmt"/>
        <line num="284" count="0" type="stmt"/>
        <line num="285" count="0" type="stmt"/>
        <line num="286" count="0" type="stmt"/>
        <line num="287" count="0" type="stmt"/>
        <line num="288" count="0" type="stmt"/>
        <line num="289" count="0" type="stmt"/>
        <line num="290" count="0" type="stmt"/>
        <line num="291" count="0" type="stmt"/>
        <line num="292" count="0" type="stmt"/>
        <line num="294" count="0" type="stmt"/>
        <line num="295" count="0" type="stmt"/>
        <line num="297" count="0" type="stmt"/>
        <line num="299" count="0" type="stmt"/>
        <line num="300" count="0" type="stmt"/>
        <line num="301" count="0" type="stmt"/>
        <line num="302" count="0" type="stmt"/>
        <line num="304" count="0" type="stmt"/>
        <line num="305" count="0" type="stmt"/>
        <line num="306" count="0" type="stmt"/>
        <line num="307" count="0" type="stmt"/>
        <line num="309" count="0" type="stmt"/>
        <line num="310" count="0" type="stmt"/>
        <line num="311" count="0" type="stmt"/>
        <line num="312" count="0" type="stmt"/>
        <line num="313" count="0" type="stmt"/>
        <line num="314" count="0" type="stmt"/>
        <line num="315" count="0" type="stmt"/>
        <line num="317" count="0" type="stmt"/>
        <line num="318" count="0" type="stmt"/>
        <line num="319" count="0" type="stmt"/>
        <line num="320" count="0" type="stmt"/>
        <line num="321" count="0" type="stmt"/>
        <line num="322" count="0" type="stmt"/>
        <line num="323" count="0" type="stmt"/>
        <line num="324" count="0" type="stmt"/>
        <line num="325" count="0" type="stmt"/>
        <line num="326" count="0" type="stmt"/>
        <line num="327" count="0" type="stmt"/>
        <line num="328" count="0" type="stmt"/>
        <line num="332" count="0" type="stmt"/>
        <line num="335" count="0" type="stmt"/>
        <line num="336" count="0" type="stmt"/>
        <line num="337" count="0" type="stmt"/>
        <line num="338" count="0" type="stmt"/>
        <line num="339" count="0" type="stmt"/>
        <line num="340" count="0" type="stmt"/>
        <line num="342" count="0" type="stmt"/>
        <line num="343" count="0" type="stmt"/>
        <line num="344" count="0" type="stmt"/>
        <line num="345" count="0" type="stmt"/>
        <line num="346" count="0" type="stmt"/>
        <line num="347" count="0" type="stmt"/>
        <line num="350" count="0" type="stmt"/>
        <line num="351" count="0" type="stmt"/>
        <line num="352" count="0" type="stmt"/>
        <line num="353" count="0" type="stmt"/>
        <line num="354" count="0" type="stmt"/>
        <line num="355" count="0" type="stmt"/>
        <line num="356" count="0" type="stmt"/>
        <line num="357" count="0" type="stmt"/>
        <line num="358" count="0" type="stmt"/>
        <line num="359" count="0" type="stmt"/>
        <line num="360" count="0" type="stmt"/>
        <line num="363" count="0" type="stmt"/>
        <line num="364" count="0" type="stmt"/>
        <line num="367" count="0" type="stmt"/>
        <line num="368" count="0" type="stmt"/>
        <line num="369" count="0" type="stmt"/>
        <line num="372" count="0" type="stmt"/>
        <line num="373" count="0" type="stmt"/>
        <line num="374" count="0" type="stmt"/>
        <line num="375" count="0" type="stmt"/>
        <line num="376" count="0" type="stmt"/>
        <line num="377" count="0" type="stmt"/>
        <line num="378" count="0" type="stmt"/>
        <line num="379" count="0" type="stmt"/>
        <line num="380" count="0" type="stmt"/>
        <line num="381" count="0" type="stmt"/>
        <line num="382" count="0" type="stmt"/>
        <line num="383" count="0" type="stmt"/>
        <line num="386" count="0" type="stmt"/>
        <line num="387" count="0" type="stmt"/>
        <line num="389" count="0" type="stmt"/>
        <line num="395" count="0" type="stmt"/>
        <line num="396" count="0" type="stmt"/>
        <line num="399" count="0" type="stmt"/>
        <line num="401" count="0" type="stmt"/>
        <line num="402" count="0" type="stmt"/>
        <line num="403" count="0" type="stmt"/>
        <line num="404" count="0" type="stmt"/>
        <line num="405" count="0" type="stmt"/>
        <line num="407" count="0" type="stmt"/>
        <line num="410" count="0" type="stmt"/>
        <line num="413" count="0" type="stmt"/>
        <line num="414" count="0" type="stmt"/>
        <line num="415" count="0" type="stmt"/>
        <line num="416" count="0" type="stmt"/>
        <line num="417" count="0" type="stmt"/>
        <line num="420" count="0" type="stmt"/>
        <line num="421" count="0" type="stmt"/>
        <line num="422" count="0" type="stmt"/>
        <line num="426" count="0" type="stmt"/>
        <line num="428" count="0" type="stmt"/>
        <line num="429" count="0" type="stmt"/>
        <line num="430" count="0" type="stmt"/>
        <line num="431" count="0" type="stmt"/>
        <line num="432" count="0" type="stmt"/>
        <line num="434" count="0" type="stmt"/>
        <line num="435" count="0" type="stmt"/>
        <line num="436" count="0" type="stmt"/>
        <line num="437" count="0" type="stmt"/>
        <line num="438" count="0" type="stmt"/>
        <line num="439" count="0" type="stmt"/>
        <line num="440" count="0" type="stmt"/>
        <line num="441" count="0" type="stmt"/>
        <line num="444" count="0" type="stmt"/>
        <line num="445" count="0" type="stmt"/>
        <line num="446" count="0" type="stmt"/>
        <line num="447" count="0" type="stmt"/>
        <line num="451" count="0" type="stmt"/>
        <line num="452" count="0" type="stmt"/>
        <line num="453" count="0" type="stmt"/>
        <line num="454" count="0" type="stmt"/>
        <line num="455" count="0" type="stmt"/>
        <line num="456" count="0" type="stmt"/>
        <line num="457" count="0" type="stmt"/>
        <line num="459" count="0" type="stmt"/>
        <line num="461" count="0" type="stmt"/>
        <line num="462" count="0" type="stmt"/>
        <line num="463" count="0" type="stmt"/>
        <line num="464" count="0" type="stmt"/>
        <line num="470" count="0" type="stmt"/>
        <line num="471" count="0" type="stmt"/>
        <line num="472" count="0" type="stmt"/>
        <line num="473" count="0" type="stmt"/>
        <line num="474" count="0" type="stmt"/>
        <line num="491" count="0" type="stmt"/>
        <line num="492" count="0" type="stmt"/>
        <line num="493" count="0" type="stmt"/>
        <line num="494" count="0" type="stmt"/>
        <line num="497" count="0" type="stmt"/>
        <line num="498" count="0" type="stmt"/>
        <line num="499" count="0" type="stmt"/>
        <line num="500" count="0" type="stmt"/>
        <line num="501" count="0" type="stmt"/>
        <line num="502" count="0" type="stmt"/>
        <line num="503" count="0" type="stmt"/>
        <line num="504" count="0" type="stmt"/>
        <line num="505" count="0" type="stmt"/>
        <line num="506" count="0" type="stmt"/>
        <line num="509" count="0" type="stmt"/>
        <line num="510" count="0" type="stmt"/>
        <line num="511" count="0" type="stmt"/>
        <line num="512" count="0" type="stmt"/>
        <line num="513" count="0" type="stmt"/>
        <line num="514" count="0" type="stmt"/>
        <line num="515" count="0" type="stmt"/>
        <line num="516" count="0" type="stmt"/>
        <line num="517" count="0" type="stmt"/>
        <line num="518" count="0" type="stmt"/>
        <line num="519" count="0" type="stmt"/>
        <line num="520" count="0" type="stmt"/>
        <line num="521" count="0" type="stmt"/>
        <line num="522" count="0" type="stmt"/>
        <line num="523" count="0" type="stmt"/>
        <line num="524" count="0" type="stmt"/>
        <line num="526" count="0" type="stmt"/>
        <line num="527" count="0" type="stmt"/>
        <line num="528" count="0" type="stmt"/>
        <line num="529" count="0" type="stmt"/>
        <line num="530" count="0" type="stmt"/>
        <line num="531" count="0" type="stmt"/>
        <line num="534" count="0" type="stmt"/>
        <line num="535" count="0" type="stmt"/>
        <line num="536" count="0" type="stmt"/>
        <line num="537" count="0" type="stmt"/>
        <line num="538" count="0" type="stmt"/>
        <line num="539" count="0" type="stmt"/>
        <line num="540" count="0" type="stmt"/>
        <line num="541" count="0" type="stmt"/>
        <line num="542" count="0" type="stmt"/>
        <line num="543" count="0" type="stmt"/>
        <line num="544" count="0" type="stmt"/>
        <line num="545" count="0" type="stmt"/>
        <line num="546" count="0" type="stmt"/>
        <line num="547" count="0" type="stmt"/>
        <line num="549" count="0" type="stmt"/>
        <line num="550" count="0" type="stmt"/>
        <line num="551" count="0" type="stmt"/>
        <line num="552" count="0" type="stmt"/>
        <line num="553" count="0" type="stmt"/>
        <line num="554" count="0" type="stmt"/>
        <line num="555" count="0" type="stmt"/>
        <line num="556" count="0" type="stmt"/>
        <line num="557" count="0" type="stmt"/>
        <line num="559" count="0" type="stmt"/>
        <line num="560" count="0" type="stmt"/>
        <line num="561" count="0" type="stmt"/>
        <line num="562" count="0" type="stmt"/>
        <line num="563" count="0" type="stmt"/>
        <line num="564" count="0" type="stmt"/>
        <line num="565" count="0" type="stmt"/>
        <line num="566" count="0" type="stmt"/>
        <line num="567" count="0" type="stmt"/>
        <line num="568" count="0" type="stmt"/>
        <line num="569" count="0" type="stmt"/>
        <line num="570" count="0" type="stmt"/>
        <line num="572" count="0" type="stmt"/>
        <line num="573" count="0" type="stmt"/>
        <line num="574" count="0" type="stmt"/>
        <line num="575" count="0" type="stmt"/>
        <line num="576" count="0" type="stmt"/>
        <line num="578" count="0" type="stmt"/>
        <line num="579" count="0" type="stmt"/>
        <line num="580" count="0" type="stmt"/>
        <line num="581" count="0" type="stmt"/>
        <line num="582" count="0" type="stmt"/>
        <line num="583" count="0" type="stmt"/>
        <line num="584" count="0" type="stmt"/>
        <line num="585" count="0" type="stmt"/>
        <line num="586" count="0" type="stmt"/>
        <line num="588" count="0" type="stmt"/>
        <line num="592" count="0" type="stmt"/>
        <line num="593" count="0" type="stmt"/>
        <line num="594" count="0" type="stmt"/>
        <line num="595" count="0" type="stmt"/>
        <line num="596" count="0" type="stmt"/>
        <line num="597" count="0" type="stmt"/>
        <line num="598" count="0" type="stmt"/>
        <line num="599" count="0" type="stmt"/>
        <line num="600" count="0" type="stmt"/>
        <line num="601" count="0" type="stmt"/>
        <line num="602" count="0" type="stmt"/>
        <line num="603" count="0" type="stmt"/>
        <line num="604" count="0" type="stmt"/>
        <line num="605" count="0" type="stmt"/>
        <line num="606" count="0" type="stmt"/>
        <line num="607" count="0" type="stmt"/>
        <line num="609" count="0" type="stmt"/>
        <line num="611" count="0" type="stmt"/>
        <line num="612" count="0" type="stmt"/>
        <line num="613" count="0" type="stmt"/>
        <line num="614" count="0" type="stmt"/>
        <line num="615" count="0" type="stmt"/>
        <line num="616" count="0" type="stmt"/>
        <line num="617" count="0" type="stmt"/>
        <line num="618" count="0" type="stmt"/>
        <line num="619" count="0" type="stmt"/>
        <line num="620" count="0" type="stmt"/>
        <line num="621" count="0" type="stmt"/>
        <line num="622" count="0" type="stmt"/>
        <line num="623" count="0" type="stmt"/>
        <line num="624" count="0" type="stmt"/>
        <line num="625" count="0" type="stmt"/>
        <line num="627" count="0" type="stmt"/>
        <line num="628" count="0" type="stmt"/>
        <line num="629" count="0" type="stmt"/>
        <line num="630" count="0" type="stmt"/>
        <line num="631" count="0" type="stmt"/>
        <line num="632" count="0" type="stmt"/>
        <line num="633" count="0" type="stmt"/>
        <line num="634" count="0" type="stmt"/>
        <line num="635" count="0" type="stmt"/>
        <line num="636" count="0" type="stmt"/>
        <line num="638" count="0" type="stmt"/>
        <line num="641" count="0" type="stmt"/>
        <line num="642" count="0" type="stmt"/>
        <line num="643" count="0" type="stmt"/>
        <line num="644" count="0" type="stmt"/>
        <line num="645" count="0" type="stmt"/>
        <line num="646" count="0" type="stmt"/>
        <line num="647" count="0" type="stmt"/>
        <line num="648" count="0" type="stmt"/>
        <line num="649" count="0" type="stmt"/>
        <line num="650" count="0" type="stmt"/>
        <line num="651" count="0" type="stmt"/>
        <line num="652" count="0" type="stmt"/>
        <line num="653" count="0" type="stmt"/>
        <line num="656" count="0" type="stmt"/>
        <line num="657" count="0" type="stmt"/>
        <line num="660" count="0" type="stmt"/>
        <line num="661" count="0" type="stmt"/>
        <line num="662" count="0" type="stmt"/>
        <line num="663" count="0" type="stmt"/>
        <line num="664" count="0" type="stmt"/>
        <line num="666" count="0" type="stmt"/>
        <line num="667" count="0" type="stmt"/>
        <line num="668" count="0" type="stmt"/>
        <line num="669" count="0" type="stmt"/>
        <line num="670" count="0" type="stmt"/>
        <line num="671" count="0" type="stmt"/>
        <line num="673" count="0" type="stmt"/>
        <line num="674" count="0" type="stmt"/>
        <line num="675" count="0" type="stmt"/>
        <line num="676" count="0" type="stmt"/>
        <line num="677" count="0" type="stmt"/>
        <line num="678" count="0" type="stmt"/>
        <line num="680" count="0" type="stmt"/>
        <line num="681" count="0" type="stmt"/>
        <line num="682" count="0" type="stmt"/>
        <line num="683" count="0" type="stmt"/>
        <line num="684" count="0" type="stmt"/>
        <line num="687" count="0" type="stmt"/>
        <line num="690" count="0" type="stmt"/>
        <line num="691" count="0" type="stmt"/>
        <line num="692" count="0" type="stmt"/>
        <line num="693" count="0" type="stmt"/>
        <line num="694" count="0" type="stmt"/>
        <line num="695" count="0" type="stmt"/>
        <line num="696" count="0" type="stmt"/>
        <line num="697" count="0" type="stmt"/>
        <line num="698" count="0" type="stmt"/>
        <line num="699" count="0" type="stmt"/>
        <line num="700" count="0" type="stmt"/>
        <line num="701" count="0" type="stmt"/>
        <line num="704" count="0" type="stmt"/>
        <line num="705" count="0" type="stmt"/>
        <line num="707" count="0" type="stmt"/>
        <line num="708" count="0" type="stmt"/>
        <line num="710" count="0" type="stmt"/>
        <line num="711" count="0" type="stmt"/>
        <line num="712" count="0" type="stmt"/>
        <line num="713" count="0" type="stmt"/>
        <line num="715" count="0" type="stmt"/>
        <line num="716" count="0" type="stmt"/>
        <line num="718" count="0" type="stmt"/>
        <line num="719" count="0" type="stmt"/>
        <line num="721" count="0" type="stmt"/>
        <line num="722" count="0" type="stmt"/>
        <line num="725" count="0" type="stmt"/>
        <line num="726" count="0" type="stmt"/>
        <line num="728" count="0" type="stmt"/>
        <line num="729" count="0" type="stmt"/>
        <line num="730" count="0" type="stmt"/>
        <line num="732" count="0" type="stmt"/>
        <line num="733" count="0" type="stmt"/>
      </file>
    </package>
    <package name="xenopurge-gemini.src.shared">
      <metrics statements="53" coveredstatements="53" conditionals="11" coveredconditionals="11" methods="5" coveredmethods="5"/>
      <file name="PRNG.ts" path="/home/rkj/xenopurge-gemini/src/shared/PRNG.ts">
        <metrics statements="23" coveredstatements="23" conditionals="6" coveredconditionals="6" methods="5" coveredmethods="5"/>
        <line num="1" count="1" type="stmt"/>
        <line num="2" count="1" type="cond" truecount="1" falsecount="0"/>
        <line num="4" count="1" type="cond" truecount="1" falsecount="0"/>
        <line num="5" count="592" type="stmt"/>
        <line num="6" count="592" type="stmt"/>
        <line num="9" count="1" type="cond" truecount="1" falsecount="0"/>
        <line num="10" count="848342" type="stmt"/>
        <line num="11" count="848342" type="stmt"/>
        <line num="12" count="848342" type="stmt"/>
        <line num="14" count="1" type="cond" truecount="1" falsecount="0"/>
        <line num="15" count="720149" type="stmt"/>
        <line num="16" count="720149" type="stmt"/>
        <line num="18" count="1" type="cond" truecount="1" falsecount="0"/>
        <line num="19" count="40119" type="stmt"/>
        <line num="20" count="40119" type="stmt"/>
        <line num="23" count="40119" type="cond" truecount="1" falsecount="0"/>
        <line num="25" count="62367" type="stmt"/>
        <line num="26" count="62367" type="stmt"/>
        <line num="29" count="62367" type="stmt"/>
        <line num="30" count="62367" type="stmt"/>
        <line num="32" count="40119" type="stmt"/>
        <line num="33" count="40119" type="stmt"/>
        <line num="34" count="1" type="stmt"/>
      </file>
      <file name="types.ts" path="/home/rkj/xenopurge-gemini/src/shared/types.ts">
        <metrics statements="30" coveredstatements="30" conditionals="5" coveredconditionals="5" methods="0" coveredmethods="0"/>
        <line num="3" count="1" type="cond" truecount="1" falsecount="0"/>
        <line num="4" count="1" type="stmt"/>
        <line num="5" count="1" type="stmt"/>
        <line num="34" count="1" type="cond" truecount="1" falsecount="0"/>
        <line num="35" count="1" type="stmt"/>
        <line num="36" count="1" type="stmt"/>
        <line num="37" count="1" type="stmt"/>
        <line num="71" count="1" type="cond" truecount="1" falsecount="0"/>
        <line num="72" count="1" type="stmt"/>
        <line num="73" count="1" type="stmt"/>
        <line num="74" count="1" type="stmt"/>
        <line num="75" count="1" type="stmt"/>
        <line num="76" count="1" type="stmt"/>
        <line num="77" count="1" type="stmt"/>
        <line num="160" count="1" type="stmt"/>
        <line num="161" count="1" type="stmt"/>
        <line num="162" count="1" type="stmt"/>
        <line num="163" count="1" type="stmt"/>
        <line num="164" count="1" type="stmt"/>
        <line num="170" count="1" type="cond" truecount="1" falsecount="0"/>
        <line num="171" count="1" type="stmt"/>
        <line num="172" count="1" type="stmt"/>
        <line num="173" count="1" type="stmt"/>
        <line num="185" count="1" type="cond" truecount="1" falsecount="0"/>
        <line num="186" count="1" type="stmt"/>
        <line num="187" count="1" type="stmt"/>
        <line num="188" count="1" type="stmt"/>
        <line num="189" count="1" type="stmt"/>
        <line num="190" count="1" type="stmt"/>
        <line num="191" count="1" type="stmt"/>
      </file>
    </package>
  </project>
</coverage>
