{"/home/rkj/xenopurge-gemini/dump_map.ts": {"path":"/home/rkj/xenopurge-gemini/dump_map.ts","all":true,"statementMap":{"2":{"start":{"line":3,"column":0},"end":{"line":3,"column":53}},"3":{"start":{"line":4,"column":0},"end":{"line":4,"column":33}},"4":{"start":{"line":5,"column":0},"end":{"line":5,"column":39}}},"s":{"2":0,"3":0,"4":0},"branchMap":{"0":{"type":"branch","line":1,"loc":{"start":{"line":1,"column":154},"end":{"line":5,"column":39}},"locations":[{"start":{"line":1,"column":154},"end":{"line":5,"column":39}}]}},"b":{"0":[1]},"fnMap":{"0":{"name":"(empty-report)","decl":{"start":{"line":1,"column":154},"end":{"line":5,"column":39}},"loc":{"start":{"line":1,"column":154},"end":{"line":5,"column":39}},"line":1}},"f":{"0":1}}
,"/home/rkj/xenopurge-gemini/src/content/spaceHulkTiles.ts": {"path":"/home/rkj/xenopurge-gemini/src/content/spaceHulkTiles.ts","all":true,"statementMap":{"2":{"start":{"line":3,"column":0},"end":{"line":3,"column":71}},"4":{"start":{"line":5,"column":0},"end":{"line":5,"column":21}},"5":{"start":{"line":6,"column":0},"end":{"line":6,"column":25}},"6":{"start":{"line":7,"column":0},"end":{"line":7,"column":13}},"7":{"start":{"line":8,"column":0},"end":{"line":8,"column":14}},"8":{"start":{"line":9,"column":0},"end":{"line":9,"column":12}},"9":{"start":{"line":10,"column":0},"end":{"line":10,"column":107}},"10":{"start":{"line":11,"column":0},"end":{"line":11,"column":5}},"11":{"start":{"line":12,"column":0},"end":{"line":12,"column":4}},"13":{"start":{"line":14,"column":0},"end":{"line":14,"column":21}},"14":{"start":{"line":15,"column":0},"end":{"line":15,"column":25}},"15":{"start":{"line":16,"column":0},"end":{"line":16,"column":13}},"16":{"start":{"line":17,"column":0},"end":{"line":17,"column":14}},"17":{"start":{"line":18,"column":0},"end":{"line":18,"column":12}},"18":{"start":{"line":19,"column":0},"end":{"line":19,"column":72}},"19":{"start":{"line":20,"column":0},"end":{"line":20,"column":72}},"20":{"start":{"line":21,"column":0},"end":{"line":21,"column":5}},"21":{"start":{"line":22,"column":0},"end":{"line":22,"column":4}},"23":{"start":{"line":24,"column":0},"end":{"line":24,"column":21}},"24":{"start":{"line":25,"column":0},"end":{"line":25,"column":25}},"25":{"start":{"line":26,"column":0},"end":{"line":26,"column":13}},"26":{"start":{"line":27,"column":0},"end":{"line":27,"column":14}},"27":{"start":{"line":28,"column":0},"end":{"line":28,"column":12}},"28":{"start":{"line":29,"column":0},"end":{"line":29,"column":66}},"29":{"start":{"line":30,"column":0},"end":{"line":30,"column":66}},"30":{"start":{"line":31,"column":0},"end":{"line":31,"column":5}},"31":{"start":{"line":32,"column":0},"end":{"line":32,"column":4}},"33":{"start":{"line":34,"column":0},"end":{"line":34,"column":17}},"34":{"start":{"line":35,"column":0},"end":{"line":35,"column":21}},"35":{"start":{"line":36,"column":0},"end":{"line":36,"column":13}},"36":{"start":{"line":37,"column":0},"end":{"line":37,"column":14}},"37":{"start":{"line":38,"column":0},"end":{"line":38,"column":12}},"38":{"start":{"line":39,"column":0},"end":{"line":39,"column":44}},"39":{"start":{"line":40,"column":0},"end":{"line":40,"column":44}},"40":{"start":{"line":41,"column":0},"end":{"line":41,"column":44}},"41":{"start":{"line":42,"column":0},"end":{"line":42,"column":43}},"42":{"start":{"line":43,"column":0},"end":{"line":43,"column":5}},"43":{"start":{"line":44,"column":0},"end":{"line":44,"column":4}},"45":{"start":{"line":46,"column":0},"end":{"line":46,"column":19}},"46":{"start":{"line":47,"column":0},"end":{"line":47,"column":23}},"47":{"start":{"line":48,"column":0},"end":{"line":48,"column":13}},"48":{"start":{"line":49,"column":0},"end":{"line":49,"column":14}},"49":{"start":{"line":50,"column":0},"end":{"line":50,"column":12}},"50":{"start":{"line":51,"column":0},"end":{"line":51,"column":56}},"51":{"start":{"line":52,"column":0},"end":{"line":52,"column":41}},"52":{"start":{"line":53,"column":0},"end":{"line":53,"column":70}},"53":{"start":{"line":54,"column":0},"end":{"line":54,"column":41}},"54":{"start":{"line":55,"column":0},"end":{"line":55,"column":74}},"55":{"start":{"line":56,"column":0},"end":{"line":56,"column":5}},"56":{"start":{"line":57,"column":0},"end":{"line":57,"column":4}},"57":{"start":{"line":58,"column":0},"end":{"line":58,"column":2}}},"s":{"2":0,"4":0,"5":0,"6":0,"7":0,"8":0,"9":0,"10":0,"11":0,"13":0,"14":0,"15":0,"16":0,"17":0,"18":0,"19":0,"20":0,"21":0,"23":0,"24":0,"25":0,"26":0,"27":0,"28":0,"29":0,"30":0,"31":0,"33":0,"34":0,"35":0,"36":0,"37":0,"38":0,"39":0,"40":0,"41":0,"42":0,"43":0,"45":0,"46":0,"47":0,"48":0,"49":0,"50":0,"51":0,"52":0,"53":0,"54":0,"55":0,"56":0,"57":0},"branchMap":{"0":{"type":"branch","line":1,"loc":{"start":{"line":1,"column":1643},"end":{"line":58,"column":2}},"locations":[{"start":{"line":1,"column":1643},"end":{"line":58,"column":2}}]}},"b":{"0":[1]},"fnMap":{"0":{"name":"(empty-report)","decl":{"start":{"line":1,"column":1643},"end":{"line":58,"column":2}},"loc":{"start":{"line":1,"column":1643},"end":{"line":58,"column":2}},"line":1}},"f":{"0":1}}
,"/home/rkj/xenopurge-gemini/src/content/tiles.ts": {"path":"/home/rkj/xenopurge-gemini/src/content/tiles.ts","all":false,"statementMap":{"2":{"start":{"line":3,"column":0},"end":{"line":3,"column":63}},"3":{"start":{"line":4,"column":0},"end":{"line":4,"column":19}},"4":{"start":{"line":5,"column":0},"end":{"line":5,"column":23}},"5":{"start":{"line":6,"column":0},"end":{"line":6,"column":13}},"6":{"start":{"line":7,"column":0},"end":{"line":7,"column":14}},"7":{"start":{"line":8,"column":0},"end":{"line":8,"column":12}},"8":{"start":{"line":9,"column":0},"end":{"line":9,"column":64}},"9":{"start":{"line":10,"column":0},"end":{"line":10,"column":5}},"10":{"start":{"line":11,"column":0},"end":{"line":11,"column":4}},"11":{"start":{"line":12,"column":0},"end":{"line":12,"column":19}},"12":{"start":{"line":13,"column":0},"end":{"line":13,"column":23}},"13":{"start":{"line":14,"column":0},"end":{"line":14,"column":13}},"14":{"start":{"line":15,"column":0},"end":{"line":15,"column":14}},"15":{"start":{"line":16,"column":0},"end":{"line":16,"column":12}},"16":{"start":{"line":17,"column":0},"end":{"line":17,"column":44}},"17":{"start":{"line":18,"column":0},"end":{"line":18,"column":43}},"18":{"start":{"line":19,"column":0},"end":{"line":19,"column":5}},"19":{"start":{"line":20,"column":0},"end":{"line":20,"column":4}},"20":{"start":{"line":21,"column":0},"end":{"line":21,"column":19}},"21":{"start":{"line":22,"column":0},"end":{"line":22,"column":23}},"22":{"start":{"line":23,"column":0},"end":{"line":23,"column":13}},"23":{"start":{"line":24,"column":0},"end":{"line":24,"column":14}},"24":{"start":{"line":25,"column":0},"end":{"line":25,"column":12}},"25":{"start":{"line":26,"column":0},"end":{"line":26,"column":44}},"26":{"start":{"line":27,"column":0},"end":{"line":27,"column":44}},"27":{"start":{"line":28,"column":0},"end":{"line":28,"column":43}},"28":{"start":{"line":29,"column":0},"end":{"line":29,"column":5}},"29":{"start":{"line":30,"column":0},"end":{"line":30,"column":4}},"30":{"start":{"line":31,"column":0},"end":{"line":31,"column":17}},"31":{"start":{"line":32,"column":0},"end":{"line":32,"column":21}},"32":{"start":{"line":33,"column":0},"end":{"line":33,"column":13}},"33":{"start":{"line":34,"column":0},"end":{"line":34,"column":14}},"34":{"start":{"line":35,"column":0},"end":{"line":35,"column":12}},"35":{"start":{"line":36,"column":0},"end":{"line":36,"column":74}},"36":{"start":{"line":37,"column":0},"end":{"line":37,"column":5}},"37":{"start":{"line":38,"column":0},"end":{"line":38,"column":4}},"38":{"start":{"line":39,"column":0},"end":{"line":39,"column":21}},"39":{"start":{"line":40,"column":0},"end":{"line":40,"column":25}},"40":{"start":{"line":41,"column":0},"end":{"line":41,"column":13}},"41":{"start":{"line":42,"column":0},"end":{"line":42,"column":14}},"42":{"start":{"line":43,"column":0},"end":{"line":43,"column":12}},"43":{"start":{"line":44,"column":0},"end":{"line":44,"column":53}},"44":{"start":{"line":45,"column":0},"end":{"line":45,"column":5}},"45":{"start":{"line":46,"column":0},"end":{"line":46,"column":4}},"46":{"start":{"line":47,"column":0},"end":{"line":47,"column":13}},"47":{"start":{"line":48,"column":0},"end":{"line":48,"column":17}},"48":{"start":{"line":49,"column":0},"end":{"line":49,"column":13}},"49":{"start":{"line":50,"column":0},"end":{"line":50,"column":14}},"50":{"start":{"line":51,"column":0},"end":{"line":51,"column":12}},"51":{"start":{"line":52,"column":0},"end":{"line":52,"column":66}},"52":{"start":{"line":53,"column":0},"end":{"line":53,"column":5}},"53":{"start":{"line":54,"column":0},"end":{"line":54,"column":4}},"54":{"start":{"line":55,"column":0},"end":{"line":55,"column":15}},"55":{"start":{"line":56,"column":0},"end":{"line":56,"column":19}},"56":{"start":{"line":57,"column":0},"end":{"line":57,"column":13}},"57":{"start":{"line":58,"column":0},"end":{"line":58,"column":14}},"58":{"start":{"line":59,"column":0},"end":{"line":59,"column":12}},"60":{"start":{"line":61,"column":0},"end":{"line":61,"column":44}},"61":{"start":{"line":62,"column":0},"end":{"line":62,"column":137}},"63":{"start":{"line":64,"column":0},"end":{"line":64,"column":44}},"65":{"start":{"line":66,"column":0},"end":{"line":66,"column":68}},"66":{"start":{"line":67,"column":0},"end":{"line":67,"column":64}},"67":{"start":{"line":68,"column":0},"end":{"line":68,"column":68}},"69":{"start":{"line":70,"column":0},"end":{"line":70,"column":44}},"70":{"start":{"line":71,"column":0},"end":{"line":71,"column":69}},"71":{"start":{"line":72,"column":0},"end":{"line":72,"column":43}},"72":{"start":{"line":73,"column":0},"end":{"line":73,"column":5}},"73":{"start":{"line":74,"column":0},"end":{"line":74,"column":3}},"74":{"start":{"line":75,"column":0},"end":{"line":75,"column":2}}},"s":{"2":1,"3":1,"4":1,"5":1,"6":1,"7":1,"8":1,"9":1,"10":1,"11":1,"12":1,"13":1,"14":1,"15":1,"16":1,"17":1,"18":1,"19":1,"20":1,"21":1,"22":1,"23":1,"24":1,"25":1,"26":1,"27":1,"28":1,"29":1,"30":1,"31":1,"32":1,"33":1,"34":1,"35":1,"36":1,"37":1,"38":1,"39":1,"40":1,"41":1,"42":1,"43":1,"44":1,"45":1,"46":1,"47":1,"48":1,"49":1,"50":1,"51":1,"52":1,"53":1,"54":1,"55":1,"56":1,"57":1,"58":1,"60":1,"61":1,"63":1,"65":1,"66":1,"67":1,"69":1,"70":1,"71":1,"72":1,"73":1,"74":1},"branchMap":{},"b":{},"fnMap":{},"f":{}}
,"/home/rkj/xenopurge-gemini/src/engine/CoreEngine.ts": {"path":"/home/rkj/xenopurge-gemini/src/engine/CoreEngine.ts","all":false,"statementMap":{"0":{"start":{"line":1,"column":0},"end":{"line":1,"column":196}},"1":{"start":{"line":2,"column":0},"end":{"line":2,"column":38}},"2":{"start":{"line":3,"column":0},"end":{"line":3,"column":42}},"3":{"start":{"line":4,"column":0},"end":{"line":4,"column":38}},"4":{"start":{"line":5,"column":0},"end":{"line":5,"column":44}},"5":{"start":{"line":6,"column":0},"end":{"line":6,"column":38}},"7":{"start":{"line":8,"column":0},"end":{"line":8,"column":69}},"9":{"start":{"line":10,"column":0},"end":{"line":10,"column":25}},"10":{"start":{"line":11,"column":0},"end":{"line":11,"column":21}},"11":{"start":{"line":12,"column":0},"end":{"line":12,"column":29}},"12":{"start":{"line":13,"column":0},"end":{"line":13,"column":35}},"13":{"start":{"line":14,"column":0},"end":{"line":14,"column":33}},"14":{"start":{"line":15,"column":0},"end":{"line":15,"column":27}},"15":{"start":{"line":16,"column":0},"end":{"line":16,"column":29}},"16":{"start":{"line":17,"column":0},"end":{"line":17,"column":27}},"18":{"start":{"line":19,"column":0},"end":{"line":19,"column":55}},"19":{"start":{"line":20,"column":0},"end":{"line":20,"column":35}},"20":{"start":{"line":21,"column":0},"end":{"line":21,"column":39}},"22":{"start":{"line":23,"column":0},"end":{"line":23,"column":183}},"23":{"start":{"line":24,"column":0},"end":{"line":24,"column":31}},"24":{"start":{"line":25,"column":0},"end":{"line":25,"column":38}},"25":{"start":{"line":26,"column":0},"end":{"line":26,"column":66}},"26":{"start":{"line":27,"column":0},"end":{"line":27,"column":64}},"27":{"start":{"line":28,"column":0},"end":{"line":28,"column":58}},"28":{"start":{"line":29,"column":0},"end":{"line":29,"column":52}},"29":{"start":{"line":30,"column":0},"end":{"line":30,"column":51}},"30":{"start":{"line":31,"column":0},"end":{"line":31,"column":35}},"32":{"start":{"line":33,"column":0},"end":{"line":33,"column":68}},"33":{"start":{"line":34,"column":0},"end":{"line":34,"column":11}},"34":{"start":{"line":35,"column":0},"end":{"line":35,"column":22}},"35":{"start":{"line":36,"column":0},"end":{"line":36,"column":8}},"38":{"start":{"line":39,"column":0},"end":{"line":39,"column":60}},"39":{"start":{"line":40,"column":0},"end":{"line":40,"column":41}},"40":{"start":{"line":41,"column":0},"end":{"line":41,"column":72}},"42":{"start":{"line":43,"column":0},"end":{"line":43,"column":60}},"43":{"start":{"line":44,"column":0},"end":{"line":44,"column":47}},"44":{"start":{"line":45,"column":0},"end":{"line":45,"column":42}},"45":{"start":{"line":46,"column":0},"end":{"line":46,"column":42}},"46":{"start":{"line":47,"column":0},"end":{"line":47,"column":93}},"47":{"start":{"line":48,"column":0},"end":{"line":48,"column":11}},"50":{"start":{"line":51,"column":0},"end":{"line":51,"column":57}},"51":{"start":{"line":52,"column":0},"end":{"line":52,"column":46}},"52":{"start":{"line":53,"column":0},"end":{"line":53,"column":76}},"53":{"start":{"line":54,"column":0},"end":{"line":54,"column":9}},"55":{"start":{"line":56,"column":0},"end":{"line":56,"column":53}},"56":{"start":{"line":57,"column":0},"end":{"line":57,"column":41}},"57":{"start":{"line":58,"column":0},"end":{"line":58,"column":29}},"58":{"start":{"line":59,"column":0},"end":{"line":59,"column":36}},"59":{"start":{"line":60,"column":0},"end":{"line":60,"column":32}},"60":{"start":{"line":61,"column":0},"end":{"line":61,"column":33}},"61":{"start":{"line":62,"column":0},"end":{"line":62,"column":70}},"62":{"start":{"line":63,"column":0},"end":{"line":63,"column":15}},"63":{"start":{"line":64,"column":0},"end":{"line":64,"column":9}},"64":{"start":{"line":65,"column":0},"end":{"line":65,"column":62}},"65":{"start":{"line":66,"column":0},"end":{"line":66,"column":47}},"66":{"start":{"line":67,"column":0},"end":{"line":67,"column":5}},"68":{"start":{"line":69,"column":0},"end":{"line":69,"column":18}},"69":{"start":{"line":70,"column":0},"end":{"line":70,"column":11}},"70":{"start":{"line":71,"column":0},"end":{"line":71,"column":10}},"71":{"start":{"line":72,"column":0},"end":{"line":72,"column":16}},"72":{"start":{"line":73,"column":0},"end":{"line":73,"column":18}},"73":{"start":{"line":74,"column":0},"end":{"line":74,"column":23}},"74":{"start":{"line":75,"column":0},"end":{"line":75,"column":26}},"75":{"start":{"line":76,"column":0},"end":{"line":76,"column":17}},"76":{"start":{"line":77,"column":0},"end":{"line":77,"column":21}},"77":{"start":{"line":78,"column":0},"end":{"line":78,"column":24}},"78":{"start":{"line":79,"column":0},"end":{"line":79,"column":51}},"79":{"start":{"line":80,"column":0},"end":{"line":80,"column":6}},"82":{"start":{"line":83,"column":0},"end":{"line":83,"column":55}},"83":{"start":{"line":84,"column":0},"end":{"line":84,"column":72}},"84":{"start":{"line":85,"column":0},"end":{"line":85,"column":60}},"85":{"start":{"line":86,"column":0},"end":{"line":86,"column":47}},"86":{"start":{"line":87,"column":0},"end":{"line":87,"column":42}},"87":{"start":{"line":88,"column":0},"end":{"line":88,"column":42}},"88":{"start":{"line":89,"column":0},"end":{"line":89,"column":62}},"89":{"start":{"line":90,"column":0},"end":{"line":90,"column":11}},"91":{"start":{"line":92,"column":0},"end":{"line":92,"column":36}},"92":{"start":{"line":93,"column":0},"end":{"line":93,"column":84}},"93":{"start":{"line":94,"column":0},"end":{"line":94,"column":40}},"95":{"start":{"line":96,"column":0},"end":{"line":96,"column":27}},"96":{"start":{"line":97,"column":0},"end":{"line":97,"column":27}},"97":{"start":{"line":98,"column":0},"end":{"line":98,"column":64}},"98":{"start":{"line":99,"column":0},"end":{"line":99,"column":36}},"99":{"start":{"line":100,"column":0},"end":{"line":100,"column":30}},"100":{"start":{"line":101,"column":0},"end":{"line":101,"column":27}},"101":{"start":{"line":102,"column":0},"end":{"line":102,"column":31}},"102":{"start":{"line":103,"column":0},"end":{"line":103,"column":30}},"103":{"start":{"line":104,"column":0},"end":{"line":104,"column":15}},"105":{"start":{"line":106,"column":0},"end":{"line":106,"column":40}},"106":{"start":{"line":107,"column":0},"end":{"line":107,"column":31}},"107":{"start":{"line":108,"column":0},"end":{"line":108,"column":29}},"108":{"start":{"line":109,"column":0},"end":{"line":109,"column":33}},"109":{"start":{"line":110,"column":0},"end":{"line":110,"column":37}},"110":{"start":{"line":111,"column":0},"end":{"line":111,"column":15}},"111":{"start":{"line":112,"column":0},"end":{"line":112,"column":9}},"112":{"start":{"line":113,"column":0},"end":{"line":113,"column":5}},"115":{"start":{"line":116,"column":0},"end":{"line":116,"column":46}},"116":{"start":{"line":117,"column":0},"end":{"line":117,"column":90}},"119":{"start":{"line":120,"column":0},"end":{"line":120,"column":22}},"120":{"start":{"line":121,"column":0},"end":{"line":121,"column":38}},"121":{"start":{"line":122,"column":0},"end":{"line":122,"column":61}},"122":{"start":{"line":123,"column":0},"end":{"line":123,"column":26}},"124":{"start":{"line":125,"column":0},"end":{"line":125,"column":51}},"126":{"start":{"line":127,"column":0},"end":{"line":127,"column":73}},"127":{"start":{"line":128,"column":0},"end":{"line":128,"column":73}},"129":{"start":{"line":130,"column":0},"end":{"line":130,"column":26}},"130":{"start":{"line":131,"column":0},"end":{"line":131,"column":48}},"131":{"start":{"line":132,"column":0},"end":{"line":132,"column":117}},"132":{"start":{"line":133,"column":0},"end":{"line":133,"column":103}},"133":{"start":{"line":134,"column":0},"end":{"line":134,"column":52}},"134":{"start":{"line":135,"column":0},"end":{"line":135,"column":38}},"135":{"start":{"line":136,"column":0},"end":{"line":136,"column":36}},"136":{"start":{"line":137,"column":0},"end":{"line":137,"column":40}},"137":{"start":{"line":138,"column":0},"end":{"line":138,"column":46}},"138":{"start":{"line":139,"column":0},"end":{"line":139,"column":44}},"139":{"start":{"line":140,"column":0},"end":{"line":140,"column":32}},"140":{"start":{"line":141,"column":0},"end":{"line":141,"column":15}},"141":{"start":{"line":142,"column":0},"end":{"line":142,"column":9}},"142":{"start":{"line":143,"column":0},"end":{"line":143,"column":7}},"143":{"start":{"line":144,"column":0},"end":{"line":144,"column":3}},"145":{"start":{"line":146,"column":0},"end":{"line":146,"column":24}},"146":{"start":{"line":147,"column":0},"end":{"line":147,"column":26}},"147":{"start":{"line":148,"column":0},"end":{"line":148,"column":3}},"149":{"start":{"line":150,"column":0},"end":{"line":150,"column":30}},"150":{"start":{"line":151,"column":0},"end":{"line":151,"column":32}},"151":{"start":{"line":152,"column":0},"end":{"line":152,"column":3}},"153":{"start":{"line":154,"column":0},"end":{"line":154,"column":34}},"154":{"start":{"line":155,"column":0},"end":{"line":155,"column":35}},"155":{"start":{"line":156,"column":0},"end":{"line":156,"column":3}},"157":{"start":{"line":158,"column":0},"end":{"line":158,"column":32}},"158":{"start":{"line":159,"column":0},"end":{"line":159,"column":85}},"159":{"start":{"line":160,"column":0},"end":{"line":160,"column":3}},"161":{"start":{"line":162,"column":0},"end":{"line":162,"column":37}},"162":{"start":{"line":163,"column":0},"end":{"line":163,"column":49}},"164":{"start":{"line":165,"column":0},"end":{"line":165,"column":128}},"165":{"start":{"line":166,"column":0},"end":{"line":166,"column":51}},"168":{"start":{"line":169,"column":0},"end":{"line":169,"column":71}},"169":{"start":{"line":170,"column":0},"end":{"line":170,"column":21}},"170":{"start":{"line":171,"column":0},"end":{"line":171,"column":30}},"171":{"start":{"line":172,"column":0},"end":{"line":172,"column":46}},"172":{"start":{"line":173,"column":0},"end":{"line":173,"column":22}},"173":{"start":{"line":174,"column":0},"end":{"line":174,"column":41}},"174":{"start":{"line":175,"column":0},"end":{"line":175,"column":49}},"175":{"start":{"line":176,"column":0},"end":{"line":176,"column":15}},"176":{"start":{"line":177,"column":0},"end":{"line":177,"column":11}},"177":{"start":{"line":178,"column":0},"end":{"line":178,"column":14}},"179":{"start":{"line":180,"column":0},"end":{"line":180,"column":37}},"180":{"start":{"line":181,"column":0},"end":{"line":181,"column":65}},"181":{"start":{"line":182,"column":0},"end":{"line":182,"column":23}},"182":{"start":{"line":183,"column":0},"end":{"line":183,"column":32}},"183":{"start":{"line":184,"column":0},"end":{"line":184,"column":48}},"184":{"start":{"line":185,"column":0},"end":{"line":185,"column":24}},"185":{"start":{"line":186,"column":0},"end":{"line":186,"column":83}},"186":{"start":{"line":187,"column":0},"end":{"line":187,"column":51}},"187":{"start":{"line":188,"column":0},"end":{"line":188,"column":17}},"188":{"start":{"line":189,"column":0},"end":{"line":189,"column":13}},"189":{"start":{"line":190,"column":0},"end":{"line":190,"column":13}},"190":{"start":{"line":191,"column":0},"end":{"line":191,"column":7}},"191":{"start":{"line":192,"column":0},"end":{"line":192,"column":75}},"192":{"start":{"line":193,"column":0},"end":{"line":193,"column":35}},"193":{"start":{"line":194,"column":0},"end":{"line":194,"column":65}},"194":{"start":{"line":195,"column":0},"end":{"line":195,"column":23}},"195":{"start":{"line":196,"column":0},"end":{"line":196,"column":62}},"196":{"start":{"line":197,"column":0},"end":{"line":197,"column":55}},"197":{"start":{"line":198,"column":0},"end":{"line":198,"column":43}},"198":{"start":{"line":199,"column":0},"end":{"line":199,"column":71}},"199":{"start":{"line":200,"column":0},"end":{"line":200,"column":79}},"200":{"start":{"line":201,"column":0},"end":{"line":201,"column":70}},"201":{"start":{"line":202,"column":0},"end":{"line":202,"column":13}},"202":{"start":{"line":203,"column":0},"end":{"line":203,"column":11}},"203":{"start":{"line":204,"column":0},"end":{"line":204,"column":5}},"204":{"start":{"line":205,"column":0},"end":{"line":205,"column":3}},"206":{"start":{"line":207,"column":0},"end":{"line":207,"column":78}},"207":{"start":{"line":208,"column":0},"end":{"line":208,"column":45}},"208":{"start":{"line":209,"column":0},"end":{"line":209,"column":82}},"210":{"start":{"line":211,"column":0},"end":{"line":211,"column":44}},"212":{"start":{"line":213,"column":0},"end":{"line":213,"column":27}},"213":{"start":{"line":214,"column":0},"end":{"line":214,"column":52}},"214":{"start":{"line":215,"column":0},"end":{"line":215,"column":13}},"215":{"start":{"line":216,"column":0},"end":{"line":216,"column":50}},"216":{"start":{"line":217,"column":0},"end":{"line":217,"column":71}},"217":{"start":{"line":218,"column":0},"end":{"line":218,"column":24}},"218":{"start":{"line":219,"column":0},"end":{"line":219,"column":14}},"219":{"start":{"line":220,"column":0},"end":{"line":220,"column":42}},"220":{"start":{"line":221,"column":0},"end":{"line":221,"column":31}},"221":{"start":{"line":222,"column":0},"end":{"line":222,"column":33}},"222":{"start":{"line":223,"column":0},"end":{"line":223,"column":68}},"223":{"start":{"line":224,"column":0},"end":{"line":224,"column":67}},"224":{"start":{"line":225,"column":0},"end":{"line":225,"column":17}},"225":{"start":{"line":226,"column":0},"end":{"line":226,"column":44}},"226":{"start":{"line":227,"column":0},"end":{"line":227,"column":137}},"228":{"start":{"line":229,"column":0},"end":{"line":229,"column":27}},"229":{"start":{"line":230,"column":0},"end":{"line":230,"column":71}},"230":{"start":{"line":231,"column":0},"end":{"line":231,"column":70}},"231":{"start":{"line":232,"column":0},"end":{"line":232,"column":16}},"232":{"start":{"line":233,"column":0},"end":{"line":233,"column":36}},"233":{"start":{"line":234,"column":0},"end":{"line":234,"column":41}},"234":{"start":{"line":235,"column":0},"end":{"line":235,"column":42}},"235":{"start":{"line":236,"column":0},"end":{"line":236,"column":20}},"236":{"start":{"line":237,"column":0},"end":{"line":237,"column":106}},"237":{"start":{"line":238,"column":0},"end":{"line":238,"column":36}},"238":{"start":{"line":239,"column":0},"end":{"line":239,"column":41}},"239":{"start":{"line":240,"column":0},"end":{"line":240,"column":42}},"240":{"start":{"line":241,"column":0},"end":{"line":241,"column":13}},"241":{"start":{"line":242,"column":0},"end":{"line":242,"column":9}},"242":{"start":{"line":243,"column":0},"end":{"line":243,"column":58}},"243":{"start":{"line":244,"column":0},"end":{"line":244,"column":84}},"244":{"start":{"line":245,"column":0},"end":{"line":245,"column":49}},"246":{"start":{"line":247,"column":0},"end":{"line":247,"column":36}},"247":{"start":{"line":248,"column":0},"end":{"line":248,"column":41}},"249":{"start":{"line":250,"column":0},"end":{"line":250,"column":11}},"250":{"start":{"line":251,"column":0},"end":{"line":251,"column":59}},"251":{"start":{"line":252,"column":0},"end":{"line":252,"column":43}},"252":{"start":{"line":253,"column":0},"end":{"line":253,"column":7}},"253":{"start":{"line":254,"column":0},"end":{"line":254,"column":3}},"256":{"start":{"line":257,"column":0},"end":{"line":257,"column":61}},"257":{"start":{"line":258,"column":0},"end":{"line":258,"column":31}},"258":{"start":{"line":259,"column":0},"end":{"line":259,"column":31}},"259":{"start":{"line":260,"column":0},"end":{"line":260,"column":40}},"260":{"start":{"line":261,"column":0},"end":{"line":261,"column":3}},"263":{"start":{"line":264,"column":0},"end":{"line":264,"column":57}},"264":{"start":{"line":265,"column":0},"end":{"line":265,"column":40}},"265":{"start":{"line":266,"column":0},"end":{"line":266,"column":37}},"266":{"start":{"line":267,"column":0},"end":{"line":267,"column":31}},"267":{"start":{"line":268,"column":0},"end":{"line":268,"column":78}},"268":{"start":{"line":269,"column":0},"end":{"line":269,"column":68}},"269":{"start":{"line":270,"column":0},"end":{"line":270,"column":69}},"270":{"start":{"line":271,"column":0},"end":{"line":271,"column":55}},"271":{"start":{"line":272,"column":0},"end":{"line":272,"column":62}},"272":{"start":{"line":273,"column":0},"end":{"line":273,"column":62}},"273":{"start":{"line":274,"column":0},"end":{"line":274,"column":7}},"274":{"start":{"line":275,"column":0},"end":{"line":275,"column":7}},"276":{"start":{"line":277,"column":0},"end":{"line":277,"column":51}},"277":{"start":{"line":278,"column":0},"end":{"line":278,"column":35}},"278":{"start":{"line":279,"column":0},"end":{"line":279,"column":104}},"279":{"start":{"line":280,"column":0},"end":{"line":280,"column":53}},"280":{"start":{"line":281,"column":0},"end":{"line":281,"column":7}},"281":{"start":{"line":282,"column":0},"end":{"line":282,"column":7}},"282":{"start":{"line":283,"column":0},"end":{"line":283,"column":44}},"283":{"start":{"line":284,"column":0},"end":{"line":284,"column":3}},"286":{"start":{"line":287,"column":0},"end":{"line":287,"column":53}},"287":{"start":{"line":288,"column":0},"end":{"line":288,"column":60}},"288":{"start":{"line":289,"column":0},"end":{"line":289,"column":42}},"290":{"start":{"line":291,"column":0},"end":{"line":291,"column":40}},"291":{"start":{"line":292,"column":0},"end":{"line":292,"column":78}},"292":{"start":{"line":293,"column":0},"end":{"line":293,"column":88}},"293":{"start":{"line":294,"column":0},"end":{"line":294,"column":20}},"294":{"start":{"line":295,"column":0},"end":{"line":295,"column":7}},"296":{"start":{"line":297,"column":0},"end":{"line":297,"column":43}},"297":{"start":{"line":298,"column":0},"end":{"line":298,"column":23}},"298":{"start":{"line":299,"column":0},"end":{"line":299,"column":90}},"299":{"start":{"line":300,"column":0},"end":{"line":300,"column":20}},"300":{"start":{"line":301,"column":0},"end":{"line":301,"column":7}},"301":{"start":{"line":302,"column":0},"end":{"line":302,"column":5}},"302":{"start":{"line":303,"column":0},"end":{"line":303,"column":17}},"303":{"start":{"line":304,"column":0},"end":{"line":304,"column":3}},"306":{"start":{"line":307,"column":0},"end":{"line":307,"column":56}},"307":{"start":{"line":308,"column":0},"end":{"line":308,"column":60}},"308":{"start":{"line":309,"column":0},"end":{"line":309,"column":42}},"309":{"start":{"line":310,"column":0},"end":{"line":310,"column":40}},"310":{"start":{"line":311,"column":0},"end":{"line":311,"column":78}},"311":{"start":{"line":312,"column":0},"end":{"line":312,"column":88}},"312":{"start":{"line":313,"column":0},"end":{"line":313,"column":20}},"313":{"start":{"line":314,"column":0},"end":{"line":314,"column":7}},"314":{"start":{"line":315,"column":0},"end":{"line":315,"column":5}},"315":{"start":{"line":316,"column":0},"end":{"line":316,"column":17}},"316":{"start":{"line":317,"column":0},"end":{"line":317,"column":3}},"319":{"start":{"line":320,"column":0},"end":{"line":320,"column":67}},"320":{"start":{"line":321,"column":0},"end":{"line":321,"column":43}},"321":{"start":{"line":322,"column":0},"end":{"line":322,"column":31}},"324":{"start":{"line":325,"column":0},"end":{"line":325,"column":43}},"325":{"start":{"line":326,"column":0},"end":{"line":326,"column":61}},"326":{"start":{"line":327,"column":0},"end":{"line":327,"column":40}},"328":{"start":{"line":329,"column":0},"end":{"line":329,"column":80}},"331":{"start":{"line":332,"column":0},"end":{"line":332,"column":53}},"332":{"start":{"line":333,"column":0},"end":{"line":333,"column":54}},"333":{"start":{"line":334,"column":0},"end":{"line":334,"column":36}},"335":{"start":{"line":336,"column":0},"end":{"line":336,"column":94}},"336":{"start":{"line":337,"column":0},"end":{"line":337,"column":52}},"339":{"start":{"line":340,"column":0},"end":{"line":340,"column":108}},"341":{"start":{"line":342,"column":0},"end":{"line":342,"column":27}},"342":{"start":{"line":343,"column":0},"end":{"line":343,"column":62}},"343":{"start":{"line":344,"column":0},"end":{"line":344,"column":39}},"344":{"start":{"line":345,"column":0},"end":{"line":345,"column":35}},"345":{"start":{"line":346,"column":0},"end":{"line":346,"column":39}},"346":{"start":{"line":347,"column":0},"end":{"line":347,"column":15}},"347":{"start":{"line":348,"column":0},"end":{"line":348,"column":11}},"348":{"start":{"line":349,"column":0},"end":{"line":349,"column":9}},"349":{"start":{"line":350,"column":0},"end":{"line":350,"column":7}},"350":{"start":{"line":351,"column":0},"end":{"line":351,"column":5}},"353":{"start":{"line":354,"column":0},"end":{"line":354,"column":23}},"355":{"start":{"line":356,"column":0},"end":{"line":356,"column":58}},"356":{"start":{"line":357,"column":0},"end":{"line":357,"column":60}},"357":{"start":{"line":358,"column":0},"end":{"line":358,"column":44}},"358":{"start":{"line":359,"column":0},"end":{"line":359,"column":102}},"359":{"start":{"line":360,"column":0},"end":{"line":360,"column":88}},"360":{"start":{"line":361,"column":0},"end":{"line":361,"column":45}},"361":{"start":{"line":362,"column":0},"end":{"line":362,"column":43}},"362":{"start":{"line":363,"column":0},"end":{"line":363,"column":47}},"363":{"start":{"line":364,"column":0},"end":{"line":364,"column":21}},"364":{"start":{"line":365,"column":0},"end":{"line":365,"column":17}},"365":{"start":{"line":366,"column":0},"end":{"line":366,"column":13}},"366":{"start":{"line":367,"column":0},"end":{"line":367,"column":10}},"367":{"start":{"line":368,"column":0},"end":{"line":368,"column":5}},"369":{"start":{"line":370,"column":0},"end":{"line":370,"column":23}},"370":{"start":{"line":371,"column":0},"end":{"line":371,"column":3}},"373":{"start":{"line":374,"column":0},"end":{"line":374,"column":43}},"374":{"start":{"line":375,"column":0},"end":{"line":375,"column":95}},"375":{"start":{"line":376,"column":0},"end":{"line":376,"column":64}},"376":{"start":{"line":377,"column":0},"end":{"line":377,"column":3}},"379":{"start":{"line":380,"column":0},"end":{"line":380,"column":39}},"380":{"start":{"line":381,"column":0},"end":{"line":381,"column":62}},"381":{"start":{"line":382,"column":0},"end":{"line":382,"column":3}},"383":{"start":{"line":384,"column":0},"end":{"line":384,"column":29}},"384":{"start":{"line":385,"column":0},"end":{"line":385,"column":48}},"386":{"start":{"line":387,"column":0},"end":{"line":387,"column":23}},"389":{"start":{"line":390,"column":0},"end":{"line":390,"column":29}},"390":{"start":{"line":391,"column":0},"end":{"line":391,"column":60}},"393":{"start":{"line":394,"column":0},"end":{"line":394,"column":32}},"395":{"start":{"line":396,"column":0},"end":{"line":396,"column":45}},"398":{"start":{"line":399,"column":0},"end":{"line":399,"column":63}},"399":{"start":{"line":400,"column":0},"end":{"line":400,"column":29}},"400":{"start":{"line":401,"column":0},"end":{"line":401,"column":34}},"401":{"start":{"line":402,"column":0},"end":{"line":402,"column":63}},"402":{"start":{"line":403,"column":0},"end":{"line":403,"column":37}},"403":{"start":{"line":404,"column":0},"end":{"line":404,"column":39}},"404":{"start":{"line":405,"column":0},"end":{"line":405,"column":9}},"405":{"start":{"line":406,"column":0},"end":{"line":406,"column":62}},"406":{"start":{"line":407,"column":0},"end":{"line":407,"column":7}},"408":{"start":{"line":409,"column":0},"end":{"line":409,"column":59}},"409":{"start":{"line":410,"column":0},"end":{"line":410,"column":65}},"411":{"start":{"line":412,"column":0},"end":{"line":412,"column":25}},"412":{"start":{"line":413,"column":0},"end":{"line":413,"column":86}},"414":{"start":{"line":415,"column":0},"end":{"line":415,"column":36}},"415":{"start":{"line":416,"column":0},"end":{"line":416,"column":52}},"416":{"start":{"line":417,"column":0},"end":{"line":417,"column":9}},"417":{"start":{"line":418,"column":0},"end":{"line":418,"column":35}},"418":{"start":{"line":419,"column":0},"end":{"line":419,"column":36}},"419":{"start":{"line":420,"column":0},"end":{"line":420,"column":38}},"420":{"start":{"line":421,"column":0},"end":{"line":421,"column":52}},"421":{"start":{"line":422,"column":0},"end":{"line":422,"column":9}},"422":{"start":{"line":423,"column":0},"end":{"line":423,"column":14}},"425":{"start":{"line":426,"column":0},"end":{"line":426,"column":46}},"426":{"start":{"line":427,"column":0},"end":{"line":427,"column":38}},"427":{"start":{"line":428,"column":0},"end":{"line":428,"column":95}},"428":{"start":{"line":429,"column":0},"end":{"line":429,"column":87}},"429":{"start":{"line":430,"column":0},"end":{"line":430,"column":59}},"430":{"start":{"line":431,"column":0},"end":{"line":431,"column":7}},"431":{"start":{"line":432,"column":0},"end":{"line":432,"column":7}},"432":{"start":{"line":433,"column":0},"end":{"line":433,"column":58}},"435":{"start":{"line":436,"column":0},"end":{"line":436,"column":62}},"436":{"start":{"line":437,"column":0},"end":{"line":437,"column":61}},"437":{"start":{"line":438,"column":0},"end":{"line":438,"column":59}},"440":{"start":{"line":441,"column":0},"end":{"line":441,"column":40}},"443":{"start":{"line":444,"column":0},"end":{"line":444,"column":38}},"444":{"start":{"line":445,"column":0},"end":{"line":445,"column":86}},"447":{"start":{"line":448,"column":0},"end":{"line":448,"column":64}},"448":{"start":{"line":449,"column":0},"end":{"line":449,"column":23}},"449":{"start":{"line":450,"column":0},"end":{"line":450,"column":84}},"450":{"start":{"line":451,"column":0},"end":{"line":451,"column":8}},"452":{"start":{"line":453,"column":0},"end":{"line":453,"column":52}},"453":{"start":{"line":454,"column":0},"end":{"line":454,"column":14}},"454":{"start":{"line":455,"column":0},"end":{"line":455,"column":56}},"455":{"start":{"line":456,"column":0},"end":{"line":456,"column":94}},"456":{"start":{"line":457,"column":0},"end":{"line":457,"column":50}},"459":{"start":{"line":460,"column":0},"end":{"line":460,"column":50}},"460":{"start":{"line":461,"column":0},"end":{"line":461,"column":193}},"461":{"start":{"line":462,"column":0},"end":{"line":462,"column":73}},"463":{"start":{"line":464,"column":0},"end":{"line":464,"column":42}},"465":{"start":{"line":466,"column":0},"end":{"line":466,"column":74}},"466":{"start":{"line":467,"column":0},"end":{"line":467,"column":62}},"467":{"start":{"line":468,"column":0},"end":{"line":468,"column":105}},"468":{"start":{"line":469,"column":0},"end":{"line":469,"column":13}},"470":{"start":{"line":471,"column":0},"end":{"line":471,"column":37}},"471":{"start":{"line":472,"column":0},"end":{"line":472,"column":60}},"472":{"start":{"line":473,"column":0},"end":{"line":473,"column":66}},"473":{"start":{"line":474,"column":0},"end":{"line":474,"column":106}},"474":{"start":{"line":475,"column":0},"end":{"line":475,"column":52}},"476":{"start":{"line":477,"column":0},"end":{"line":477,"column":171}},"477":{"start":{"line":478,"column":0},"end":{"line":478,"column":51}},"478":{"start":{"line":479,"column":0},"end":{"line":479,"column":150}},"479":{"start":{"line":480,"column":0},"end":{"line":480,"column":15}},"480":{"start":{"line":481,"column":0},"end":{"line":481,"column":11}},"481":{"start":{"line":482,"column":0},"end":{"line":482,"column":30}},"483":{"start":{"line":484,"column":0},"end":{"line":484,"column":153}},"484":{"start":{"line":485,"column":0},"end":{"line":485,"column":38}},"485":{"start":{"line":486,"column":0},"end":{"line":486,"column":134}},"486":{"start":{"line":487,"column":0},"end":{"line":487,"column":203}},"487":{"start":{"line":488,"column":0},"end":{"line":488,"column":87}},"488":{"start":{"line":489,"column":0},"end":{"line":489,"column":182}},"489":{"start":{"line":490,"column":0},"end":{"line":490,"column":15}},"490":{"start":{"line":491,"column":0},"end":{"line":491,"column":11}},"491":{"start":{"line":492,"column":0},"end":{"line":492,"column":14}},"493":{"start":{"line":494,"column":0},"end":{"line":494,"column":118}},"494":{"start":{"line":495,"column":0},"end":{"line":495,"column":47}},"495":{"start":{"line":496,"column":0},"end":{"line":496,"column":11}},"496":{"start":{"line":497,"column":0},"end":{"line":497,"column":7}},"500":{"start":{"line":501,"column":0},"end":{"line":501,"column":74}},"501":{"start":{"line":502,"column":0},"end":{"line":502,"column":52}},"502":{"start":{"line":503,"column":0},"end":{"line":503,"column":24}},"503":{"start":{"line":504,"column":0},"end":{"line":504,"column":49}},"504":{"start":{"line":505,"column":0},"end":{"line":505,"column":11}},"505":{"start":{"line":506,"column":0},"end":{"line":506,"column":111}},"508":{"start":{"line":509,"column":0},"end":{"line":509,"column":34}},"511":{"start":{"line":512,"column":0},"end":{"line":512,"column":73}},"512":{"start":{"line":513,"column":0},"end":{"line":513,"column":53}},"513":{"start":{"line":514,"column":0},"end":{"line":514,"column":85}},"514":{"start":{"line":515,"column":0},"end":{"line":515,"column":186}},"515":{"start":{"line":516,"column":0},"end":{"line":516,"column":37}},"516":{"start":{"line":517,"column":0},"end":{"line":517,"column":15}},"517":{"start":{"line":518,"column":0},"end":{"line":518,"column":12}},"520":{"start":{"line":521,"column":0},"end":{"line":521,"column":54}},"522":{"start":{"line":523,"column":0},"end":{"line":523,"column":97}},"523":{"start":{"line":524,"column":0},"end":{"line":524,"column":49}},"528":{"start":{"line":529,"column":0},"end":{"line":529,"column":78}},"530":{"start":{"line":531,"column":0},"end":{"line":531,"column":56}},"531":{"start":{"line":532,"column":0},"end":{"line":532,"column":59}},"532":{"start":{"line":533,"column":0},"end":{"line":533,"column":69}},"535":{"start":{"line":536,"column":0},"end":{"line":536,"column":95}},"536":{"start":{"line":537,"column":0},"end":{"line":537,"column":76}},"537":{"start":{"line":538,"column":0},"end":{"line":538,"column":97}},"542":{"start":{"line":543,"column":0},"end":{"line":543,"column":118}},"543":{"start":{"line":544,"column":0},"end":{"line":544,"column":52}},"544":{"start":{"line":545,"column":0},"end":{"line":545,"column":27}},"545":{"start":{"line":546,"column":0},"end":{"line":546,"column":23}},"547":{"start":{"line":548,"column":0},"end":{"line":548,"column":38}},"548":{"start":{"line":549,"column":0},"end":{"line":549,"column":77}},"549":{"start":{"line":550,"column":0},"end":{"line":550,"column":64}},"550":{"start":{"line":551,"column":0},"end":{"line":551,"column":54}},"551":{"start":{"line":552,"column":0},"end":{"line":552,"column":27}},"552":{"start":{"line":553,"column":0},"end":{"line":553,"column":23}},"553":{"start":{"line":554,"column":0},"end":{"line":554,"column":19}},"555":{"start":{"line":556,"column":0},"end":{"line":556,"column":32}},"557":{"start":{"line":558,"column":0},"end":{"line":558,"column":50}},"558":{"start":{"line":559,"column":0},"end":{"line":559,"column":116}},"559":{"start":{"line":560,"column":0},"end":{"line":560,"column":90}},"560":{"start":{"line":561,"column":0},"end":{"line":561,"column":103}},"561":{"start":{"line":562,"column":0},"end":{"line":562,"column":93}},"562":{"start":{"line":563,"column":0},"end":{"line":563,"column":23}},"565":{"start":{"line":566,"column":0},"end":{"line":566,"column":103}},"566":{"start":{"line":567,"column":0},"end":{"line":567,"column":118}},"567":{"start":{"line":568,"column":0},"end":{"line":568,"column":45}},"568":{"start":{"line":569,"column":0},"end":{"line":569,"column":23}},"569":{"start":{"line":570,"column":0},"end":{"line":570,"column":19}},"570":{"start":{"line":571,"column":0},"end":{"line":571,"column":15}},"571":{"start":{"line":572,"column":0},"end":{"line":572,"column":11}},"574":{"start":{"line":575,"column":0},"end":{"line":575,"column":61}},"576":{"start":{"line":577,"column":0},"end":{"line":577,"column":43}},"578":{"start":{"line":579,"column":0},"end":{"line":579,"column":112}},"579":{"start":{"line":580,"column":0},"end":{"line":580,"column":65}},"580":{"start":{"line":581,"column":0},"end":{"line":581,"column":90}},"581":{"start":{"line":582,"column":0},"end":{"line":582,"column":61}},"583":{"start":{"line":584,"column":0},"end":{"line":584,"column":138}},"584":{"start":{"line":585,"column":0},"end":{"line":585,"column":19}},"585":{"start":{"line":586,"column":0},"end":{"line":586,"column":15}},"587":{"start":{"line":588,"column":0},"end":{"line":588,"column":44}},"588":{"start":{"line":589,"column":0},"end":{"line":589,"column":76}},"589":{"start":{"line":590,"column":0},"end":{"line":590,"column":35}},"590":{"start":{"line":591,"column":0},"end":{"line":591,"column":84}},"591":{"start":{"line":592,"column":0},"end":{"line":592,"column":126}},"592":{"start":{"line":593,"column":0},"end":{"line":593,"column":19}},"593":{"start":{"line":594,"column":0},"end":{"line":594,"column":15}},"594":{"start":{"line":595,"column":0},"end":{"line":595,"column":67}},"597":{"start":{"line":598,"column":0},"end":{"line":598,"column":49}},"598":{"start":{"line":599,"column":0},"end":{"line":599,"column":46}},"599":{"start":{"line":600,"column":0},"end":{"line":600,"column":99}},"600":{"start":{"line":601,"column":0},"end":{"line":601,"column":127}},"601":{"start":{"line":602,"column":0},"end":{"line":602,"column":141}},"602":{"start":{"line":603,"column":0},"end":{"line":603,"column":19}},"603":{"start":{"line":604,"column":0},"end":{"line":604,"column":15}},"604":{"start":{"line":605,"column":0},"end":{"line":605,"column":11}},"605":{"start":{"line":606,"column":0},"end":{"line":606,"column":7}},"608":{"start":{"line":609,"column":0},"end":{"line":609,"column":34}},"609":{"start":{"line":610,"column":0},"end":{"line":610,"column":46}},"610":{"start":{"line":611,"column":0},"end":{"line":611,"column":40}},"611":{"start":{"line":612,"column":0},"end":{"line":612,"column":61}},"613":{"start":{"line":614,"column":0},"end":{"line":614,"column":113}},"614":{"start":{"line":615,"column":0},"end":{"line":615,"column":42}},"615":{"start":{"line":616,"column":0},"end":{"line":616,"column":17}},"616":{"start":{"line":617,"column":0},"end":{"line":617,"column":68}},"617":{"start":{"line":618,"column":0},"end":{"line":618,"column":90}},"619":{"start":{"line":620,"column":0},"end":{"line":620,"column":50}},"620":{"start":{"line":621,"column":0},"end":{"line":621,"column":46}},"621":{"start":{"line":622,"column":0},"end":{"line":622,"column":19}},"622":{"start":{"line":623,"column":0},"end":{"line":623,"column":15}},"623":{"start":{"line":624,"column":0},"end":{"line":624,"column":11}},"624":{"start":{"line":625,"column":0},"end":{"line":625,"column":11}},"625":{"start":{"line":626,"column":0},"end":{"line":626,"column":7}},"628":{"start":{"line":629,"column":0},"end":{"line":629,"column":38}},"629":{"start":{"line":630,"column":0},"end":{"line":630,"column":46}},"631":{"start":{"line":632,"column":0},"end":{"line":632,"column":96}},"633":{"start":{"line":634,"column":0},"end":{"line":634,"column":108}},"634":{"start":{"line":635,"column":0},"end":{"line":635,"column":43}},"635":{"start":{"line":636,"column":0},"end":{"line":636,"column":32}},"636":{"start":{"line":637,"column":0},"end":{"line":637,"column":37}},"637":{"start":{"line":638,"column":0},"end":{"line":638,"column":39}},"638":{"start":{"line":639,"column":0},"end":{"line":639,"column":9}},"639":{"start":{"line":640,"column":0},"end":{"line":640,"column":7}},"642":{"start":{"line":643,"column":0},"end":{"line":643,"column":62}},"643":{"start":{"line":644,"column":0},"end":{"line":644,"column":23}},"644":{"start":{"line":645,"column":0},"end":{"line":645,"column":74}},"645":{"start":{"line":646,"column":0},"end":{"line":646,"column":85}},"646":{"start":{"line":647,"column":0},"end":{"line":647,"column":8}},"649":{"start":{"line":650,"column":0},"end":{"line":650,"column":32}},"650":{"start":{"line":651,"column":0},"end":{"line":651,"column":80}},"651":{"start":{"line":652,"column":0},"end":{"line":652,"column":23}},"652":{"start":{"line":653,"column":0},"end":{"line":653,"column":40}},"653":{"start":{"line":654,"column":0},"end":{"line":654,"column":18}},"654":{"start":{"line":655,"column":0},"end":{"line":655,"column":107}},"655":{"start":{"line":656,"column":0},"end":{"line":656,"column":35}},"656":{"start":{"line":657,"column":0},"end":{"line":657,"column":50}},"657":{"start":{"line":658,"column":0},"end":{"line":658,"column":22}},"658":{"start":{"line":659,"column":0},"end":{"line":659,"column":38}},"659":{"start":{"line":660,"column":0},"end":{"line":660,"column":15}},"660":{"start":{"line":661,"column":0},"end":{"line":661,"column":11}},"661":{"start":{"line":662,"column":0},"end":{"line":662,"column":7}},"664":{"start":{"line":665,"column":0},"end":{"line":665,"column":30}},"665":{"start":{"line":666,"column":0},"end":{"line":666,"column":50}},"666":{"start":{"line":667,"column":0},"end":{"line":667,"column":77}},"667":{"start":{"line":668,"column":0},"end":{"line":668,"column":55}},"672":{"start":{"line":673,"column":0},"end":{"line":673,"column":60}},"674":{"start":{"line":675,"column":0},"end":{"line":675,"column":46}},"677":{"start":{"line":678,"column":0},"end":{"line":678,"column":92}},"678":{"start":{"line":679,"column":0},"end":{"line":679,"column":42}},"679":{"start":{"line":680,"column":0},"end":{"line":680,"column":47}},"680":{"start":{"line":681,"column":0},"end":{"line":681,"column":59}},"681":{"start":{"line":682,"column":0},"end":{"line":682,"column":9}},"683":{"start":{"line":684,"column":0},"end":{"line":684,"column":41}},"684":{"start":{"line":685,"column":0},"end":{"line":685,"column":27}},"685":{"start":{"line":686,"column":0},"end":{"line":686,"column":8}},"688":{"start":{"line":689,"column":0},"end":{"line":689,"column":68}},"690":{"start":{"line":691,"column":0},"end":{"line":691,"column":49}},"691":{"start":{"line":692,"column":0},"end":{"line":692,"column":49}},"692":{"start":{"line":693,"column":0},"end":{"line":693,"column":50}},"694":{"start":{"line":695,"column":0},"end":{"line":695,"column":45}},"698":{"start":{"line":699,"column":0},"end":{"line":699,"column":85}},"699":{"start":{"line":700,"column":0},"end":{"line":700,"column":94}},"702":{"start":{"line":703,"column":0},"end":{"line":703,"column":78}},"703":{"start":{"line":704,"column":0},"end":{"line":704,"column":110}},"708":{"start":{"line":709,"column":0},"end":{"line":709,"column":50}},"709":{"start":{"line":710,"column":0},"end":{"line":710,"column":49}},"710":{"start":{"line":711,"column":0},"end":{"line":711,"column":43}},"711":{"start":{"line":712,"column":0},"end":{"line":712,"column":28}},"713":{"start":{"line":714,"column":0},"end":{"line":714,"column":39}},"714":{"start":{"line":715,"column":0},"end":{"line":715,"column":34}},"715":{"start":{"line":716,"column":0},"end":{"line":716,"column":39}},"716":{"start":{"line":717,"column":0},"end":{"line":717,"column":40}},"717":{"start":{"line":718,"column":0},"end":{"line":718,"column":18}},"718":{"start":{"line":719,"column":0},"end":{"line":719,"column":31}},"719":{"start":{"line":720,"column":0},"end":{"line":720,"column":71}},"720":{"start":{"line":721,"column":0},"end":{"line":721,"column":70}},"721":{"start":{"line":722,"column":0},"end":{"line":722,"column":14}},"722":{"start":{"line":723,"column":0},"end":{"line":723,"column":11}},"723":{"start":{"line":724,"column":0},"end":{"line":724,"column":16}},"724":{"start":{"line":725,"column":0},"end":{"line":725,"column":47}},"725":{"start":{"line":726,"column":0},"end":{"line":726,"column":47}},"726":{"start":{"line":727,"column":0},"end":{"line":727,"column":40}},"727":{"start":{"line":728,"column":0},"end":{"line":728,"column":9}},"728":{"start":{"line":729,"column":0},"end":{"line":729,"column":45}},"729":{"start":{"line":730,"column":0},"end":{"line":730,"column":36}},"730":{"start":{"line":731,"column":0},"end":{"line":731,"column":7}},"731":{"start":{"line":732,"column":0},"end":{"line":732,"column":7}},"734":{"start":{"line":735,"column":0},"end":{"line":735,"column":41}},"735":{"start":{"line":736,"column":0},"end":{"line":736,"column":32}},"737":{"start":{"line":738,"column":0},"end":{"line":738,"column":59}},"738":{"start":{"line":739,"column":0},"end":{"line":739,"column":93}},"739":{"start":{"line":740,"column":0},"end":{"line":740,"column":72}},"740":{"start":{"line":741,"column":0},"end":{"line":741,"column":8}},"742":{"start":{"line":743,"column":0},"end":{"line":743,"column":36}},"743":{"start":{"line":744,"column":0},"end":{"line":744,"column":43}},"746":{"start":{"line":747,"column":0},"end":{"line":747,"column":95}},"747":{"start":{"line":748,"column":0},"end":{"line":748,"column":43}},"748":{"start":{"line":749,"column":0},"end":{"line":749,"column":49}},"749":{"start":{"line":750,"column":0},"end":{"line":750,"column":60}},"750":{"start":{"line":751,"column":0},"end":{"line":751,"column":9}},"751":{"start":{"line":752,"column":0},"end":{"line":752,"column":7}},"752":{"start":{"line":753,"column":0},"end":{"line":753,"column":7}},"755":{"start":{"line":756,"column":0},"end":{"line":756,"column":74}},"756":{"start":{"line":757,"column":0},"end":{"line":757,"column":38}},"757":{"start":{"line":758,"column":0},"end":{"line":758,"column":58}},"758":{"start":{"line":759,"column":0},"end":{"line":759,"column":36}},"759":{"start":{"line":760,"column":0},"end":{"line":760,"column":7}},"760":{"start":{"line":761,"column":0},"end":{"line":761,"column":7}},"763":{"start":{"line":764,"column":0},"end":{"line":764,"column":116}},"764":{"start":{"line":765,"column":0},"end":{"line":765,"column":89}},"766":{"start":{"line":767,"column":0},"end":{"line":767,"column":35}},"767":{"start":{"line":768,"column":0},"end":{"line":768,"column":94}},"768":{"start":{"line":769,"column":0},"end":{"line":769,"column":63}},"769":{"start":{"line":770,"column":0},"end":{"line":770,"column":34}},"770":{"start":{"line":771,"column":0},"end":{"line":771,"column":14}},"771":{"start":{"line":772,"column":0},"end":{"line":772,"column":36}},"772":{"start":{"line":773,"column":0},"end":{"line":773,"column":7}},"773":{"start":{"line":774,"column":0},"end":{"line":774,"column":5}},"774":{"start":{"line":775,"column":0},"end":{"line":775,"column":3}},"775":{"start":{"line":776,"column":0},"end":{"line":776,"column":1}}},"s":{"0":1,"1":1,"2":1,"3":1,"4":1,"5":1,"7":1,"9":1,"10":1,"11":17,"12":17,"13":17,"14":17,"15":17,"16":17,"18":17,"19":17,"20":17,"22":1,"23":17,"24":17,"25":17,"26":17,"27":17,"28":17,"29":17,"30":17,"32":17,"33":4,"34":4,"35":17,"38":17,"39":0,"40":0,"42":0,"43":0,"44":0,"45":0,"46":0,"47":0,"50":0,"51":0,"52":0,"53":0,"55":0,"56":0,"57":0,"58":0,"59":0,"60":0,"61":0,"62":0,"63":0,"64":17,"65":0,"66":0,"68":17,"69":17,"70":17,"71":17,"72":17,"73":17,"74":17,"75":17,"76":17,"77":17,"78":17,"79":17,"82":17,"83":0,"84":0,"85":0,"86":0,"87":0,"88":0,"89":0,"91":0,"92":0,"93":0,"95":0,"96":0,"97":0,"98":0,"99":0,"100":0,"101":0,"102":0,"103":0,"105":0,"106":0,"107":0,"108":0,"109":0,"110":0,"111":0,"112":0,"115":17,"116":17,"119":17,"120":17,"121":12,"122":12,"124":12,"126":12,"127":12,"129":12,"130":12,"131":12,"132":12,"133":12,"134":12,"135":12,"136":12,"137":12,"138":12,"139":12,"140":12,"141":12,"142":17,"143":17,"145":1,"146":17,"147":17,"149":1,"150":31,"151":31,"153":1,"154":11,"155":11,"157":1,"158":23,"159":23,"161":1,"162":11,"164":11,"165":11,"168":2,"169":2,"170":2,"171":0,"172":2,"173":2,"174":2,"175":2,"176":2,"177":11,"179":9,"180":9,"181":9,"182":9,"183":0,"184":9,"185":9,"186":9,"187":9,"188":9,"189":9,"190":9,"191":11,"192":0,"193":0,"194":0,"195":0,"196":0,"197":0,"198":0,"199":0,"200":0,"201":0,"202":0,"203":0,"204":11,"206":1,"207":24,"208":21,"210":21,"212":21,"213":8,"214":8,"215":21,"216":21,"217":21,"218":21,"219":21,"220":20,"221":20,"222":20,"223":20,"224":20,"225":20,"226":21,"228":1,"229":1,"230":1,"231":1,"232":1,"233":1,"234":1,"235":1,"236":0,"237":0,"238":0,"239":0,"240":0,"241":21,"242":24,"243":2,"244":2,"246":2,"247":2,"249":2,"250":3,"251":1,"252":1,"253":24,"256":1,"257":186,"258":186,"259":186,"260":186,"263":1,"264":6,"265":6,"266":12,"267":12,"268":12,"269":12,"270":12,"271":0,"272":0,"273":0,"274":6,"276":6,"277":6,"278":24,"279":22,"280":22,"281":6,"282":6,"283":6,"286":1,"287":3,"288":3,"290":3,"291":3,"292":3,"293":3,"294":3,"296":0,"297":0,"298":0,"299":0,"300":0,"301":3,"302":0,"303":3,"306":1,"307":3,"308":3,"309":3,"310":3,"311":3,"312":3,"313":3,"314":3,"315":0,"316":3,"319":1,"320":7,"321":7,"324":7,"325":7,"326":7,"328":7,"331":7,"332":17,"333":55,"335":55,"336":34,"339":34,"341":34,"342":33,"343":33,"344":10,"345":10,"346":10,"347":33,"348":34,"349":55,"350":55,"353":7,"355":0,"356":0,"357":0,"358":0,"359":0,"360":0,"361":0,"362":0,"363":0,"364":0,"365":0,"366":0,"367":0,"369":7,"370":7,"373":1,"374":11,"375":11,"376":11,"379":1,"380":0,"381":0,"383":1,"384":162,"386":125,"389":125,"390":125,"393":125,"395":4,"398":4,"399":1,"400":1,"401":1,"402":1,"403":1,"404":1,"405":1,"406":1,"408":3,"409":3,"411":3,"412":3,"414":2,"415":2,"416":2,"417":4,"418":0,"419":0,"420":0,"421":0,"422":125,"425":125,"426":125,"427":127,"428":127,"429":127,"430":127,"431":125,"432":125,"435":125,"436":125,"437":125,"440":125,"443":125,"444":127,"447":127,"448":12,"449":12,"450":127,"452":127,"453":12,"454":12,"455":12,"456":127,"459":127,"460":127,"461":127,"463":127,"465":1,"466":100,"467":100,"468":1,"470":1,"471":1,"472":99,"473":99,"474":1,"476":1,"477":1,"478":1,"479":1,"480":1,"481":127,"483":9,"484":9,"485":2,"486":2,"487":2,"488":2,"489":2,"490":2,"491":126,"493":117,"494":0,"495":0,"496":117,"500":127,"501":0,"502":0,"503":0,"504":0,"505":127,"508":10,"511":10,"512":1,"513":1,"514":1,"515":1,"516":1,"517":1,"520":10,"522":9,"523":9,"528":0,"530":0,"531":0,"532":0,"535":0,"536":0,"537":0,"542":0,"543":0,"544":0,"545":0,"547":0,"548":0,"549":0,"550":0,"551":0,"552":0,"553":0,"555":0,"557":0,"558":0,"559":0,"560":0,"561":0,"562":0,"565":0,"566":0,"567":0,"568":0,"569":0,"570":0,"571":9,"574":10,"576":7,"578":4,"579":4,"580":4,"581":4,"583":0,"584":0,"585":4,"587":7,"588":7,"589":7,"590":7,"591":7,"592":7,"593":7,"594":8,"597":2,"598":2,"599":2,"600":2,"601":2,"602":2,"603":2,"604":2,"605":10,"608":127,"609":127,"610":70,"611":39,"613":39,"614":2,"615":2,"616":39,"617":0,"619":0,"620":0,"621":0,"622":0,"623":39,"624":127,"625":127,"628":127,"629":124,"631":124,"633":124,"634":2,"635":2,"636":2,"637":2,"638":2,"639":124,"642":125,"643":12,"644":12,"645":9,"646":125,"649":127,"650":3,"651":3,"652":2,"653":3,"654":1,"655":1,"656":1,"657":1,"658":0,"659":0,"660":1,"661":3,"664":125,"665":125,"666":127,"667":127,"672":127,"674":5,"677":5,"678":5,"679":5,"680":5,"681":5,"683":5,"684":5,"685":5,"688":127,"690":99,"691":99,"692":99,"694":99,"698":99,"699":99,"702":99,"703":99,"708":2,"709":99,"710":17,"711":17,"713":17,"714":7,"715":7,"716":7,"717":17,"718":10,"719":10,"720":10,"721":10,"722":10,"723":97,"724":80,"725":80,"726":80,"727":80,"728":122,"729":21,"730":21,"731":125,"734":125,"735":11,"737":10,"738":11,"739":11,"740":10,"742":11,"743":4,"746":4,"747":4,"748":4,"749":4,"750":4,"751":4,"752":125,"755":125,"756":125,"757":127,"758":1,"759":1,"760":125,"763":125,"764":125,"766":162,"767":3,"768":3,"769":2,"770":2,"771":1,"772":1,"773":3,"774":162,"775":1},"branchMap":{"0":{"type":"branch","line":11,"loc":{"start":{"line":11,"column":10},"end":{"line":21,"column":39}},"locations":[{"start":{"line":11,"column":10},"end":{"line":21,"column":39}}]},"1":{"type":"branch","line":23,"loc":{"start":{"line":23,"column":2},"end":{"line":144,"column":3}},"locations":[{"start":{"line":23,"column":2},"end":{"line":144,"column":3}}]},"2":{"type":"branch","line":26,"loc":{"start":{"line":26,"column":29},"end":{"line":26,"column":40}},"locations":[{"start":{"line":26,"column":29},"end":{"line":26,"column":40}}]},"3":{"type":"branch","line":33,"loc":{"start":{"line":33,"column":39},"end":{"line":33,"column":57}},"locations":[{"start":{"line":33,"column":39},"end":{"line":33,"column":57}}]},"4":{"type":"branch","line":39,"loc":{"start":{"line":39,"column":59},"end":{"line":65,"column":15}},"locations":[{"start":{"line":39,"column":59},"end":{"line":65,"column":15}}]},"5":{"type":"branch","line":65,"loc":{"start":{"line":65,"column":61},"end":{"line":67,"column":5}},"locations":[{"start":{"line":65,"column":61},"end":{"line":67,"column":5}}]},"6":{"type":"branch","line":83,"loc":{"start":{"line":83,"column":54},"end":{"line":113,"column":5}},"locations":[{"start":{"line":83,"column":54},"end":{"line":113,"column":5}}]},"7":{"type":"branch","line":116,"loc":{"start":{"line":116,"column":28},"end":{"line":116,"column":46}},"locations":[{"start":{"line":116,"column":28},"end":{"line":116,"column":46}}]},"8":{"type":"branch","line":26,"loc":{"start":{"line":26,"column":40},"end":{"line":26,"column":63}},"locations":[{"start":{"line":26,"column":40},"end":{"line":26,"column":63}}]},"9":{"type":"branch","line":33,"loc":{"start":{"line":33,"column":61},"end":{"line":36,"column":6}},"locations":[{"start":{"line":33,"column":61},"end":{"line":36,"column":6}}]},"10":{"type":"branch","line":121,"loc":{"start":{"line":121,"column":24},"end":{"line":143,"column":5}},"locations":[{"start":{"line":121,"column":24},"end":{"line":143,"column":5}}]},"11":{"type":"branch","line":123,"loc":{"start":{"line":123,"column":19},"end":{"line":123,"column":26}},"locations":[{"start":{"line":123,"column":19},"end":{"line":123,"column":26}}]},"12":{"type":"branch","line":127,"loc":{"start":{"line":127,"column":63},"end":{"line":127,"column":73}},"locations":[{"start":{"line":127,"column":63},"end":{"line":127,"column":73}}]},"13":{"type":"branch","line":128,"loc":{"start":{"line":128,"column":63},"end":{"line":128,"column":73}},"locations":[{"start":{"line":128,"column":63},"end":{"line":128,"column":73}}]},"14":{"type":"branch","line":146,"loc":{"start":{"line":146,"column":9},"end":{"line":148,"column":3}},"locations":[{"start":{"line":146,"column":9},"end":{"line":148,"column":3}}]},"15":{"type":"branch","line":150,"loc":{"start":{"line":150,"column":9},"end":{"line":152,"column":3}},"locations":[{"start":{"line":150,"column":9},"end":{"line":152,"column":3}}]},"16":{"type":"branch","line":154,"loc":{"start":{"line":154,"column":9},"end":{"line":156,"column":3}},"locations":[{"start":{"line":154,"column":9},"end":{"line":156,"column":3}}]},"17":{"type":"branch","line":158,"loc":{"start":{"line":158,"column":9},"end":{"line":160,"column":3}},"locations":[{"start":{"line":158,"column":9},"end":{"line":160,"column":3}}]},"18":{"type":"branch","line":162,"loc":{"start":{"line":162,"column":9},"end":{"line":205,"column":3}},"locations":[{"start":{"line":162,"column":9},"end":{"line":205,"column":3}}]},"19":{"type":"branch","line":163,"loc":{"start":{"line":163,"column":41},"end":{"line":163,"column":49}},"locations":[{"start":{"line":163,"column":41},"end":{"line":163,"column":49}}]},"20":{"type":"branch","line":165,"loc":{"start":{"line":165,"column":33},"end":{"line":165,"column":86}},"locations":[{"start":{"line":165,"column":33},"end":{"line":165,"column":86}}]},"21":{"type":"branch","line":165,"loc":{"start":{"line":165,"column":69},"end":{"line":165,"column":127}},"locations":[{"start":{"line":165,"column":69},"end":{"line":165,"column":127}}]},"22":{"type":"branch","line":166,"loc":{"start":{"line":166,"column":50},"end":{"line":178,"column":13}},"locations":[{"start":{"line":166,"column":50},"end":{"line":178,"column":13}}]},"23":{"type":"branch","line":171,"loc":{"start":{"line":171,"column":29},"end":{"line":173,"column":21}},"locations":[{"start":{"line":171,"column":29},"end":{"line":173,"column":21}}]},"24":{"type":"branch","line":178,"loc":{"start":{"line":178,"column":6},"end":{"line":191,"column":7}},"locations":[{"start":{"line":178,"column":6},"end":{"line":191,"column":7}}]},"25":{"type":"branch","line":192,"loc":{"start":{"line":192,"column":4},"end":{"line":204,"column":5}},"locations":[{"start":{"line":192,"column":4},"end":{"line":204,"column":5}}]},"26":{"type":"branch","line":169,"loc":{"start":{"line":169,"column":45},"end":{"line":169,"column":69}},"locations":[{"start":{"line":169,"column":45},"end":{"line":169,"column":69}}]},"27":{"type":"branch","line":180,"loc":{"start":{"line":180,"column":30},"end":{"line":190,"column":11}},"locations":[{"start":{"line":180,"column":30},"end":{"line":190,"column":11}}]},"28":{"type":"branch","line":183,"loc":{"start":{"line":183,"column":31},"end":{"line":185,"column":23}},"locations":[{"start":{"line":183,"column":31},"end":{"line":185,"column":23}}]},"29":{"type":"branch","line":181,"loc":{"start":{"line":181,"column":47},"end":{"line":181,"column":63}},"locations":[{"start":{"line":181,"column":47},"end":{"line":181,"column":63}}]},"30":{"type":"branch","line":207,"loc":{"start":{"line":207,"column":10},"end":{"line":254,"column":3}},"locations":[{"start":{"line":207,"column":10},"end":{"line":254,"column":3}}]},"31":{"type":"branch","line":208,"loc":{"start":{"line":208,"column":44},"end":{"line":243,"column":17}},"locations":[{"start":{"line":208,"column":44},"end":{"line":243,"column":17}}]},"32":{"type":"branch","line":213,"loc":{"start":{"line":213,"column":26},"end":{"line":215,"column":13}},"locations":[{"start":{"line":213,"column":26},"end":{"line":215,"column":13}}]},"33":{"type":"branch","line":220,"loc":{"start":{"line":220,"column":41},"end":{"line":227,"column":23}},"locations":[{"start":{"line":220,"column":41},"end":{"line":227,"column":23}}]},"34":{"type":"branch","line":223,"loc":{"start":{"line":223,"column":45},"end":{"line":223,"column":64}},"locations":[{"start":{"line":223,"column":45},"end":{"line":223,"column":64}}]},"35":{"type":"branch","line":224,"loc":{"start":{"line":224,"column":45},"end":{"line":224,"column":64}},"locations":[{"start":{"line":224,"column":45},"end":{"line":224,"column":64}}]},"36":{"type":"branch","line":227,"loc":{"start":{"line":227,"column":12},"end":{"line":241,"column":13}},"locations":[{"start":{"line":227,"column":12},"end":{"line":241,"column":13}}]},"37":{"type":"branch","line":230,"loc":{"start":{"line":230,"column":48},"end":{"line":230,"column":67}},"locations":[{"start":{"line":230,"column":48},"end":{"line":230,"column":67}}]},"38":{"type":"branch","line":231,"loc":{"start":{"line":231,"column":48},"end":{"line":231,"column":67}},"locations":[{"start":{"line":231,"column":48},"end":{"line":231,"column":67}}]},"39":{"type":"branch","line":236,"loc":{"start":{"line":236,"column":12},"end":{"line":241,"column":13}},"locations":[{"start":{"line":236,"column":12},"end":{"line":241,"column":13}}]},"40":{"type":"branch","line":243,"loc":{"start":{"line":243,"column":6},"end":{"line":253,"column":7}},"locations":[{"start":{"line":243,"column":6},"end":{"line":253,"column":7}}]},"41":{"type":"branch","line":243,"loc":{"start":{"line":243,"column":57},"end":{"line":251,"column":17}},"locations":[{"start":{"line":243,"column":57},"end":{"line":251,"column":17}}]},"42":{"type":"branch","line":251,"loc":{"start":{"line":251,"column":6},"end":{"line":253,"column":7}},"locations":[{"start":{"line":251,"column":6},"end":{"line":253,"column":7}}]},"43":{"type":"branch","line":257,"loc":{"start":{"line":257,"column":10},"end":{"line":261,"column":3}},"locations":[{"start":{"line":257,"column":10},"end":{"line":261,"column":3}}]},"44":{"type":"branch","line":264,"loc":{"start":{"line":264,"column":10},"end":{"line":284,"column":3}},"locations":[{"start":{"line":264,"column":10},"end":{"line":284,"column":3}}]},"45":{"type":"branch","line":266,"loc":{"start":{"line":266,"column":25},"end":{"line":275,"column":5}},"locations":[{"start":{"line":266,"column":25},"end":{"line":275,"column":5}}]},"46":{"type":"branch","line":271,"loc":{"start":{"line":271,"column":6},"end":{"line":274,"column":7}},"locations":[{"start":{"line":271,"column":6},"end":{"line":274,"column":7}}]},"47":{"type":"branch","line":278,"loc":{"start":{"line":278,"column":26},"end":{"line":282,"column":5}},"locations":[{"start":{"line":278,"column":26},"end":{"line":282,"column":5}}]},"48":{"type":"branch","line":279,"loc":{"start":{"line":279,"column":48},"end":{"line":279,"column":72}},"locations":[{"start":{"line":279,"column":48},"end":{"line":279,"column":72}}]},"49":{"type":"branch","line":279,"loc":{"start":{"line":279,"column":67},"end":{"line":279,"column":103}},"locations":[{"start":{"line":279,"column":67},"end":{"line":279,"column":103}}]},"50":{"type":"branch","line":279,"loc":{"start":{"line":279,"column":103},"end":{"line":281,"column":7}},"locations":[{"start":{"line":279,"column":103},"end":{"line":281,"column":7}}]},"51":{"type":"branch","line":287,"loc":{"start":{"line":287,"column":10},"end":{"line":304,"column":3}},"locations":[{"start":{"line":287,"column":10},"end":{"line":304,"column":3}}]},"52":{"type":"branch","line":295,"loc":{"start":{"line":295,"column":6},"end":{"line":301,"column":7}},"locations":[{"start":{"line":295,"column":6},"end":{"line":301,"column":7}}]},"53":{"type":"branch","line":302,"loc":{"start":{"line":302,"column":4},"end":{"line":303,"column":17}},"locations":[{"start":{"line":302,"column":4},"end":{"line":303,"column":17}}]},"54":{"type":"branch","line":291,"loc":{"start":{"line":291,"column":32},"end":{"line":293,"column":84}},"locations":[{"start":{"line":291,"column":32},"end":{"line":293,"column":84}}]},"55":{"type":"branch","line":307,"loc":{"start":{"line":307,"column":10},"end":{"line":317,"column":3}},"locations":[{"start":{"line":307,"column":10},"end":{"line":317,"column":3}}]},"56":{"type":"branch","line":315,"loc":{"start":{"line":315,"column":4},"end":{"line":316,"column":17}},"locations":[{"start":{"line":315,"column":4},"end":{"line":316,"column":17}}]},"57":{"type":"branch","line":310,"loc":{"start":{"line":310,"column":32},"end":{"line":312,"column":84}},"locations":[{"start":{"line":310,"column":32},"end":{"line":312,"column":84}}]},"58":{"type":"branch","line":320,"loc":{"start":{"line":320,"column":10},"end":{"line":371,"column":3}},"locations":[{"start":{"line":320,"column":10},"end":{"line":371,"column":3}}]},"59":{"type":"branch","line":332,"loc":{"start":{"line":332,"column":52},"end":{"line":354,"column":22}},"locations":[{"start":{"line":332,"column":52},"end":{"line":354,"column":22}}]},"60":{"type":"branch","line":333,"loc":{"start":{"line":333,"column":53},"end":{"line":351,"column":5}},"locations":[{"start":{"line":333,"column":53},"end":{"line":351,"column":5}}]},"61":{"type":"branch","line":336,"loc":{"start":{"line":336,"column":93},"end":{"line":349,"column":9}},"locations":[{"start":{"line":336,"column":93},"end":{"line":349,"column":9}}]},"62":{"type":"branch","line":342,"loc":{"start":{"line":342,"column":26},"end":{"line":348,"column":11}},"locations":[{"start":{"line":342,"column":26},"end":{"line":348,"column":11}}]},"63":{"type":"branch","line":344,"loc":{"start":{"line":344,"column":38},"end":{"line":347,"column":15}},"locations":[{"start":{"line":344,"column":38},"end":{"line":347,"column":15}}]},"64":{"type":"branch","line":354,"loc":{"start":{"line":354,"column":22},"end":{"line":368,"column":5}},"locations":[{"start":{"line":354,"column":22},"end":{"line":368,"column":5}}]},"65":{"type":"branch","line":326,"loc":{"start":{"line":326,"column":16},"end":{"line":326,"column":60}},"locations":[{"start":{"line":326,"column":16},"end":{"line":326,"column":60}}]},"66":{"type":"branch","line":326,"loc":{"start":{"line":326,"column":35},"end":{"line":326,"column":60}},"locations":[{"start":{"line":326,"column":35},"end":{"line":326,"column":60}}]},"67":{"type":"branch","line":327,"loc":{"start":{"line":327,"column":13},"end":{"line":327,"column":38}},"locations":[{"start":{"line":327,"column":13},"end":{"line":327,"column":38}}]},"68":{"type":"branch","line":340,"loc":{"start":{"line":340,"column":48},"end":{"line":340,"column":106}},"locations":[{"start":{"line":340,"column":48},"end":{"line":340,"column":106}}]},"69":{"type":"branch","line":374,"loc":{"start":{"line":374,"column":10},"end":{"line":377,"column":3}},"locations":[{"start":{"line":374,"column":10},"end":{"line":377,"column":3}}]},"70":{"type":"branch","line":375,"loc":{"start":{"line":375,"column":56},"end":{"line":375,"column":86}},"locations":[{"start":{"line":375,"column":56},"end":{"line":375,"column":86}}]},"71":{"type":"branch","line":384,"loc":{"start":{"line":384,"column":9},"end":{"line":775,"column":3}},"locations":[{"start":{"line":384,"column":9},"end":{"line":775,"column":3}}]},"72":{"type":"branch","line":385,"loc":{"start":{"line":385,"column":41},"end":{"line":385,"column":48}},"locations":[{"start":{"line":385,"column":41},"end":{"line":385,"column":48}}]},"73":{"type":"branch","line":385,"loc":{"start":{"line":385,"column":41},"end":{"line":767,"column":34}},"locations":[{"start":{"line":385,"column":41},"end":{"line":767,"column":34}}]},"74":{"type":"branch","line":767,"loc":{"start":{"line":767,"column":34},"end":{"line":774,"column":5}},"locations":[{"start":{"line":767,"column":34},"end":{"line":774,"column":5}}]},"75":{"type":"branch","line":769,"loc":{"start":{"line":769,"column":10},"end":{"line":769,"column":62}},"locations":[{"start":{"line":769,"column":10},"end":{"line":769,"column":62}}]},"76":{"type":"branch","line":769,"loc":{"start":{"line":769,"column":62},"end":{"line":773,"column":7}},"locations":[{"start":{"line":769,"column":62},"end":{"line":773,"column":7}}]},"77":{"type":"branch","line":771,"loc":{"start":{"line":771,"column":6},"end":{"line":773,"column":7}},"locations":[{"start":{"line":771,"column":6},"end":{"line":773,"column":7}}]},"78":{"type":"branch","line":394,"loc":{"start":{"line":394,"column":23},"end":{"line":423,"column":12}},"locations":[{"start":{"line":394,"column":23},"end":{"line":423,"column":12}}]},"79":{"type":"branch","line":396,"loc":{"start":{"line":396,"column":38},"end":{"line":396,"column":45}},"locations":[{"start":{"line":396,"column":38},"end":{"line":396,"column":45}}]},"80":{"type":"branch","line":399,"loc":{"start":{"line":399,"column":29},"end":{"line":399,"column":62}},"locations":[{"start":{"line":399,"column":29},"end":{"line":399,"column":62}}]},"81":{"type":"branch","line":399,"loc":{"start":{"line":399,"column":62},"end":{"line":407,"column":7}},"locations":[{"start":{"line":399,"column":62},"end":{"line":407,"column":7}}]},"82":{"type":"branch","line":407,"loc":{"start":{"line":407,"column":6},"end":{"line":418,"column":13}},"locations":[{"start":{"line":407,"column":6},"end":{"line":418,"column":13}}]},"83":{"type":"branch","line":413,"loc":{"start":{"line":413,"column":27},"end":{"line":413,"column":85}},"locations":[{"start":{"line":413,"column":27},"end":{"line":413,"column":85}}]},"84":{"type":"branch","line":413,"loc":{"start":{"line":413,"column":55},"end":{"line":413,"column":85}},"locations":[{"start":{"line":413,"column":55},"end":{"line":413,"column":85}}]},"85":{"type":"branch","line":413,"loc":{"start":{"line":413,"column":85},"end":{"line":417,"column":9}},"locations":[{"start":{"line":413,"column":85},"end":{"line":417,"column":9}}]},"86":{"type":"branch","line":418,"loc":{"start":{"line":418,"column":6},"end":{"line":423,"column":11}},"locations":[{"start":{"line":418,"column":6},"end":{"line":423,"column":11}}]},"87":{"type":"branch","line":427,"loc":{"start":{"line":427,"column":29},"end":{"line":432,"column":5}},"locations":[{"start":{"line":427,"column":29},"end":{"line":432,"column":5}}]},"88":{"type":"branch","line":429,"loc":{"start":{"line":429,"column":68},"end":{"line":429,"column":84}},"locations":[{"start":{"line":429,"column":68},"end":{"line":429,"column":84}}]},"89":{"type":"branch","line":430,"loc":{"start":{"line":430,"column":24},"end":{"line":430,"column":57}},"locations":[{"start":{"line":430,"column":24},"end":{"line":430,"column":57}}]},"90":{"type":"branch","line":437,"loc":{"start":{"line":437,"column":28},"end":{"line":437,"column":59}},"locations":[{"start":{"line":437,"column":28},"end":{"line":437,"column":59}}]},"91":{"type":"branch","line":444,"loc":{"start":{"line":444,"column":29},"end":{"line":732,"column":5}},"locations":[{"start":{"line":444,"column":29},"end":{"line":732,"column":5}}]},"92":{"type":"branch","line":445,"loc":{"start":{"line":445,"column":79},"end":{"line":445,"column":86}},"locations":[{"start":{"line":445,"column":79},"end":{"line":445,"column":86}}]},"93":{"type":"branch","line":462,"loc":{"start":{"line":462,"column":49},"end":{"line":462,"column":73}},"locations":[{"start":{"line":462,"column":49},"end":{"line":462,"column":73}}]},"94":{"type":"branch","line":464,"loc":{"start":{"line":464,"column":10},"end":{"line":464,"column":41}},"locations":[{"start":{"line":464,"column":10},"end":{"line":464,"column":41}}]},"95":{"type":"branch","line":464,"loc":{"start":{"line":464,"column":41},"end":{"line":482,"column":17}},"locations":[{"start":{"line":464,"column":41},"end":{"line":482,"column":17}}]},"96":{"type":"branch","line":477,"loc":{"start":{"line":477,"column":43},"end":{"line":477,"column":72}},"locations":[{"start":{"line":477,"column":43},"end":{"line":477,"column":72}}]},"97":{"type":"branch","line":477,"loc":{"start":{"line":477,"column":59},"end":{"line":477,"column":122}},"locations":[{"start":{"line":477,"column":59},"end":{"line":477,"column":122}}]},"98":{"type":"branch","line":477,"loc":{"start":{"line":477,"column":117},"end":{"line":477,"column":170}},"locations":[{"start":{"line":477,"column":117},"end":{"line":477,"column":170}}]},"99":{"type":"branch","line":482,"loc":{"start":{"line":482,"column":6},"end":{"line":497,"column":7}},"locations":[{"start":{"line":482,"column":6},"end":{"line":497,"column":7}}]},"100":{"type":"branch","line":482,"loc":{"start":{"line":482,"column":29},"end":{"line":492,"column":13}},"locations":[{"start":{"line":482,"column":29},"end":{"line":492,"column":13}}]},"101":{"type":"branch","line":485,"loc":{"start":{"line":485,"column":37},"end":{"line":491,"column":11}},"locations":[{"start":{"line":485,"column":37},"end":{"line":491,"column":11}}]},"102":{"type":"branch","line":487,"loc":{"start":{"line":487,"column":43},"end":{"line":487,"column":72}},"locations":[{"start":{"line":487,"column":43},"end":{"line":487,"column":72}}]},"103":{"type":"branch","line":487,"loc":{"start":{"line":487,"column":59},"end":{"line":487,"column":138}},"locations":[{"start":{"line":487,"column":59},"end":{"line":487,"column":138}}]},"104":{"type":"branch","line":487,"loc":{"start":{"line":487,"column":133},"end":{"line":487,"column":202}},"locations":[{"start":{"line":487,"column":133},"end":{"line":487,"column":202}}]},"105":{"type":"branch","line":492,"loc":{"start":{"line":492,"column":6},"end":{"line":497,"column":7}},"locations":[{"start":{"line":492,"column":6},"end":{"line":497,"column":7}}]},"106":{"type":"branch","line":494,"loc":{"start":{"line":494,"column":40},"end":{"line":494,"column":85}},"locations":[{"start":{"line":494,"column":40},"end":{"line":494,"column":85}}]},"107":{"type":"branch","line":494,"loc":{"start":{"line":494,"column":77},"end":{"line":494,"column":117}},"locations":[{"start":{"line":494,"column":77},"end":{"line":494,"column":117}}]},"108":{"type":"branch","line":494,"loc":{"start":{"line":494,"column":117},"end":{"line":496,"column":11}},"locations":[{"start":{"line":494,"column":117},"end":{"line":496,"column":11}}]},"109":{"type":"branch","line":501,"loc":{"start":{"line":501,"column":35},"end":{"line":501,"column":73}},"locations":[{"start":{"line":501,"column":35},"end":{"line":501,"column":73}}]},"110":{"type":"branch","line":501,"loc":{"start":{"line":501,"column":73},"end":{"line":506,"column":17}},"locations":[{"start":{"line":501,"column":73},"end":{"line":506,"column":17}}]},"111":{"type":"branch","line":506,"loc":{"start":{"line":506,"column":42},"end":{"line":506,"column":84}},"locations":[{"start":{"line":506,"column":42},"end":{"line":506,"column":84}}]},"112":{"type":"branch","line":506,"loc":{"start":{"line":506,"column":79},"end":{"line":506,"column":110}},"locations":[{"start":{"line":506,"column":79},"end":{"line":506,"column":110}}]},"113":{"type":"branch","line":506,"loc":{"start":{"line":506,"column":110},"end":{"line":606,"column":7}},"locations":[{"start":{"line":506,"column":110},"end":{"line":606,"column":7}}]},"114":{"type":"branch","line":512,"loc":{"start":{"line":512,"column":31},"end":{"line":512,"column":72}},"locations":[{"start":{"line":512,"column":31},"end":{"line":512,"column":72}}]},"115":{"type":"branch","line":512,"loc":{"start":{"line":512,"column":72},"end":{"line":518,"column":12}},"locations":[{"start":{"line":512,"column":72},"end":{"line":518,"column":12}}]},"116":{"type":"branch","line":521,"loc":{"start":{"line":521,"column":15},"end":{"line":521,"column":53}},"locations":[{"start":{"line":521,"column":15},"end":{"line":521,"column":53}}]},"117":{"type":"branch","line":521,"loc":{"start":{"line":521,"column":53},"end":{"line":572,"column":11}},"locations":[{"start":{"line":521,"column":53},"end":{"line":572,"column":11}}]},"118":{"type":"branch","line":524,"loc":{"start":{"line":524,"column":48},"end":{"line":571,"column":15}},"locations":[{"start":{"line":524,"column":48},"end":{"line":571,"column":15}}]},"119":{"type":"branch","line":575,"loc":{"start":{"line":575,"column":15},"end":{"line":575,"column":60}},"locations":[{"start":{"line":575,"column":15},"end":{"line":575,"column":60}}]},"120":{"type":"branch","line":575,"loc":{"start":{"line":575,"column":60},"end":{"line":605,"column":11}},"locations":[{"start":{"line":575,"column":60},"end":{"line":605,"column":11}}]},"121":{"type":"branch","line":575,"loc":{"start":{"line":575,"column":60},"end":{"line":595,"column":21}},"loca
[...]
,"end":{"line":592,"column":46}},"592":{"start":{"line":593,"column":0},"end":{"line":593,"column":31}},"593":{"start":{"line":594,"column":0},"end":{"line":594,"column":11}},"594":{"start":{"line":595,"column":0},"end":{"line":595,"column":55}},"595":{"start":{"line":596,"column":0},"end":{"line":596,"column":36}},"596":{"start":{"line":597,"column":0},"end":{"line":597,"column":21}},"597":{"start":{"line":598,"column":0},"end":{"line":598,"column":27}},"598":{"start":{"line":599,"column":0},"end":{"line":599,"column":40}},"599":{"start":{"line":600,"column":0},"end":{"line":600,"column":7}},"600":{"start":{"line":601,"column":0},"end":{"line":601,"column":38}},"601":{"start":{"line":602,"column":0},"end":{"line":602,"column":65}},"602":{"start":{"line":603,"column":0},"end":{"line":603,"column":36}},"603":{"start":{"line":604,"column":0},"end":{"line":604,"column":12}},"604":{"start":{"line":605,"column":0},"end":{"line":605,"column":51}},"605":{"start":{"line":606,"column":0},"end":{"line":606,"column":5}},"606":{"start":{"line":607,"column":0},"end":{"line":607,"column":5}},"608":{"start":{"line":609,"column":0},"end":{"line":609,"column":97}},"610":{"start":{"line":611,"column":0},"end":{"line":611,"column":77}},"611":{"start":{"line":612,"column":0},"end":{"line":612,"column":46}},"612":{"start":{"line":613,"column":0},"end":{"line":613,"column":17}},"613":{"start":{"line":614,"column":0},"end":{"line":614,"column":51}},"614":{"start":{"line":615,"column":0},"end":{"line":615,"column":66}},"615":{"start":{"line":616,"column":0},"end":{"line":616,"column":44}},"616":{"start":{"line":617,"column":0},"end":{"line":617,"column":44}},"617":{"start":{"line":618,"column":0},"end":{"line":618,"column":19}},"618":{"start":{"line":619,"column":0},"end":{"line":619,"column":58}},"619":{"start":{"line":620,"column":0},"end":{"line":620,"column":16}},"620":{"start":{"line":621,"column":0},"end":{"line":621,"column":31}},"621":{"start":{"line":622,"column":0},"end":{"line":622,"column":12}},"622":{"start":{"line":623,"column":0},"end":{"line":623,"column":29}},"623":{"start":{"line":624,"column":0},"end":{"line":624,"column":5}},"624":{"start":{"line":625,"column":0},"end":{"line":625,"column":5}},"626":{"start":{"line":627,"column":0},"end":{"line":627,"column":83}},"627":{"start":{"line":628,"column":0},"end":{"line":628,"column":50}},"628":{"start":{"line":629,"column":0},"end":{"line":629,"column":59}},"629":{"start":{"line":630,"column":0},"end":{"line":630,"column":15}},"630":{"start":{"line":631,"column":0},"end":{"line":631,"column":38}},"631":{"start":{"line":632,"column":0},"end":{"line":632,"column":34}},"632":{"start":{"line":633,"column":0},"end":{"line":633,"column":13}},"633":{"start":{"line":634,"column":0},"end":{"line":634,"column":72}},"634":{"start":{"line":635,"column":0},"end":{"line":635,"column":44}},"635":{"start":{"line":636,"column":0},"end":{"line":636,"column":45}},"637":{"start":{"line":638,"column":0},"end":{"line":638,"column":40}},"640":{"start":{"line":641,"column":0},"end":{"line":641,"column":26}},"641":{"start":{"line":642,"column":0},"end":{"line":642,"column":88}},"642":{"start":{"line":643,"column":0},"end":{"line":643,"column":45}},"643":{"start":{"line":644,"column":0},"end":{"line":644,"column":39}},"644":{"start":{"line":645,"column":0},"end":{"line":645,"column":11}},"645":{"start":{"line":646,"column":0},"end":{"line":646,"column":23}},"646":{"start":{"line":647,"column":0},"end":{"line":647,"column":29}},"647":{"start":{"line":648,"column":0},"end":{"line":648,"column":35}},"648":{"start":{"line":649,"column":0},"end":{"line":649,"column":9}},"649":{"start":{"line":650,"column":0},"end":{"line":650,"column":8}},"650":{"start":{"line":651,"column":0},"end":{"line":651,"column":30}},"651":{"start":{"line":652,"column":0},"end":{"line":652,"column":5}},"652":{"start":{"line":653,"column":0},"end":{"line":653,"column":5}},"655":{"start":{"line":656,"column":0},"end":{"line":656,"column":56}},"656":{"start":{"line":657,"column":0},"end":{"line":657,"column":79}},"659":{"start":{"line":660,"column":0},"end":{"line":660,"column":47}},"660":{"start":{"line":661,"column":0},"end":{"line":661,"column":57}},"661":{"start":{"line":662,"column":0},"end":{"line":662,"column":45}},"662":{"start":{"line":663,"column":0},"end":{"line":663,"column":35}},"663":{"start":{"line":664,"column":0},"end":{"line":664,"column":40}},"665":{"start":{"line":666,"column":0},"end":{"line":666,"column":57}},"666":{"start":{"line":667,"column":0},"end":{"line":667,"column":37}},"667":{"start":{"line":668,"column":0},"end":{"line":668,"column":36}},"668":{"start":{"line":669,"column":0},"end":{"line":669,"column":42}},"669":{"start":{"line":670,"column":0},"end":{"line":670,"column":63}},"670":{"start":{"line":671,"column":0},"end":{"line":671,"column":18}},"672":{"start":{"line":673,"column":0},"end":{"line":673,"column":65}},"673":{"start":{"line":674,"column":0},"end":{"line":674,"column":33}},"674":{"start":{"line":675,"column":0},"end":{"line":675,"column":15}},"675":{"start":{"line":676,"column":0},"end":{"line":676,"column":11}},"676":{"start":{"line":677,"column":0},"end":{"line":677,"column":9}},"677":{"start":{"line":678,"column":0},"end":{"line":678,"column":12}},"679":{"start":{"line":680,"column":0},"end":{"line":680,"column":33}},"680":{"start":{"line":681,"column":0},"end":{"line":681,"column":35}},"681":{"start":{"line":682,"column":0},"end":{"line":682,"column":9}},"682":{"start":{"line":683,"column":0},"end":{"line":683,"column":5}},"683":{"start":{"line":684,"column":0},"end":{"line":684,"column":5}},"686":{"start":{"line":687,"column":0},"end":{"line":687,"column":34}},"689":{"start":{"line":690,"column":0},"end":{"line":690,"column":36}},"690":{"start":{"line":691,"column":0},"end":{"line":691,"column":42}},"691":{"start":{"line":692,"column":0},"end":{"line":692,"column":19}},"692":{"start":{"line":693,"column":0},"end":{"line":693,"column":44}},"693":{"start":{"line":694,"column":0},"end":{"line":694,"column":46}},"694":{"start":{"line":695,"column":0},"end":{"line":695,"column":51}},"695":{"start":{"line":696,"column":0},"end":{"line":696,"column":59}},"696":{"start":{"line":697,"column":0},"end":{"line":697,"column":59}},"697":{"start":{"line":698,"column":0},"end":{"line":698,"column":60}},"698":{"start":{"line":699,"column":0},"end":{"line":699,"column":73}},"699":{"start":{"line":700,"column":0},"end":{"line":700,"column":40}},"700":{"start":{"line":701,"column":0},"end":{"line":701,"column":44}},"703":{"start":{"line":704,"column":0},"end":{"line":704,"column":93}},"704":{"start":{"line":705,"column":0},"end":{"line":705,"column":70}},"706":{"start":{"line":707,"column":0},"end":{"line":707,"column":72}},"707":{"start":{"line":708,"column":0},"end":{"line":708,"column":93}},"709":{"start":{"line":710,"column":0},"end":{"line":710,"column":82}},"710":{"start":{"line":711,"column":0},"end":{"line":711,"column":83}},"711":{"start":{"line":712,"column":0},"end":{"line":712,"column":64}},"712":{"start":{"line":713,"column":0},"end":{"line":713,"column":65}},"714":{"start":{"line":715,"column":0},"end":{"line":715,"column":92}},"715":{"start":{"line":716,"column":0},"end":{"line":716,"column":59}},"717":{"start":{"line":718,"column":0},"end":{"line":718,"column":97}},"718":{"start":{"line":719,"column":0},"end":{"line":719,"column":67}},"720":{"start":{"line":721,"column":0},"end":{"line":721,"column":97}},"721":{"start":{"line":722,"column":0},"end":{"line":722,"column":67}},"724":{"start":{"line":725,"column":0},"end":{"line":725,"column":68}},"725":{"start":{"line":726,"column":0},"end":{"line":726,"column":14}},"727":{"start":{"line":728,"column":0},"end":{"line":728,"column":65}},"728":{"start":{"line":729,"column":0},"end":{"line":729,"column":7}},"729":{"start":{"line":730,"column":0},"end":{"line":730,"column":4}},"731":{"start":{"line":732,"column":0},"end":{"line":732,"column":23}},"732":{"start":{"line":733,"column":0},"end":{"line":733,"column":3}}},"s":{"0":0,"1":0,"2":0,"3":0,"4":0,"5":0,"6":0,"7":0,"10":0,"13":0,"14":0,"15":0,"16":0,"17":0,"19":0,"20":0,"21":0,"23":0,"24":0,"25":0,"27":0,"28":0,"32":0,"33":0,"34":0,"37":0,"38":0,"39":0,"40":0,"41":0,"43":0,"44":0,"46":0,"47":0,"48":0,"49":0,"50":0,"51":0,"52":0,"53":0,"54":0,"56":0,"57":0,"58":0,"60":0,"61":0,"62":0,"63":0,"64":0,"65":0,"66":0,"67":0,"68":0,"70":0,"71":0,"72":0,"73":0,"74":0,"75":0,"76":0,"77":0,"79":0,"80":0,"81":0,"82":0,"83":0,"84":0,"87":0,"89":0,"90":0,"91":0,"92":0,"93":0,"94":0,"95":0,"96":0,"97":0,"98":0,"101":0,"102":0,"103":0,"105":0,"106":0,"107":0,"112":0,"113":0,"114":0,"115":0,"116":0,"117":0,"119":0,"120":0,"121":0,"122":0,"124":0,"125":0,"126":0,"127":0,"128":0,"130":0,"131":0,"138":0,"141":0,"142":0,"143":0,"144":0,"145":0,"146":0,"147":0,"148":0,"149":0,"150":0,"153":0,"154":0,"155":0,"156":0,"157":0,"158":0,"159":0,"160":0,"161":0,"162":0,"163":0,"166":0,"167":0,"169":0,"170":0,"171":0,"172":0,"173":0,"174":0,"176":0,"178":0,"180":0,"183":0,"184":0,"186":0,"187":0,"189":0,"191":0,"192":0,"193":0,"195":0,"197":0,"198":0,"199":0,"201":0,"202":0,"203":0,"206":0,"207":0,"208":0,"210":0,"211":0,"218":0,"219":0,"220":0,"221":0,"223":0,"229":0,"230":0,"244":0,"245":0,"246":0,"247":0,"248":0,"249":0,"250":0,"251":0,"252":0,"253":0,"254":0,"255":0,"256":0,"259":0,"260":0,"262":0,"263":0,"265":0,"266":0,"267":0,"270":0,"271":0,"272":0,"273":0,"274":0,"275":0,"276":0,"277":0,"279":0,"280":0,"281":0,"282":0,"283":0,"284":0,"285":0,"286":0,"287":0,"288":0,"289":0,"290":0,"291":0,"293":0,"294":0,"296":0,"298":0,"299":0,"300":0,"301":0,"303":0,"304":0,"305":0,"306":0,"308":0,"309":0,"310":0,"311":0,"312":0,"313":0,"314":0,"316":0,"317":0,"318":0,"319":0,"320":0,"321":0,"322":0,"323":0,"324":0,"325":0,"326":0,"327":0,"331":0,"334":0,"335":0,"336":0,"337":0,"338":0,"339":0,"341":0,"342":0,"343":0,"344":0,"345":0,"346":0,"349":0,"350":0,"351":0,"352":0,"353":0,"354":0,"355":0,"356":0,"357":0,"358":0,"359":0,"362":0,"363":0,"366":0,"367":0,"368":0,"371":0,"372":0,"373":0,"374":0,"375":0,"376":0,"377":0,"378":0,"379":0,"380":0,"381":0,"382":0,"385":0,"386":0,"388":0,"394":0,"395":0,"398":0,"400":0,"401":0,"402":0,"403":0,"404":0,"406":0,"409":0,"412":0,"413":0,"414":0,"415":0,"416":0,"419":0,"420":0,"421":0,"425":0,"427":0,"428":0,"429":0,"430":0,"431":0,"433":0,"434":0,"435":0,"436":0,"437":0,"438":0,"439":0,"440":0,"443":0,"444":0,"445":0,"446":0,"450":0,"451":0,"452":0,"453":0,"454":0,"455":0,"456":0,"458":0,"460":0,"461":0,"462":0,"463":0,"469":0,"470":0,"471":0,"472":0,"473":0,"490":0,"491":0,"492":0,"493":0,"496":0,"497":0,"498":0,"499":0,"500":0,"501":0,"502":0,"503":0,"504":0,"505":0,"508":0,"509":0,"510":0,"511":0,"512":0,"513":0,"514":0,"515":0,"516":0,"517":0,"518":0,"519":0,"520":0,"521":0,"522":0,"523":0,"525":0,"526":0,"527":0,"528":0,"529":0,"530":0,"533":0,"534":0,"535":0,"536":0,"537":0,"538":0,"539":0,"540":0,"541":0,"542":0,"543":0,"544":0,"545":0,"546":0,"548":0,"549":0,"550":0,"551":0,"552":0,"553":0,"554":0,"555":0,"556":0,"558":0,"559":0,"560":0,"561":0,"562":0,"563":0,"564":0,"565":0,"566":0,"567":0,"568":0,"569":0,"571":0,"572":0,"573":0,"574":0,"575":0,"577":0,"578":0,"579":0,"580":0,"581":0,"582":0,"583":0,"584":0,"585":0,"587":0,"591":0,"592":0,"593":0,"594":0,"595":0,"596":0,"597":0,"598":0,"599":0,"600":0,"601":0,"602":0,"603":0,"604":0,"605":0,"606":0,"608":0,"610":0,"611":0,"612":0,"613":0,"614":0,"615":0,"616":0,"617":0,"618":0,"619":0,"620":0,"621":0,"622":0,"623":0,"624":0,"626":0,"627":0,"628":0,"629":0,"630":0,"631":0,"632":0,"633":0,"634":0,"635":0,"637":0,"640":0,"641":0,"642":0,"643":0,"644":0,"645":0,"646":0,"647":0,"648":0,"649":0,"650":0,"651":0,"652":0,"655":0,"656":0,"659":0,"660":0,"661":0,"662":0,"663":0,"665":0,"666":0,"667":0,"668":0,"669":0,"670":0,"672":0,"673":0,"674":0,"675":0,"676":0,"677":0,"679":0,"680":0,"681":0,"682":0,"683":0,"686":0,"689":0,"690":0,"691":0,"692":0,"693":0,"694":0,"695":0,"696":0,"697":0,"698":0,"699":0,"700":0,"703":0,"704":0,"706":0,"707":0,"709":0,"710":0,"711":0,"712":0,"714":0,"715":0,"717":0,"718":0,"720":0,"721":0,"724":0,"725":0,"727":0,"728":0,"729":0,"731":0,"732":0},"branchMap":{"0":{"type":"branch","line":1,"loc":{"start":{"line":1,"column":29485},"end":{"line":733,"column":3}},"locations":[{"start":{"line":1,"column":29485},"end":{"line":733,"column":3}}]}},"b":{"0":[0]},"fnMap":{"0":{"name":"(empty-report)","decl":{"start":{"line":1,"column":29485},"end":{"line":733,"column":3}},"loc":{"start":{"line":1,"column":29485},"end":{"line":733,"column":3}},"line":1}},"f":{"0":0}}
,"/home/rkj/xenopurge-gemini/src/shared/PRNG.ts": {"path":"/home/rkj/xenopurge-gemini/src/shared/PRNG.ts","all":false,"statementMap":{"0":{"start":{"line":1,"column":0},"end":{"line":1,"column":19}},"1":{"start":{"line":2,"column":0},"end":{"line":2,"column":23}},"3":{"start":{"line":4,"column":0},"end":{"line":4,"column":29}},"4":{"start":{"line":5,"column":0},"end":{"line":5,"column":21}},"5":{"start":{"line":6,"column":0},"end":{"line":6,"column":3}},"8":{"start":{"line":9,"column":0},"end":{"line":9,"column":25}},"9":{"start":{"line":10,"column":0},"end":{"line":10,"column":64}},"10":{"start":{"line":11,"column":0},"end":{"line":11,"column":34}},"11":{"start":{"line":12,"column":0},"end":{"line":12,"column":3}},"13":{"start":{"line":14,"column":0},"end":{"line":14,"column":52}},"14":{"start":{"line":15,"column":0},"end":{"line":15,"column":59}},"15":{"start":{"line":16,"column":0},"end":{"line":16,"column":3}},"17":{"start":{"line":18,"column":0},"end":{"line":18,"column":38}},"18":{"start":{"line":19,"column":0},"end":{"line":19,"column":36}},"19":{"start":{"line":20,"column":0},"end":{"line":20,"column":28}},"22":{"start":{"line":23,"column":0},"end":{"line":23,"column":32}},"24":{"start":{"line":25,"column":0},"end":{"line":25,"column":59}},"25":{"start":{"line":26,"column":0},"end":{"line":26,"column":21}},"28":{"start":{"line":29,"column":0},"end":{"line":29,"column":92}},"29":{"start":{"line":30,"column":0},"end":{"line":30,"column":5}},"31":{"start":{"line":32,"column":0},"end":{"line":32,"column":17}},"32":{"start":{"line":33,"column":0},"end":{"line":33,"column":3}},"33":{"start":{"line":34,"column":0},"end":{"line":34,"column":1}}},"s":{"0":1,"1":1,"3":1,"4":601,"5":601,"8":1,"9":850755,"10":850755,"11":850755,"13":1,"14":721149,"15":721149,"17":1,"18":40122,"19":40122,"22":40122,"24":62380,"25":62380,"28":62380,"29":62380,"31":40122,"32":40122,"33":1},"branchMap":{"0":{"type":"branch","line":2,"loc":{"start":{"line":2,"column":10},"end":{"line":2,"column":23}},"locations":[{"start":{"line":2,"column":10},"end":{"line":2,"column":23}}]},"1":{"type":"branch","line":4,"loc":{"start":{"line":4,"column":2},"end":{"line":6,"column":3}},"locations":[{"start":{"line":4,"column":2},"end":{"line":6,"column":3}}]},"2":{"type":"branch","line":9,"loc":{"start":{"line":9,"column":9},"end":{"line":12,"column":3}},"locations":[{"start":{"line":9,"column":9},"end":{"line":12,"column":3}}]},"3":{"type":"branch","line":14,"loc":{"start":{"line":14,"column":9},"end":{"line":16,"column":3}},"locations":[{"start":{"line":14,"column":9},"end":{"line":16,"column":3}}]},"4":{"type":"branch","line":18,"loc":{"start":{"line":18,"column":9},"end":{"line":33,"column":3}},"locations":[{"start":{"line":18,"column":9},"end":{"line":33,"column":3}}]},"5":{"type":"branch","line":23,"loc":{"start":{"line":23,"column":31},"end":{"line":30,"column":5}},"locations":[{"start":{"line":23,"column":31},"end":{"line":30,"column":5}}]}},"b":{"0":[601],"1":[601],"2":[850755],"3":[721149],"4":[40122],"5":[62380]},"fnMap":{"0":{"name":"<instance_members_initializer>","decl":{"start":{"line":2,"column":10},"end":{"line":2,"column":23}},"loc":{"start":{"line":2,"column":10},"end":{"line":2,"column":23}},"line":2},"1":{"name":"PRNG","decl":{"start":{"line":4,"column":2},"end":{"line":6,"column":3}},"loc":{"start":{"line":4,"column":2},"end":{"line":6,"column":3}},"line":4},"2":{"name":"next","decl":{"start":{"line":9,"column":9},"end":{"line":12,"column":3}},"loc":{"start":{"line":9,"column":9},"end":{"line":12,"column":3}},"line":9},"3":{"name":"nextInt","decl":{"start":{"line":14,"column":9},"end":{"line":16,"column":3}},"loc":{"start":{"line":14,"column":9},"end":{"line":16,"column":3}},"line":14},"4":{"name":"shuffle","decl":{"start":{"line":18,"column":9},"end":{"line":33,"column":3}},"loc":{"start":{"line":18,"column":9},"end":{"line":33,"column":3}},"line":18}},"f":{"0":601,"1":601,"2":850755,"3":721149,"4":40122}}
,"/home/rkj/xenopurge-gemini/src/shared/types.ts": {"path":"/home/rkj/xenopurge-gemini/src/shared/types.ts","all":false,"statementMap":{"2":{"start":{"line":3,"column":0},"end":{"line":3,"column":22}},"3":{"start":{"line":4,"column":0},"end":{"line":4,"column":51}},"4":{"start":{"line":5,"column":0},"end":{"line":5,"column":18}},"33":{"start":{"line":34,"column":0},"end":{"line":34,"column":30}},"34":{"start":{"line":35,"column":0},"end":{"line":35,"column":28}},"35":{"start":{"line":36,"column":0},"end":{"line":36,"column":20}},"36":{"start":{"line":37,"column":0},"end":{"line":37,"column":24}},"70":{"start":{"line":71,"column":0},"end":{"line":71,"column":23}},"71":{"start":{"line":72,"column":0},"end":{"line":72,"column":16}},"72":{"start":{"line":73,"column":0},"end":{"line":73,"column":20}},"73":{"start":{"line":74,"column":0},"end":{"line":74,"column":26}},"74":{"start":{"line":75,"column":0},"end":{"line":75,"column":45}},"75":{"start":{"line":76,"column":0},"end":{"line":76,"column":27}},"76":{"start":{"line":77,"column":0},"end":{"line":77,"column":17}},"159":{"start":{"line":160,"column":0},"end":{"line":160,"column":62}},"160":{"start":{"line":161,"column":0},"end":{"line":161,"column":129}},"161":{"start":{"line":162,"column":0},"end":{"line":162,"column":125}},"162":{"start":{"line":163,"column":0},"end":{"line":163,"column":124}},"163":{"start":{"line":164,"column":0},"end":{"line":164,"column":2}},"169":{"start":{"line":170,"column":0},"end":{"line":170,"column":25}},"170":{"start":{"line":171,"column":0},"end":{"line":171,"column":22}},"171":{"start":{"line":172,"column":0},"end":{"line":172,"column":40}},"172":{"start":{"line":173,"column":0},"end":{"line":173,"column":30}},"184":{"start":{"line":185,"column":0},"end":{"line":185,"column":25}},"185":{"start":{"line":186,"column":0},"end":{"line":186,"column":22}},"186":{"start":{"line":187,"column":0},"end":{"line":187,"column":26}},"187":{"start":{"line":188,"column":0},"end":{"line":188,"column":26}},"188":{"start":{"line":189,"column":0},"end":{"line":189,"column":34}},"189":{"start":{"line":190,"column":0},"end":{"line":190,"column":36}},"190":{"start":{"line":191,"column":0},"end":{"line":191,"column":23}}},"s":{"2":1,"3":1,"4":1,"33":1,"34":1,"35":1,"36":1,"70":1,"71":1,"72":1,"73":1,"74":1,"75":1,"76":1,"159":1,"160":1,"161":1,"162":1,"163":1,"169":1,"170":1,"171":1,"172":1,"184":1,"185":1,"186":1,"187":1,"188":1,"189":1,"190":1},"branchMap":{"0":{"type":"branch","line":3,"loc":{"start":{"line":3,"column":7},"end":{"line":3,"column":22}},"locations":[{"start":{"line":3,"column":7},"end":{"line":3,"column":22}}]},"1":{"type":"branch","line":34,"loc":{"start":{"line":34,"column":7},"end":{"line":34,"column":30}},"locations":[{"start":{"line":34,"column":7},"end":{"line":34,"column":30}}]},"2":{"type":"branch","line":71,"loc":{"start":{"line":71,"column":7},"end":{"line":71,"column":23}},"locations":[{"start":{"line":71,"column":7},"end":{"line":71,"column":23}}]},"3":{"type":"branch","line":170,"loc":{"start":{"line":170,"column":7},"end":{"line":170,"column":25}},"locations":[{"start":{"line":170,"column":7},"end":{"line":170,"column":25}}]},"4":{"type":"branch","line":185,"loc":{"start":{"line":185,"column":7},"end":{"line":185,"column":25}},"locations":[{"start":{"line":185,"column":7},"end":{"line":185,"column":25}}]}},"b":{"0":[36],"1":[36],"2":[36],"3":[36],"4":[36]},"fnMap":{},"f":{}}
}
